2021-08-27 13:26:41,345 [main] INFO  [com.fzc.fzcstockus.FzcStockUsApplication] StartupInfoLogger.java:55 - Starting FzcStockUsApplication using Java 1.8.0_191 on FLAMENCO-XXX with PID 30712 (B:\github\flamenco\project\fzc\fzc-stock-us\target\classes started by Flamenco.xxx in B:\github\flamenco\project\fzc)
2021-08-27 13:26:41,347 [main] INFO  [com.fzc.fzcstockus.FzcStockUsApplication] SpringApplication.java:675 - No active profile set, falling back to default profiles: default
2021-08-27 13:26:41,545 [main] INFO  [o.s.boot.devtools.restart.ChangeableUrls] DeferredLog.java:255 - The Class-Path manifest attribute in C:\Users\Flamenco.xxx\.m2\repository\com\futunn\openapi\futu-api\5.4.1608\futu-api-5.4.1608.jar referenced one or more files that do not exist: file:/C:/Users/Flamenco.xxx/.m2/repository/com/futunn/openapi/futu-api/5.4.1608/protobuf-java-3.5.1.jar,file:/C:/Users/Flamenco.xxx/.m2/repository/com/futunn/openapi/futu-api/5.4.1608/jna.jar,file:/C:/Users/Flamenco.xxx/.m2/repository/com/futunn/openapi/futu-api/5.4.1608/jna-platform.jar
2021-08-27 13:26:41,546 [main] INFO  [o.s.b.d.env.DevToolsPropertyDefaultsPostProcessor] DeferredLog.java:255 - Devtools property defaults active! Set 'spring.devtools.add-properties' to 'false' to disable
2021-08-27 13:26:41,546 [main] INFO  [o.s.b.d.env.DevToolsPropertyDefaultsPostProcessor] DeferredLog.java:255 - For additional web related logging consider setting the 'logging.level.web' property to 'DEBUG'
2021-08-27 13:26:42,632 [main] INFO  [o.s.d.r.config.RepositoryConfigurationDelegate] RepositoryConfigurationDelegate.java:128 - Bootstrapping Spring Data MongoDB repositories in DEFAULT mode.
2021-08-27 13:26:42,794 [main] INFO  [o.s.d.r.config.RepositoryConfigurationDelegate] RepositoryConfigurationDelegate.java:188 - Finished Spring Data repository scanning in 150 ms. Found 3 MongoDB repository interfaces.
2021-08-27 13:26:43,158 [main] INFO  [o.springframework.cloud.context.scope.GenericScope] GenericScope.java:283 - BeanFactory id=72bda854-9c2b-322c-afb8-1d6dac279ca4
2021-08-27 13:26:44,086 [main] INFO  [o.s.boot.web.embedded.tomcat.TomcatWebServer] TomcatWebServer.java:108 - Tomcat initialized with port(s): 8084 (http)
2021-08-27 13:26:44,109 [main] INFO  [org.apache.catalina.core.StandardService] DirectJDKLog.java:173 - Starting service [Tomcat]
2021-08-27 13:26:44,109 [main] INFO  [org.apache.catalina.core.StandardEngine] DirectJDKLog.java:173 - Starting Servlet engine: [Apache Tomcat/9.0.45]
2021-08-27 13:26:44,239 [main] INFO  [o.a.c.core.ContainerBase.[Tomcat].[localhost].[/]] DirectJDKLog.java:173 - Initializing Spring embedded WebApplicationContext
2021-08-27 13:26:44,240 [main] INFO  [o.s.b.w.s.c.ServletWebServerApplicationContext] ServletWebServerApplicationContext.java:289 - Root WebApplicationContext: initialization completed in 2692 ms
2021-08-27 13:26:44,483 [main] INFO  [org.mongodb.driver.cluster] SLF4JLogger.java:71 - Cluster created with settings {hosts=[localhost:27017], mode=SINGLE, requiredClusterType=UNKNOWN, serverSelectionTimeout='30000 ms'}
2021-08-27 13:26:44,578 [cluster-rtt-ClusterId{value='6128779467ed2c3ad799f9e8', description='null'}-localhost:27017] INFO  [org.mongodb.driver.connection] SLF4JLogger.java:71 - Opened connection [connectionId{localValue:1, serverValue:2}] to localhost:27017
2021-08-27 13:26:44,578 [cluster-ClusterId{value='6128779467ed2c3ad799f9e8', description='null'}-localhost:27017] INFO  [org.mongodb.driver.connection] SLF4JLogger.java:71 - Opened connection [connectionId{localValue:2, serverValue:1}] to localhost:27017
2021-08-27 13:26:44,579 [cluster-ClusterId{value='6128779467ed2c3ad799f9e8', description='null'}-localhost:27017] INFO  [org.mongodb.driver.cluster] SLF4JLogger.java:71 - Monitor thread successfully connected to server with description ServerDescription{address=localhost:27017, type=STANDALONE, state=CONNECTED, ok=true, minWireVersion=0, maxWireVersion=13, maxDocumentSize=16777216, logicalSessionTimeoutMinutes=30, roundTripTimeNanos=34354200}
2021-08-27 13:26:44,648 [main] WARN  [org.springframework.data.convert.CustomConversions] CustomConversions.java:260 - Registering converter from class java.time.LocalDateTime to class org.joda.time.LocalDateTime as reading converter although it doesn't convert from a store-supported type! You might want to check your annotation setup at the converter implementation.
2021-08-27 13:26:44,787 [main] INFO  [o.s.b.d.autoconfigure.OptionalLiveReloadServer] OptionalLiveReloadServer.java:58 - LiveReload server is running on port 35729
2021-08-27 13:26:44,939 [main] WARN  [org.springframework.data.convert.CustomConversions] CustomConversions.java:260 - Registering converter from class java.time.LocalDateTime to class org.joda.time.LocalDateTime as reading converter although it doesn't convert from a store-supported type! You might want to check your annotation setup at the converter implementation.
2021-08-27 13:26:47,157 [main] INFO  [o.s.scheduling.concurrent.ThreadPoolTaskExecutor] ExecutorConfigurationSupport.java:181 - Initializing ExecutorService 'applicationTaskExecutor'
2021-08-27 13:26:48,028 [main] INFO  [o.s.c.n.e.c.DiscoveryClientOptionalArgsConfiguration] DiscoveryClientOptionalArgsConfiguration.java:68 - Eureka HTTP Client uses RestTemplate.
2021-08-27 13:26:48,475 [main] WARN  [o.s.c.l.c.LoadBalancerCacheAutoConfiguration$LoadBalancerCaffeineWarnLogger] LoadBalancerCacheAutoConfiguration.java:82 - Spring Cloud LoadBalancer is currently working with the default cache. You can switch to using Caffeine cache, by adding it and org.springframework.cache.caffeine.CaffeineCacheManager to the classpath.
2021-08-27 13:26:48,552 [main] INFO  [o.s.cloud.netflix.eureka.InstanceInfoFactory] InstanceInfoFactory.java:67 - Setting initial instance status as: STARTING
2021-08-27 13:26:48,604 [main] INFO  [com.netflix.discovery.DiscoveryClient] DiscoveryClient.java:372 - Initializing Eureka in region us-east-1
2021-08-27 13:26:48,613 [main] INFO  [c.n.d.shared.resolver.aws.ConfigClusterResolver] ConfigClusterResolver.java:43 - Resolving eureka endpoints via configuration
2021-08-27 13:26:48,650 [main] INFO  [com.netflix.discovery.DiscoveryClient] DiscoveryClient.java:1007 - Disable delta property : false
2021-08-27 13:26:48,650 [main] INFO  [com.netflix.discovery.DiscoveryClient] DiscoveryClient.java:1008 - Single vip registry refresh property : null
2021-08-27 13:26:48,650 [main] INFO  [com.netflix.discovery.DiscoveryClient] DiscoveryClient.java:1009 - Force full registry fetch : false
2021-08-27 13:26:48,651 [main] INFO  [com.netflix.discovery.DiscoveryClient] DiscoveryClient.java:1010 - Application is null : false
2021-08-27 13:26:48,651 [main] INFO  [com.netflix.discovery.DiscoveryClient] DiscoveryClient.java:1011 - Registered Applications size is zero : true
2021-08-27 13:26:48,651 [main] INFO  [com.netflix.discovery.DiscoveryClient] DiscoveryClient.java:1013 - Application version is -1: true
2021-08-27 13:26:48,652 [main] INFO  [com.netflix.discovery.DiscoveryClient] DiscoveryClient.java:1097 - Getting all instance registry info from the eureka server
2021-08-27 13:26:49,343 [main] INFO  [com.netflix.discovery.DiscoveryClient] DiscoveryClient.java:1106 - The response status is 200
2021-08-27 13:26:49,346 [main] INFO  [com.netflix.discovery.DiscoveryClient] DiscoveryClient.java:1321 - Starting heartbeat executor: renew interval is: 5
2021-08-27 13:26:49,350 [main] INFO  [com.netflix.discovery.InstanceInfoReplicator] InstanceInfoReplicator.java:60 - InstanceInfoReplicator onDemand update allowed rate per min is 4
2021-08-27 13:26:49,356 [main] INFO  [com.netflix.discovery.DiscoveryClient] DiscoveryClient.java:492 - Discovery Client initialized at timestamp 1630042009354 with initial instances count: 0
2021-08-27 13:26:49,359 [main] INFO  [o.s.c.n.e.serviceregistry.EurekaServiceRegistry] EurekaServiceRegistry.java:41 - Registering application FZC-STOCK-US with eureka with status UP
2021-08-27 13:26:49,360 [main] INFO  [com.netflix.discovery.DiscoveryClient] DiscoveryClient.java:1352 - Saw local status change event StatusChangeEvent [timestamp=1630042009360, current=UP, previous=STARTING]
2021-08-27 13:26:49,363 [DiscoveryClient-InstanceInfoReplicator-0] INFO  [com.netflix.discovery.DiscoveryClient] DiscoveryClient.java:873 - DiscoveryClient_FZC-STOCK-US/FLAMENCO-XXX:fzc-stock-us:8084: registering service...
2021-08-27 13:26:49,395 [main] INFO  [o.s.boot.web.embedded.tomcat.TomcatWebServer] TomcatWebServer.java:220 - Tomcat started on port(s): 8084 (http) with context path ''
2021-08-27 13:26:49,396 [main] INFO  [o.s.c.n.e.s.EurekaAutoServiceRegistration] EurekaAutoServiceRegistration.java:144 - Updating port to 8084
2021-08-27 13:26:49,611 [DiscoveryClient-InstanceInfoReplicator-0] INFO  [com.netflix.discovery.DiscoveryClient] DiscoveryClient.java:882 - DiscoveryClient_FZC-STOCK-US/FLAMENCO-XXX:fzc-stock-us:8084 - registration status: 204
2021-08-27 13:26:49,807 [main] INFO  [com.fzc.fzcstockus.FzcStockUsApplication] StartupInfoLogger.java:61 - Started FzcStockUsApplication in 9.963 seconds (JVM running for 15.963)
2021-08-27 13:27:19,359 [DiscoveryClient-CacheRefreshExecutor-0] INFO  [com.netflix.discovery.DiscoveryClient] DiscoveryClient.java:1007 - Disable delta property : false
2021-08-27 13:27:19,359 [DiscoveryClient-CacheRefreshExecutor-0] INFO  [com.netflix.discovery.DiscoveryClient] DiscoveryClient.java:1008 - Single vip registry refresh property : null
2021-08-27 13:27:19,360 [DiscoveryClient-CacheRefreshExecutor-0] INFO  [com.netflix.discovery.DiscoveryClient] DiscoveryClient.java:1009 - Force full registry fetch : false
2021-08-27 13:27:19,360 [DiscoveryClient-CacheRefreshExecutor-0] INFO  [com.netflix.discovery.DiscoveryClient] DiscoveryClient.java:1010 - Application is null : false
2021-08-27 13:27:19,360 [DiscoveryClient-CacheRefreshExecutor-0] INFO  [com.netflix.discovery.DiscoveryClient] DiscoveryClient.java:1011 - Registered Applications size is zero : true
2021-08-27 13:27:19,360 [DiscoveryClient-CacheRefreshExecutor-0] INFO  [com.netflix.discovery.DiscoveryClient] DiscoveryClient.java:1013 - Application version is -1: false
2021-08-27 13:27:19,360 [DiscoveryClient-CacheRefreshExecutor-0] INFO  [com.netflix.discovery.DiscoveryClient] DiscoveryClient.java:1097 - Getting all instance registry info from the eureka server
2021-08-27 13:27:19,386 [DiscoveryClient-CacheRefreshExecutor-0] INFO  [com.netflix.discovery.DiscoveryClient] DiscoveryClient.java:1106 - The response status is 200
2021-08-27 13:31:48,664 [AsyncResolver-bootstrap-executor-0] INFO  [c.n.d.shared.resolver.aws.ConfigClusterResolver] ConfigClusterResolver.java:43 - Resolving eureka endpoints via configuration
2021-08-27 13:35:36,907 [File Watcher] INFO  [o.s.d.r.config.RepositoryConfigurationDelegate] RepositoryConfigurationDelegate.java:128 - Bootstrapping Spring Data MongoDB repositories in DEFAULT mode.
2021-08-27 13:35:36,913 [File Watcher] INFO  [o.s.d.r.config.RepositoryConfigurationDelegate] RepositoryConfigurationDelegate.java:188 - Finished Spring Data repository scanning in 6 ms. Found 0 MongoDB repository interfaces.
2021-08-27 13:35:36,915 [File Watcher] WARN  [org.mybatis.spring.mapper.ClassPathMapperScanner] Logger.java:44 - No MyBatis mapper was found in '[com.fzc.fzcstockus.mapper]' package. Please check your configuration.
2021-08-27 13:36:48,674 [AsyncResolver-bootstrap-executor-0] INFO  [c.n.d.shared.resolver.aws.ConfigClusterResolver] ConfigClusterResolver.java:43 - Resolving eureka endpoints via configuration
2021-08-27 13:41:48,685 [AsyncResolver-bootstrap-executor-0] INFO  [c.n.d.shared.resolver.aws.ConfigClusterResolver] ConfigClusterResolver.java:43 - Resolving eureka endpoints via configuration
2021-08-27 13:46:13,026 [http-nio-8084-exec-1] INFO  [o.a.c.core.ContainerBase.[Tomcat].[localhost].[/]] DirectJDKLog.java:173 - Initializing Spring DispatcherServlet 'dispatcherServlet'
2021-08-27 13:46:13,026 [http-nio-8084-exec-1] INFO  [org.springframework.web.servlet.DispatcherServlet] FrameworkServlet.java:525 - Initializing Servlet 'dispatcherServlet'
2021-08-27 13:46:13,027 [http-nio-8084-exec-1] INFO  [org.springframework.web.servlet.DispatcherServlet] FrameworkServlet.java:547 - Completed initialization in 1 ms
2021-08-27 13:46:48,690 [AsyncResolver-bootstrap-executor-0] INFO  [c.n.d.shared.resolver.aws.ConfigClusterResolver] ConfigClusterResolver.java:43 - Resolving eureka endpoints via configuration
2021-08-27 13:51:48,693 [AsyncResolver-bootstrap-executor-0] INFO  [c.n.d.shared.resolver.aws.ConfigClusterResolver] ConfigClusterResolver.java:43 - Resolving eureka endpoints via configuration
2021-08-27 14:04:41,525 [main] INFO  [com.fzc.fzcstockus.FzcStockUsApplication] StartupInfoLogger.java:55 - Starting FzcStockUsApplication using Java 1.8.0_191 on FLAMENCO-XXX with PID 31616 (B:\github\flamenco\project\fzc\fzc-stock-us\target\classes started by Flamenco.xxx in B:\github\flamenco\project\fzc)
2021-08-27 14:04:41,528 [main] INFO  [com.fzc.fzcstockus.FzcStockUsApplication] SpringApplication.java:675 - No active profile set, falling back to default profiles: default
2021-08-27 14:04:41,716 [main] INFO  [o.s.boot.devtools.restart.ChangeableUrls] DeferredLog.java:255 - The Class-Path manifest attribute in C:\Users\Flamenco.xxx\.m2\repository\com\futunn\openapi\futu-api\5.4.1608\futu-api-5.4.1608.jar referenced one or more files that do not exist: file:/C:/Users/Flamenco.xxx/.m2/repository/com/futunn/openapi/futu-api/5.4.1608/protobuf-java-3.5.1.jar,file:/C:/Users/Flamenco.xxx/.m2/repository/com/futunn/openapi/futu-api/5.4.1608/jna.jar,file:/C:/Users/Flamenco.xxx/.m2/repository/com/futunn/openapi/futu-api/5.4.1608/jna-platform.jar
2021-08-27 14:04:41,716 [main] INFO  [o.s.b.d.env.DevToolsPropertyDefaultsPostProcessor] DeferredLog.java:255 - Devtools property defaults active! Set 'spring.devtools.add-properties' to 'false' to disable
2021-08-27 14:04:41,717 [main] INFO  [o.s.b.d.env.DevToolsPropertyDefaultsPostProcessor] DeferredLog.java:255 - For additional web related logging consider setting the 'logging.level.web' property to 'DEBUG'
2021-08-27 14:04:42,729 [main] INFO  [o.s.d.r.config.RepositoryConfigurationDelegate] RepositoryConfigurationDelegate.java:128 - Bootstrapping Spring Data MongoDB repositories in DEFAULT mode.
2021-08-27 14:04:42,882 [main] INFO  [o.s.d.r.config.RepositoryConfigurationDelegate] RepositoryConfigurationDelegate.java:188 - Finished Spring Data repository scanning in 142 ms. Found 3 MongoDB repository interfaces.
2021-08-27 14:04:43,245 [main] INFO  [o.springframework.cloud.context.scope.GenericScope] GenericScope.java:283 - BeanFactory id=b701e5fe-d47f-3858-a164-c26625a47b25
2021-08-27 14:04:44,155 [main] INFO  [o.s.boot.web.embedded.tomcat.TomcatWebServer] TomcatWebServer.java:108 - Tomcat initialized with port(s): 8084 (http)
2021-08-27 14:04:44,178 [main] INFO  [org.apache.catalina.core.StandardService] DirectJDKLog.java:173 - Starting service [Tomcat]
2021-08-27 14:04:44,179 [main] INFO  [org.apache.catalina.core.StandardEngine] DirectJDKLog.java:173 - Starting Servlet engine: [Apache Tomcat/9.0.45]
2021-08-27 14:04:44,313 [main] INFO  [o.a.c.core.ContainerBase.[Tomcat].[localhost].[/]] DirectJDKLog.java:173 - Initializing Spring embedded WebApplicationContext
2021-08-27 14:04:44,313 [main] INFO  [o.s.b.w.s.c.ServletWebServerApplicationContext] ServletWebServerApplicationContext.java:289 - Root WebApplicationContext: initialization completed in 2595 ms
2021-08-27 14:04:44,543 [main] INFO  [org.mongodb.driver.cluster] SLF4JLogger.java:71 - Cluster created with settings {hosts=[localhost:27017], mode=SINGLE, requiredClusterType=UNKNOWN, serverSelectionTimeout='30000 ms'}
2021-08-27 14:04:44,634 [cluster-rtt-ClusterId{value='6128807c41abe03479b432ff', description='null'}-localhost:27017] INFO  [org.mongodb.driver.connection] SLF4JLogger.java:71 - Opened connection [connectionId{localValue:2, serverValue:3}] to localhost:27017
2021-08-27 14:04:44,634 [cluster-ClusterId{value='6128807c41abe03479b432ff', description='null'}-localhost:27017] INFO  [org.mongodb.driver.connection] SLF4JLogger.java:71 - Opened connection [connectionId{localValue:1, serverValue:4}] to localhost:27017
2021-08-27 14:04:44,635 [cluster-ClusterId{value='6128807c41abe03479b432ff', description='null'}-localhost:27017] INFO  [org.mongodb.driver.cluster] SLF4JLogger.java:71 - Monitor thread successfully connected to server with description ServerDescription{address=localhost:27017, type=STANDALONE, state=CONNECTED, ok=true, minWireVersion=0, maxWireVersion=13, maxDocumentSize=16777216, logicalSessionTimeoutMinutes=30, roundTripTimeNanos=33757100}
2021-08-27 14:04:44,708 [main] WARN  [org.springframework.data.convert.CustomConversions] CustomConversions.java:260 - Registering converter from class java.time.LocalDateTime to class org.joda.time.LocalDateTime as reading converter although it doesn't convert from a store-supported type! You might want to check your annotation setup at the converter implementation.
2021-08-27 14:04:44,864 [main] INFO  [o.s.b.d.autoconfigure.OptionalLiveReloadServer] OptionalLiveReloadServer.java:58 - LiveReload server is running on port 35729
2021-08-27 14:04:44,989 [main] WARN  [org.springframework.data.convert.CustomConversions] CustomConversions.java:260 - Registering converter from class java.time.LocalDateTime to class org.joda.time.LocalDateTime as reading converter although it doesn't convert from a store-supported type! You might want to check your annotation setup at the converter implementation.
2021-08-27 14:04:47,159 [main] INFO  [o.s.scheduling.concurrent.ThreadPoolTaskExecutor] ExecutorConfigurationSupport.java:181 - Initializing ExecutorService 'applicationTaskExecutor'
2021-08-27 14:04:49,497 [main] WARN  [o.s.b.w.s.c.AnnotationConfigServletWebServerApplicationContext] AbstractApplicationContext.java:591 - Exception encountered during context initialization - cancelling refresh attempt: org.springframework.beans.factory.BeanCreationException: Error creating bean with name 'arthasAgent' defined in class path resource [com/alibaba/arthas/spring/ArthasConfiguration.class]: Bean instantiation via factory method failed; nested exception is org.springframework.beans.BeanInstantiationException: Failed to instantiate [com.taobao.arthas.agent.attach.ArthasAgent]: Factory method 'arthasAgent' threw exception; nested exception is java.lang.IllegalStateException: java.lang.reflect.InvocationTargetException
2021-08-27 14:04:49,497 [main] INFO  [o.s.scheduling.concurrent.ThreadPoolTaskExecutor] ExecutorConfigurationSupport.java:218 - Shutting down ExecutorService 'applicationTaskExecutor'
2021-08-27 14:04:49,507 [main] INFO  [org.apache.catalina.core.StandardService] DirectJDKLog.java:173 - Stopping service [Tomcat]
2021-08-27 14:04:49,520 [main] INFO  [o.s.b.a.l.ConditionEvaluationReportLoggingListener] ConditionEvaluationReportLoggingListener.java:136 - 

Error starting ApplicationContext. To display the conditions report re-run your application with 'debug' enabled.
2021-08-27 14:06:07,182 [main] INFO  [com.fzc.fzcstockus.FzcStockUsApplication] StartupInfoLogger.java:55 - Starting FzcStockUsApplication using Java 1.8.0_191 on FLAMENCO-XXX with PID 29840 (B:\github\flamenco\project\fzc\fzc-stock-us\target\classes started by Flamenco.xxx in B:\github\flamenco\project\fzc)
2021-08-27 14:06:07,184 [main] INFO  [com.fzc.fzcstockus.FzcStockUsApplication] SpringApplication.java:675 - No active profile set, falling back to default profiles: default
2021-08-27 14:06:07,366 [main] INFO  [o.s.boot.devtools.restart.ChangeableUrls] DeferredLog.java:255 - The Class-Path manifest attribute in C:\Users\Flamenco.xxx\.m2\repository\com\futunn\openapi\futu-api\5.4.1608\futu-api-5.4.1608.jar referenced one or more files that do not exist: file:/C:/Users/Flamenco.xxx/.m2/repository/com/futunn/openapi/futu-api/5.4.1608/protobuf-java-3.5.1.jar,file:/C:/Users/Flamenco.xxx/.m2/repository/com/futunn/openapi/futu-api/5.4.1608/jna.jar,file:/C:/Users/Flamenco.xxx/.m2/repository/com/futunn/openapi/futu-api/5.4.1608/jna-platform.jar
2021-08-27 14:06:07,366 [main] INFO  [o.s.b.d.env.DevToolsPropertyDefaultsPostProcessor] DeferredLog.java:255 - Devtools property defaults active! Set 'spring.devtools.add-properties' to 'false' to disable
2021-08-27 14:06:07,366 [main] INFO  [o.s.b.d.env.DevToolsPropertyDefaultsPostProcessor] DeferredLog.java:255 - For additional web related logging consider setting the 'logging.level.web' property to 'DEBUG'
2021-08-27 14:06:08,411 [main] INFO  [o.s.d.r.config.RepositoryConfigurationDelegate] RepositoryConfigurationDelegate.java:128 - Bootstrapping Spring Data MongoDB repositories in DEFAULT mode.
2021-08-27 14:06:08,572 [main] INFO  [o.s.d.r.config.RepositoryConfigurationDelegate] RepositoryConfigurationDelegate.java:188 - Finished Spring Data repository scanning in 151 ms. Found 3 MongoDB repository interfaces.
2021-08-27 14:06:08,933 [main] INFO  [o.springframework.cloud.context.scope.GenericScope] GenericScope.java:283 - BeanFactory id=b701e5fe-d47f-3858-a164-c26625a47b25
2021-08-27 14:06:09,841 [main] INFO  [o.s.boot.web.embedded.tomcat.TomcatWebServer] TomcatWebServer.java:108 - Tomcat initialized with port(s): 8084 (http)
2021-08-27 14:06:09,864 [main] INFO  [org.apache.catalina.core.StandardService] DirectJDKLog.java:173 - Starting service [Tomcat]
2021-08-27 14:06:09,865 [main] INFO  [org.apache.catalina.core.StandardEngine] DirectJDKLog.java:173 - Starting Servlet engine: [Apache Tomcat/9.0.45]
2021-08-27 14:06:09,997 [main] INFO  [o.a.c.core.ContainerBase.[Tomcat].[localhost].[/]] DirectJDKLog.java:173 - Initializing Spring embedded WebApplicationContext
2021-08-27 14:06:09,997 [main] INFO  [o.s.b.w.s.c.ServletWebServerApplicationContext] ServletWebServerApplicationContext.java:289 - Root WebApplicationContext: initialization completed in 2629 ms
2021-08-27 14:06:10,228 [main] INFO  [org.mongodb.driver.cluster] SLF4JLogger.java:71 - Cluster created with settings {hosts=[localhost:27017], mode=SINGLE, requiredClusterType=UNKNOWN, serverSelectionTimeout='30000 ms'}
2021-08-27 14:06:10,321 [cluster-rtt-ClusterId{value='612880d25724190dd5cfa4c1', description='null'}-localhost:27017] INFO  [org.mongodb.driver.connection] SLF4JLogger.java:71 - Opened connection [connectionId{localValue:2, serverValue:5}] to localhost:27017
2021-08-27 14:06:10,321 [cluster-ClusterId{value='612880d25724190dd5cfa4c1', description='null'}-localhost:27017] INFO  [org.mongodb.driver.connection] SLF4JLogger.java:71 - Opened connection [connectionId{localValue:1, serverValue:6}] to localhost:27017
2021-08-27 14:06:10,321 [cluster-ClusterId{value='612880d25724190dd5cfa4c1', description='null'}-localhost:27017] INFO  [org.mongodb.driver.cluster] SLF4JLogger.java:71 - Monitor thread successfully connected to server with description ServerDescription{address=localhost:27017, type=STANDALONE, state=CONNECTED, ok=true, minWireVersion=0, maxWireVersion=13, maxDocumentSize=16777216, logicalSessionTimeoutMinutes=30, roundTripTimeNanos=35058000}
2021-08-27 14:06:10,389 [main] WARN  [org.springframework.data.convert.CustomConversions] CustomConversions.java:260 - Registering converter from class java.time.LocalDateTime to class org.joda.time.LocalDateTime as reading converter although it doesn't convert from a store-supported type! You might want to check your annotation setup at the converter implementation.
2021-08-27 14:06:10,536 [main] INFO  [o.s.b.d.autoconfigure.OptionalLiveReloadServer] OptionalLiveReloadServer.java:58 - LiveReload server is running on port 35729
2021-08-27 14:06:10,662 [main] WARN  [org.springframework.data.convert.CustomConversions] CustomConversions.java:260 - Registering converter from class java.time.LocalDateTime to class org.joda.time.LocalDateTime as reading converter although it doesn't convert from a store-supported type! You might want to check your annotation setup at the converter implementation.
2021-08-27 14:06:12,833 [main] INFO  [o.s.scheduling.concurrent.ThreadPoolTaskExecutor] ExecutorConfigurationSupport.java:181 - Initializing ExecutorService 'applicationTaskExecutor'
2021-08-27 14:06:15,038 [main] WARN  [o.s.b.w.s.c.AnnotationConfigServletWebServerApplicationContext] AbstractApplicationContext.java:591 - Exception encountered during context initialization - cancelling refresh attempt: org.springframework.beans.factory.BeanCreationException: Error creating bean with name 'arthasAgent' defined in class path resource [com/alibaba/arthas/spring/ArthasConfiguration.class]: Bean instantiation via factory method failed; nested exception is org.springframework.beans.BeanInstantiationException: Failed to instantiate [com.taobao.arthas.agent.attach.ArthasAgent]: Factory method 'arthasAgent' threw exception; nested exception is java.lang.IllegalStateException: java.lang.reflect.InvocationTargetException
2021-08-27 14:06:15,039 [main] INFO  [o.s.scheduling.concurrent.ThreadPoolTaskExecutor] ExecutorConfigurationSupport.java:218 - Shutting down ExecutorService 'applicationTaskExecutor'
2021-08-27 14:06:15,049 [main] INFO  [org.apache.catalina.core.StandardService] DirectJDKLog.java:173 - Stopping service [Tomcat]
2021-08-27 14:06:15,063 [main] INFO  [o.s.b.a.l.ConditionEvaluationReportLoggingListener] ConditionEvaluationReportLoggingListener.java:136 - 

Error starting ApplicationContext. To display the conditions report re-run your application with 'debug' enabled.
2021-08-27 14:10:04,420 [main] INFO  [com.fzc.fzcstockus.FzcStockUsApplication] StartupInfoLogger.java:55 - Starting FzcStockUsApplication using Java 1.8.0_191 on FLAMENCO-XXX with PID 28192 (B:\github\flamenco\project\fzc\fzc-stock-us\target\classes started by Flamenco.xxx in B:\github\flamenco\project\fzc)
2021-08-27 14:10:04,422 [main] INFO  [com.fzc.fzcstockus.FzcStockUsApplication] SpringApplication.java:675 - No active profile set, falling back to default profiles: default
2021-08-27 14:10:04,489 [main] INFO  [o.s.boot.devtools.restart.ChangeableUrls] DeferredLog.java:255 - The Class-Path manifest attribute in C:\Users\Flamenco.xxx\.m2\repository\com\futunn\openapi\futu-api\5.4.1608\futu-api-5.4.1608.jar referenced one or more files that do not exist: file:/C:/Users/Flamenco.xxx/.m2/repository/com/futunn/openapi/futu-api/5.4.1608/protobuf-java-3.5.1.jar,file:/C:/Users/Flamenco.xxx/.m2/repository/com/futunn/openapi/futu-api/5.4.1608/jna.jar,file:/C:/Users/Flamenco.xxx/.m2/repository/com/futunn/openapi/futu-api/5.4.1608/jna-platform.jar
2021-08-27 14:10:04,490 [main] INFO  [o.s.b.d.env.DevToolsPropertyDefaultsPostProcessor] DeferredLog.java:255 - Devtools property defaults active! Set 'spring.devtools.add-properties' to 'false' to disable
2021-08-27 14:10:04,490 [main] INFO  [o.s.b.d.env.DevToolsPropertyDefaultsPostProcessor] DeferredLog.java:255 - For additional web related logging consider setting the 'logging.level.web' property to 'DEBUG'
2021-08-27 14:10:05,680 [main] INFO  [o.s.d.r.config.RepositoryConfigurationDelegate] RepositoryConfigurationDelegate.java:128 - Bootstrapping Spring Data MongoDB repositories in DEFAULT mode.
2021-08-27 14:10:05,827 [main] INFO  [o.s.d.r.config.RepositoryConfigurationDelegate] RepositoryConfigurationDelegate.java:188 - Finished Spring Data repository scanning in 137 ms. Found 3 MongoDB repository interfaces.
2021-08-27 14:10:06,230 [main] INFO  [o.springframework.cloud.context.scope.GenericScope] GenericScope.java:283 - BeanFactory id=72bda854-9c2b-322c-afb8-1d6dac279ca4
2021-08-27 14:10:07,202 [main] INFO  [o.s.boot.web.embedded.tomcat.TomcatWebServer] TomcatWebServer.java:108 - Tomcat initialized with port(s): 8084 (http)
2021-08-27 14:10:07,240 [main] INFO  [org.apache.catalina.core.StandardService] DirectJDKLog.java:173 - Starting service [Tomcat]
2021-08-27 14:10:07,240 [main] INFO  [org.apache.catalina.core.StandardEngine] DirectJDKLog.java:173 - Starting Servlet engine: [Apache Tomcat/9.0.45]
2021-08-27 14:10:07,380 [main] INFO  [o.a.c.core.ContainerBase.[Tomcat].[localhost].[/]] DirectJDKLog.java:173 - Initializing Spring embedded WebApplicationContext
2021-08-27 14:10:07,380 [main] INFO  [o.s.b.w.s.c.ServletWebServerApplicationContext] ServletWebServerApplicationContext.java:289 - Root WebApplicationContext: initialization completed in 2749 ms
2021-08-27 14:10:07,622 [main] INFO  [org.mongodb.driver.cluster] SLF4JLogger.java:71 - Cluster created with settings {hosts=[localhost:27017], mode=SINGLE, requiredClusterType=UNKNOWN, serverSelectionTimeout='30000 ms'}
2021-08-27 14:10:07,727 [cluster-rtt-ClusterId{value='612881bfd3677c0e5ca8197f', description='null'}-localhost:27017] INFO  [org.mongodb.driver.connection] SLF4JLogger.java:71 - Opened connection [connectionId{localValue:2, serverValue:7}] to localhost:27017
2021-08-27 14:10:07,727 [cluster-ClusterId{value='612881bfd3677c0e5ca8197f', description='null'}-localhost:27017] INFO  [org.mongodb.driver.connection] SLF4JLogger.java:71 - Opened connection [connectionId{localValue:1, serverValue:8}] to localhost:27017
2021-08-27 14:10:07,728 [cluster-ClusterId{value='612881bfd3677c0e5ca8197f', description='null'}-localhost:27017] INFO  [org.mongodb.driver.cluster] SLF4JLogger.java:71 - Monitor thread successfully connected to server with description ServerDescription{address=localhost:27017, type=STANDALONE, state=CONNECTED, ok=true, minWireVersion=0, maxWireVersion=13, maxDocumentSize=16777216, logicalSessionTimeoutMinutes=30, roundTripTimeNanos=38256700}
2021-08-27 14:10:07,810 [main] WARN  [org.springframework.data.convert.CustomConversions] CustomConversions.java:260 - Registering converter from class java.time.LocalDateTime to class org.joda.time.LocalDateTime as reading converter although it doesn't convert from a store-supported type! You might want to check your annotation setup at the converter implementation.
2021-08-27 14:10:07,991 [main] INFO  [o.s.b.d.autoconfigure.OptionalLiveReloadServer] OptionalLiveReloadServer.java:58 - LiveReload server is running on port 35729
2021-08-27 14:10:08,133 [main] WARN  [org.springframework.data.convert.CustomConversions] CustomConversions.java:260 - Registering converter from class java.time.LocalDateTime to class org.joda.time.LocalDateTime as reading converter although it doesn't convert from a store-supported type! You might want to check your annotation setup at the converter implementation.
2021-08-27 14:10:10,352 [main] INFO  [o.s.scheduling.concurrent.ThreadPoolTaskExecutor] ExecutorConfigurationSupport.java:181 - Initializing ExecutorService 'applicationTaskExecutor'
2021-08-27 14:10:11,252 [main] INFO  [o.s.c.n.e.c.DiscoveryClientOptionalArgsConfiguration] DiscoveryClientOptionalArgsConfiguration.java:68 - Eureka HTTP Client uses RestTemplate.
2021-08-27 14:10:11,689 [main] WARN  [o.s.c.l.c.LoadBalancerCacheAutoConfiguration$LoadBalancerCaffeineWarnLogger] LoadBalancerCacheAutoConfiguration.java:82 - Spring Cloud LoadBalancer is currently working with the default cache. You can switch to using Caffeine cache, by adding it and org.springframework.cache.caffeine.CaffeineCacheManager to the classpath.
2021-08-27 14:10:11,767 [main] INFO  [o.s.cloud.netflix.eureka.InstanceInfoFactory] InstanceInfoFactory.java:67 - Setting initial instance status as: STARTING
2021-08-27 14:10:11,816 [main] INFO  [com.netflix.discovery.DiscoveryClient] DiscoveryClient.java:372 - Initializing Eureka in region us-east-1
2021-08-27 14:10:11,824 [main] INFO  [c.n.d.shared.resolver.aws.ConfigClusterResolver] ConfigClusterResolver.java:43 - Resolving eureka endpoints via configuration
2021-08-27 14:10:11,858 [main] INFO  [com.netflix.discovery.DiscoveryClient] DiscoveryClient.java:1007 - Disable delta property : false
2021-08-27 14:10:11,858 [main] INFO  [com.netflix.discovery.DiscoveryClient] DiscoveryClient.java:1008 - Single vip registry refresh property : null
2021-08-27 14:10:11,859 [main] INFO  [com.netflix.discovery.DiscoveryClient] DiscoveryClient.java:1009 - Force full registry fetch : false
2021-08-27 14:10:11,859 [main] INFO  [com.netflix.discovery.DiscoveryClient] DiscoveryClient.java:1010 - Application is null : false
2021-08-27 14:10:11,859 [main] INFO  [com.netflix.discovery.DiscoveryClient] DiscoveryClient.java:1011 - Registered Applications size is zero : true
2021-08-27 14:10:11,859 [main] INFO  [com.netflix.discovery.DiscoveryClient] DiscoveryClient.java:1013 - Application version is -1: true
2021-08-27 14:10:11,860 [main] INFO  [com.netflix.discovery.DiscoveryClient] DiscoveryClient.java:1097 - Getting all instance registry info from the eureka server
2021-08-27 14:10:12,327 [main] INFO  [com.netflix.discovery.DiscoveryClient] DiscoveryClient.java:1106 - The response status is 200
2021-08-27 14:10:12,330 [main] INFO  [com.netflix.discovery.DiscoveryClient] DiscoveryClient.java:1321 - Starting heartbeat executor: renew interval is: 5
2021-08-27 14:10:12,333 [main] INFO  [com.netflix.discovery.InstanceInfoReplicator] InstanceInfoReplicator.java:60 - InstanceInfoReplicator onDemand update allowed rate per min is 4
2021-08-27 14:10:12,339 [main] INFO  [com.netflix.discovery.DiscoveryClient] DiscoveryClient.java:492 - Discovery Client initialized at timestamp 1630044612338 with initial instances count: 0
2021-08-27 14:10:12,342 [main] INFO  [o.s.c.n.e.serviceregistry.EurekaServiceRegistry] EurekaServiceRegistry.java:41 - Registering application FZC-STOCK-US with eureka with status UP
2021-08-27 14:10:12,343 [main] INFO  [com.netflix.discovery.DiscoveryClient] DiscoveryClient.java:1352 - Saw local status change event StatusChangeEvent [timestamp=1630044612343, current=UP, previous=STARTING]
2021-08-27 14:10:12,346 [DiscoveryClient-InstanceInfoReplicator-0] INFO  [com.netflix.discovery.DiscoveryClient] DiscoveryClient.java:873 - DiscoveryClient_FZC-STOCK-US/FLAMENCO-XXX:fzc-stock-us:8084: registering service...
2021-08-27 14:10:12,377 [main] INFO  [o.s.boot.web.embedded.tomcat.TomcatWebServer] TomcatWebServer.java:220 - Tomcat started on port(s): 8084 (http) with context path ''
2021-08-27 14:10:12,379 [main] INFO  [o.s.c.n.e.s.EurekaAutoServiceRegistration] EurekaAutoServiceRegistration.java:144 - Updating port to 8084
2021-08-27 14:10:12,543 [DiscoveryClient-InstanceInfoReplicator-0] INFO  [com.netflix.discovery.DiscoveryClient] DiscoveryClient.java:882 - DiscoveryClient_FZC-STOCK-US/FLAMENCO-XXX:fzc-stock-us:8084 - registration status: 204
2021-08-27 14:10:12,749 [main] INFO  [com.fzc.fzcstockus.FzcStockUsApplication] StartupInfoLogger.java:61 - Started FzcStockUsApplication in 9.985 seconds (JVM running for 16.134)
2021-08-27 14:10:42,332 [DiscoveryClient-CacheRefreshExecutor-0] INFO  [com.netflix.discovery.DiscoveryClient] DiscoveryClient.java:1007 - Disable delta property : false
2021-08-27 14:10:42,332 [DiscoveryClient-CacheRefreshExecutor-0] INFO  [com.netflix.discovery.DiscoveryClient] DiscoveryClient.java:1008 - Single vip registry refresh property : null
2021-08-27 14:10:42,333 [DiscoveryClient-CacheRefreshExecutor-0] INFO  [com.netflix.discovery.DiscoveryClient] DiscoveryClient.java:1009 - Force full registry fetch : false
2021-08-27 14:10:42,333 [DiscoveryClient-CacheRefreshExecutor-0] INFO  [com.netflix.discovery.DiscoveryClient] DiscoveryClient.java:1010 - Application is null : false
2021-08-27 14:10:42,333 [DiscoveryClient-CacheRefreshExecutor-0] INFO  [com.netflix.discovery.DiscoveryClient] DiscoveryClient.java:1011 - Registered Applications size is zero : true
2021-08-27 14:10:42,333 [DiscoveryClient-CacheRefreshExecutor-0] INFO  [com.netflix.discovery.DiscoveryClient] DiscoveryClient.java:1013 - Application version is -1: false
2021-08-27 14:10:42,333 [DiscoveryClient-CacheRefreshExecutor-0] INFO  [com.netflix.discovery.DiscoveryClient] DiscoveryClient.java:1097 - Getting all instance registry info from the eureka server
2021-08-27 14:10:42,357 [DiscoveryClient-CacheRefreshExecutor-0] INFO  [com.netflix.discovery.DiscoveryClient] DiscoveryClient.java:1106 - The response status is 200
2021-08-27 14:13:12,309 [main] INFO  [com.fzc.fzcstockus.FzcStockUsApplication] StartupInfoLogger.java:55 - Starting FzcStockUsApplication using Java 1.8.0_191 on FLAMENCO-XXX with PID 38392 (B:\github\flamenco\project\fzc\fzc-stock-us\target\classes started by Flamenco.xxx in B:\github\flamenco\project\fzc)
2021-08-27 14:13:12,311 [main] INFO  [com.fzc.fzcstockus.FzcStockUsApplication] SpringApplication.java:675 - No active profile set, falling back to default profiles: default
2021-08-27 14:13:12,500 [main] INFO  [o.s.boot.devtools.restart.ChangeableUrls] DeferredLog.java:255 - The Class-Path manifest attribute in C:\Users\Flamenco.xxx\.m2\repository\com\futunn\openapi\futu-api\5.4.1608\futu-api-5.4.1608.jar referenced one or more files that do not exist: file:/C:/Users/Flamenco.xxx/.m2/repository/com/futunn/openapi/futu-api/5.4.1608/protobuf-java-3.5.1.jar,file:/C:/Users/Flamenco.xxx/.m2/repository/com/futunn/openapi/futu-api/5.4.1608/jna.jar,file:/C:/Users/Flamenco.xxx/.m2/repository/com/futunn/openapi/futu-api/5.4.1608/jna-platform.jar
2021-08-27 14:13:12,501 [main] INFO  [o.s.b.d.env.DevToolsPropertyDefaultsPostProcessor] DeferredLog.java:255 - Devtools property defaults active! Set 'spring.devtools.add-properties' to 'false' to disable
2021-08-27 14:13:12,501 [main] INFO  [o.s.b.d.env.DevToolsPropertyDefaultsPostProcessor] DeferredLog.java:255 - For additional web related logging consider setting the 'logging.level.web' property to 'DEBUG'
2021-08-27 14:13:13,629 [main] INFO  [o.s.d.r.config.RepositoryConfigurationDelegate] RepositoryConfigurationDelegate.java:128 - Bootstrapping Spring Data MongoDB repositories in DEFAULT mode.
2021-08-27 14:13:13,792 [main] INFO  [o.s.d.r.config.RepositoryConfigurationDelegate] RepositoryConfigurationDelegate.java:188 - Finished Spring Data repository scanning in 152 ms. Found 3 MongoDB repository interfaces.
2021-08-27 14:13:14,187 [main] INFO  [o.springframework.cloud.context.scope.GenericScope] GenericScope.java:283 - BeanFactory id=b701e5fe-d47f-3858-a164-c26625a47b25
2021-08-27 14:13:15,113 [main] INFO  [o.s.boot.web.embedded.tomcat.TomcatWebServer] TomcatWebServer.java:108 - Tomcat initialized with port(s): 8084 (http)
2021-08-27 14:13:15,136 [main] INFO  [org.apache.catalina.core.StandardService] DirectJDKLog.java:173 - Starting service [Tomcat]
2021-08-27 14:13:15,136 [main] INFO  [org.apache.catalina.core.StandardEngine] DirectJDKLog.java:173 - Starting Servlet engine: [Apache Tomcat/9.0.45]
2021-08-27 14:13:15,280 [main] INFO  [o.a.c.core.ContainerBase.[Tomcat].[localhost].[/]] DirectJDKLog.java:173 - Initializing Spring embedded WebApplicationContext
2021-08-27 14:13:15,281 [main] INFO  [o.s.b.w.s.c.ServletWebServerApplicationContext] ServletWebServerApplicationContext.java:289 - Root WebApplicationContext: initialization completed in 2779 ms
2021-08-27 14:13:15,526 [main] INFO  [org.mongodb.driver.cluster] SLF4JLogger.java:71 - Cluster created with settings {hosts=[localhost:27017], mode=SINGLE, requiredClusterType=UNKNOWN, serverSelectionTimeout='30000 ms'}
2021-08-27 14:13:15,622 [cluster-rtt-ClusterId{value='6128827b3a7f00281fdeecbd', description='null'}-localhost:27017] INFO  [org.mongodb.driver.connection] SLF4JLogger.java:71 - Opened connection [connectionId{localValue:1, serverValue:9}] to localhost:27017
2021-08-27 14:13:15,622 [cluster-ClusterId{value='6128827b3a7f00281fdeecbd', description='null'}-localhost:27017] INFO  [org.mongodb.driver.connection] SLF4JLogger.java:71 - Opened connection [connectionId{localValue:2, serverValue:10}] to localhost:27017
2021-08-27 14:13:15,623 [cluster-ClusterId{value='6128827b3a7f00281fdeecbd', description='null'}-localhost:27017] INFO  [org.mongodb.driver.cluster] SLF4JLogger.java:71 - Monitor thread successfully connected to server with description ServerDescription{address=localhost:27017, type=STANDALONE, state=CONNECTED, ok=true, minWireVersion=0, maxWireVersion=13, maxDocumentSize=16777216, logicalSessionTimeoutMinutes=30, roundTripTimeNanos=36226900}
2021-08-27 14:13:15,690 [main] WARN  [org.springframework.data.convert.CustomConversions] CustomConversions.java:260 - Registering converter from class java.time.LocalDateTime to class org.joda.time.LocalDateTime as reading converter although it doesn't convert from a store-supported type! You might want to check your annotation setup at the converter implementation.
2021-08-27 14:13:15,824 [main] INFO  [o.s.b.d.autoconfigure.OptionalLiveReloadServer] OptionalLiveReloadServer.java:58 - LiveReload server is running on port 35729
2021-08-27 14:13:15,978 [main] WARN  [org.springframework.data.convert.CustomConversions] CustomConversions.java:260 - Registering converter from class java.time.LocalDateTime to class org.joda.time.LocalDateTime as reading converter although it doesn't convert from a store-supported type! You might want to check your annotation setup at the converter implementation.
2021-08-27 14:13:18,352 [main] INFO  [o.s.scheduling.concurrent.ThreadPoolTaskExecutor] ExecutorConfigurationSupport.java:181 - Initializing ExecutorService 'applicationTaskExecutor'
2021-08-27 14:13:20,583 [main] INFO  [com.alibaba.arthas.spring.ArthasConfiguration] ArthasConfiguration.java:69 - Arthas agent start success.
2021-08-27 14:13:21,154 [main] INFO  [o.s.c.n.e.c.DiscoveryClientOptionalArgsConfiguration] DiscoveryClientOptionalArgsConfiguration.java:68 - Eureka HTTP Client uses RestTemplate.
2021-08-27 14:13:21,591 [main] WARN  [o.s.c.l.c.LoadBalancerCacheAutoConfiguration$LoadBalancerCaffeineWarnLogger] LoadBalancerCacheAutoConfiguration.java:82 - Spring Cloud LoadBalancer is currently working with the default cache. You can switch to using Caffeine cache, by adding it and org.springframework.cache.caffeine.CaffeineCacheManager to the classpath.
2021-08-27 14:13:21,673 [main] INFO  [o.s.cloud.netflix.eureka.InstanceInfoFactory] InstanceInfoFactory.java:67 - Setting initial instance status as: STARTING
2021-08-27 14:13:21,729 [main] INFO  [com.netflix.discovery.DiscoveryClient] DiscoveryClient.java:372 - Initializing Eureka in region us-east-1
2021-08-27 14:13:21,744 [main] INFO  [c.n.d.shared.resolver.aws.ConfigClusterResolver] ConfigClusterResolver.java:43 - Resolving eureka endpoints via configuration
2021-08-27 14:13:21,785 [main] INFO  [com.netflix.discovery.DiscoveryClient] DiscoveryClient.java:1007 - Disable delta property : false
2021-08-27 14:13:21,785 [main] INFO  [com.netflix.discovery.DiscoveryClient] DiscoveryClient.java:1008 - Single vip registry refresh property : null
2021-08-27 14:13:21,786 [main] INFO  [com.netflix.discovery.DiscoveryClient] DiscoveryClient.java:1009 - Force full registry fetch : false
2021-08-27 14:13:21,786 [main] INFO  [com.netflix.discovery.DiscoveryClient] DiscoveryClient.java:1010 - Application is null : false
2021-08-27 14:13:21,786 [main] INFO  [com.netflix.discovery.DiscoveryClient] DiscoveryClient.java:1011 - Registered Applications size is zero : true
2021-08-27 14:13:21,786 [main] INFO  [com.netflix.discovery.DiscoveryClient] DiscoveryClient.java:1013 - Application version is -1: true
2021-08-27 14:13:21,787 [main] INFO  [com.netflix.discovery.DiscoveryClient] DiscoveryClient.java:1097 - Getting all instance registry info from the eureka server
2021-08-27 14:13:22,275 [main] INFO  [com.netflix.discovery.DiscoveryClient] DiscoveryClient.java:1106 - The response status is 200
2021-08-27 14:13:22,278 [main] INFO  [com.netflix.discovery.DiscoveryClient] DiscoveryClient.java:1321 - Starting heartbeat executor: renew interval is: 5
2021-08-27 14:13:22,282 [main] INFO  [com.netflix.discovery.InstanceInfoReplicator] InstanceInfoReplicator.java:60 - InstanceInfoReplicator onDemand update allowed rate per min is 4
2021-08-27 14:13:22,288 [main] INFO  [com.netflix.discovery.DiscoveryClient] DiscoveryClient.java:492 - Discovery Client initialized at timestamp 1630044802286 with initial instances count: 0
2021-08-27 14:13:22,291 [main] INFO  [o.s.c.n.e.serviceregistry.EurekaServiceRegistry] EurekaServiceRegistry.java:41 - Registering application FZC-STOCK-US with eureka with status UP
2021-08-27 14:13:22,292 [main] INFO  [com.netflix.discovery.DiscoveryClient] DiscoveryClient.java:1352 - Saw local status change event StatusChangeEvent [timestamp=1630044802292, current=UP, previous=STARTING]
2021-08-27 14:13:22,295 [DiscoveryClient-InstanceInfoReplicator-0] INFO  [com.netflix.discovery.DiscoveryClient] DiscoveryClient.java:873 - DiscoveryClient_FZC-STOCK-US/FLAMENCO-XXX:fzc-stock-us:8084: registering service...
2021-08-27 14:13:22,313 [main] INFO  [o.s.boot.web.embedded.tomcat.TomcatWebServer] TomcatWebServer.java:220 - Tomcat started on port(s): 8084 (http) with context path ''
2021-08-27 14:13:22,315 [main] INFO  [o.s.c.n.e.s.EurekaAutoServiceRegistration] EurekaAutoServiceRegistration.java:144 - Updating port to 8084
2021-08-27 14:13:22,464 [DiscoveryClient-InstanceInfoReplicator-0] INFO  [com.netflix.discovery.DiscoveryClient] DiscoveryClient.java:882 - DiscoveryClient_FZC-STOCK-US/FLAMENCO-XXX:fzc-stock-us:8084 - registration status: 204
2021-08-27 14:13:22,686 [main] INFO  [com.fzc.fzcstockus.FzcStockUsApplication] StartupInfoLogger.java:61 - Started FzcStockUsApplication in 12.133 seconds (JVM running for 18.232)
2021-08-27 14:13:52,283 [DiscoveryClient-CacheRefreshExecutor-0] INFO  [com.netflix.discovery.DiscoveryClient] DiscoveryClient.java:1007 - Disable delta property : false
2021-08-27 14:13:52,283 [DiscoveryClient-CacheRefreshExecutor-0] INFO  [com.netflix.discovery.DiscoveryClient] DiscoveryClient.java:1008 - Single vip registry refresh property : null
2021-08-27 14:13:52,284 [DiscoveryClient-CacheRefreshExecutor-0] INFO  [com.netflix.discovery.DiscoveryClient] DiscoveryClient.java:1009 - Force full registry fetch : false
2021-08-27 14:13:52,284 [DiscoveryClient-CacheRefreshExecutor-0] INFO  [com.netflix.discovery.DiscoveryClient] DiscoveryClient.java:1010 - Application is null : false
2021-08-27 14:13:52,284 [DiscoveryClient-CacheRefreshExecutor-0] INFO  [com.netflix.discovery.DiscoveryClient] DiscoveryClient.java:1011 - Registered Applications size is zero : true
2021-08-27 14:13:52,284 [DiscoveryClient-CacheRefreshExecutor-0] INFO  [com.netflix.discovery.DiscoveryClient] DiscoveryClient.java:1013 - Application version is -1: false
2021-08-27 14:13:52,284 [DiscoveryClient-CacheRefreshExecutor-0] INFO  [com.netflix.discovery.DiscoveryClient] DiscoveryClient.java:1097 - Getting all instance registry info from the eureka server
2021-08-27 14:13:52,312 [DiscoveryClient-CacheRefreshExecutor-0] INFO  [com.netflix.discovery.DiscoveryClient] DiscoveryClient.java:1106 - The response status is 200
2021-08-27 14:15:42,577 [main] INFO  [com.fzc.fzcstockus.FzcStockUsApplication] StartupInfoLogger.java:55 - Starting FzcStockUsApplication using Java 1.8.0_191 on FLAMENCO-XXX with PID 31872 (B:\github\flamenco\project\fzc\fzc-stock-us\target\classes started by Flamenco.xxx in B:\github\flamenco\project\fzc)
2021-08-27 14:15:42,580 [main] INFO  [com.fzc.fzcstockus.FzcStockUsApplication] SpringApplication.java:675 - No active profile set, falling back to default profiles: default
2021-08-27 14:15:42,772 [main] INFO  [o.s.boot.devtools.restart.ChangeableUrls] DeferredLog.java:255 - The Class-Path manifest attribute in C:\Users\Flamenco.xxx\.m2\repository\com\futunn\openapi\futu-api\5.4.1608\futu-api-5.4.1608.jar referenced one or more files that do not exist: file:/C:/Users/Flamenco.xxx/.m2/repository/com/futunn/openapi/futu-api/5.4.1608/protobuf-java-3.5.1.jar,file:/C:/Users/Flamenco.xxx/.m2/repository/com/futunn/openapi/futu-api/5.4.1608/jna.jar,file:/C:/Users/Flamenco.xxx/.m2/repository/com/futunn/openapi/futu-api/5.4.1608/jna-platform.jar
2021-08-27 14:15:42,772 [main] INFO  [o.s.b.d.env.DevToolsPropertyDefaultsPostProcessor] DeferredLog.java:255 - Devtools property defaults active! Set 'spring.devtools.add-properties' to 'false' to disable
2021-08-27 14:15:42,772 [main] INFO  [o.s.b.d.env.DevToolsPropertyDefaultsPostProcessor] DeferredLog.java:255 - For additional web related logging consider setting the 'logging.level.web' property to 'DEBUG'
2021-08-27 14:15:43,770 [main] INFO  [o.s.d.r.config.RepositoryConfigurationDelegate] RepositoryConfigurationDelegate.java:128 - Bootstrapping Spring Data MongoDB repositories in DEFAULT mode.
2021-08-27 14:15:43,927 [main] INFO  [o.s.d.r.config.RepositoryConfigurationDelegate] RepositoryConfigurationDelegate.java:188 - Finished Spring Data repository scanning in 147 ms. Found 3 MongoDB repository interfaces.
2021-08-27 14:15:44,303 [main] INFO  [o.springframework.cloud.context.scope.GenericScope] GenericScope.java:283 - BeanFactory id=72bda854-9c2b-322c-afb8-1d6dac279ca4
2021-08-27 14:15:45,195 [main] INFO  [o.s.boot.web.embedded.tomcat.TomcatWebServer] TomcatWebServer.java:108 - Tomcat initialized with port(s): 8084 (http)
2021-08-27 14:15:45,218 [main] INFO  [org.apache.catalina.core.StandardService] DirectJDKLog.java:173 - Starting service [Tomcat]
2021-08-27 14:15:45,219 [main] INFO  [org.apache.catalina.core.StandardEngine] DirectJDKLog.java:173 - Starting Servlet engine: [Apache Tomcat/9.0.45]
2021-08-27 14:15:45,349 [main] INFO  [o.a.c.core.ContainerBase.[Tomcat].[localhost].[/]] DirectJDKLog.java:173 - Initializing Spring embedded WebApplicationContext
2021-08-27 14:15:45,349 [main] INFO  [o.s.b.w.s.c.ServletWebServerApplicationContext] ServletWebServerApplicationContext.java:289 - Root WebApplicationContext: initialization completed in 2575 ms
2021-08-27 14:15:45,583 [main] INFO  [org.mongodb.driver.cluster] SLF4JLogger.java:71 - Cluster created with settings {hosts=[localhost:27017], mode=SINGLE, requiredClusterType=UNKNOWN, serverSelectionTimeout='30000 ms'}
2021-08-27 14:15:45,673 [cluster-ClusterId{value='612883113f2b0d5df68d47bf', description='null'}-localhost:27017] INFO  [org.mongodb.driver.connection] SLF4JLogger.java:71 - Opened connection [connectionId{localValue:1, serverValue:11}] to localhost:27017
2021-08-27 14:15:45,673 [cluster-rtt-ClusterId{value='612883113f2b0d5df68d47bf', description='null'}-localhost:27017] INFO  [org.mongodb.driver.connection] SLF4JLogger.java:71 - Opened connection [connectionId{localValue:2, serverValue:12}] to localhost:27017
2021-08-27 14:15:45,673 [cluster-ClusterId{value='612883113f2b0d5df68d47bf', description='null'}-localhost:27017] INFO  [org.mongodb.driver.cluster] SLF4JLogger.java:71 - Monitor thread successfully connected to server with description ServerDescription{address=localhost:27017, type=STANDALONE, state=CONNECTED, ok=true, minWireVersion=0, maxWireVersion=13, maxDocumentSize=16777216, logicalSessionTimeoutMinutes=30, roundTripTimeNanos=32448300}
2021-08-27 14:15:45,740 [main] WARN  [org.springframework.data.convert.CustomConversions] CustomConversions.java:260 - Registering converter from class java.time.LocalDateTime to class org.joda.time.LocalDateTime as reading converter although it doesn't convert from a store-supported type! You might want to check your annotation setup at the converter implementation.
2021-08-27 14:15:45,865 [main] INFO  [o.s.b.d.autoconfigure.OptionalLiveReloadServer] OptionalLiveReloadServer.java:58 - LiveReload server is running on port 35729
2021-08-27 14:15:46,013 [main] WARN  [org.springframework.data.convert.CustomConversions] CustomConversions.java:260 - Registering converter from class java.time.LocalDateTime to class org.joda.time.LocalDateTime as reading converter although it doesn't convert from a store-supported type! You might want to check your annotation setup at the converter implementation.
2021-08-27 14:15:48,125 [main] INFO  [o.s.scheduling.concurrent.ThreadPoolTaskExecutor] ExecutorConfigurationSupport.java:181 - Initializing ExecutorService 'applicationTaskExecutor'
2021-08-27 14:15:48,996 [main] INFO  [o.s.c.n.e.c.DiscoveryClientOptionalArgsConfiguration] DiscoveryClientOptionalArgsConfiguration.java:68 - Eureka HTTP Client uses RestTemplate.
2021-08-27 14:15:49,458 [main] WARN  [o.s.c.l.c.LoadBalancerCacheAutoConfiguration$LoadBalancerCaffeineWarnLogger] LoadBalancerCacheAutoConfiguration.java:82 - Spring Cloud LoadBalancer is currently working with the default cache. You can switch to using Caffeine cache, by adding it and org.springframework.cache.caffeine.CaffeineCacheManager to the classpath.
2021-08-27 14:15:49,536 [main] INFO  [o.s.cloud.netflix.eureka.InstanceInfoFactory] InstanceInfoFactory.java:67 - Setting initial instance status as: STARTING
2021-08-27 14:15:49,584 [main] INFO  [com.netflix.discovery.DiscoveryClient] DiscoveryClient.java:372 - Initializing Eureka in region us-east-1
2021-08-27 14:15:49,594 [main] INFO  [c.n.d.shared.resolver.aws.ConfigClusterResolver] ConfigClusterResolver.java:43 - Resolving eureka endpoints via configuration
2021-08-27 14:15:49,628 [main] INFO  [com.netflix.discovery.DiscoveryClient] DiscoveryClient.java:1007 - Disable delta property : false
2021-08-27 14:15:49,628 [main] INFO  [com.netflix.discovery.DiscoveryClient] DiscoveryClient.java:1008 - Single vip registry refresh property : null
2021-08-27 14:15:49,629 [main] INFO  [com.netflix.discovery.DiscoveryClient] DiscoveryClient.java:1009 - Force full registry fetch : false
2021-08-27 14:15:49,629 [main] INFO  [com.netflix.discovery.DiscoveryClient] DiscoveryClient.java:1010 - Application is null : false
2021-08-27 14:15:49,629 [main] INFO  [com.netflix.discovery.DiscoveryClient] DiscoveryClient.java:1011 - Registered Applications size is zero : true
2021-08-27 14:15:49,629 [main] INFO  [com.netflix.discovery.DiscoveryClient] DiscoveryClient.java:1013 - Application version is -1: true
2021-08-27 14:15:49,630 [main] INFO  [com.netflix.discovery.DiscoveryClient] DiscoveryClient.java:1097 - Getting all instance registry info from the eureka server
2021-08-27 14:15:50,071 [main] INFO  [com.netflix.discovery.DiscoveryClient] DiscoveryClient.java:1106 - The response status is 200
2021-08-27 14:15:50,074 [main] INFO  [com.netflix.discovery.DiscoveryClient] DiscoveryClient.java:1321 - Starting heartbeat executor: renew interval is: 5
2021-08-27 14:15:50,078 [main] INFO  [com.netflix.discovery.InstanceInfoReplicator] InstanceInfoReplicator.java:60 - InstanceInfoReplicator onDemand update allowed rate per min is 4
2021-08-27 14:15:50,083 [main] INFO  [com.netflix.discovery.DiscoveryClient] DiscoveryClient.java:492 - Discovery Client initialized at timestamp 1630044950082 with initial instances count: 0
2021-08-27 14:15:50,086 [main] INFO  [o.s.c.n.e.serviceregistry.EurekaServiceRegistry] EurekaServiceRegistry.java:41 - Registering application FZC-STOCK-US with eureka with status UP
2021-08-27 14:15:50,087 [main] INFO  [com.netflix.discovery.DiscoveryClient] DiscoveryClient.java:1352 - Saw local status change event StatusChangeEvent [timestamp=1630044950087, current=UP, previous=STARTING]
2021-08-27 14:15:50,091 [DiscoveryClient-InstanceInfoReplicator-0] INFO  [com.netflix.discovery.DiscoveryClient] DiscoveryClient.java:873 - DiscoveryClient_FZC-STOCK-US/FLAMENCO-XXX:fzc-stock-us:8084: registering service...
2021-08-27 14:15:50,121 [main] INFO  [o.s.boot.web.embedded.tomcat.TomcatWebServer] TomcatWebServer.java:220 - Tomcat started on port(s): 8084 (http) with context path ''
2021-08-27 14:15:50,122 [main] INFO  [o.s.c.n.e.s.EurekaAutoServiceRegistration] EurekaAutoServiceRegistration.java:144 - Updating port to 8084
2021-08-27 14:15:50,238 [DiscoveryClient-InstanceInfoReplicator-0] INFO  [com.netflix.discovery.DiscoveryClient] DiscoveryClient.java:882 - DiscoveryClient_FZC-STOCK-US/FLAMENCO-XXX:fzc-stock-us:8084 - registration status: 204
2021-08-27 14:15:50,490 [main] INFO  [com.fzc.fzcstockus.FzcStockUsApplication] StartupInfoLogger.java:61 - Started FzcStockUsApplication in 9.403 seconds (JVM running for 15.336)
2021-08-27 14:16:20,077 [DiscoveryClient-CacheRefreshExecutor-0] INFO  [com.netflix.discovery.DiscoveryClient] DiscoveryClient.java:1007 - Disable delta property : false
2021-08-27 14:16:20,078 [DiscoveryClient-CacheRefreshExecutor-0] INFO  [com.netflix.discovery.DiscoveryClient] DiscoveryClient.java:1008 - Single vip registry refresh property : null
2021-08-27 14:16:20,078 [DiscoveryClient-CacheRefreshExecutor-0] INFO  [com.netflix.discovery.DiscoveryClient] DiscoveryClient.java:1009 - Force full registry fetch : false
2021-08-27 14:16:20,078 [DiscoveryClient-CacheRefreshExecutor-0] INFO  [com.netflix.discovery.DiscoveryClient] DiscoveryClient.java:1010 - Application is null : false
2021-08-27 14:16:20,078 [DiscoveryClient-CacheRefreshExecutor-0] INFO  [com.netflix.discovery.DiscoveryClient] DiscoveryClient.java:1011 - Registered Applications size is zero : true
2021-08-27 14:16:20,078 [DiscoveryClient-CacheRefreshExecutor-0] INFO  [com.netflix.discovery.DiscoveryClient] DiscoveryClient.java:1013 - Application version is -1: false
2021-08-27 14:16:20,078 [DiscoveryClient-CacheRefreshExecutor-0] INFO  [com.netflix.discovery.DiscoveryClient] DiscoveryClient.java:1097 - Getting all instance registry info from the eureka server
2021-08-27 14:16:20,103 [DiscoveryClient-CacheRefreshExecutor-0] INFO  [com.netflix.discovery.DiscoveryClient] DiscoveryClient.java:1106 - The response status is 200
2021-08-27 14:20:49,641 [AsyncResolver-bootstrap-executor-0] INFO  [c.n.d.shared.resolver.aws.ConfigClusterResolver] ConfigClusterResolver.java:43 - Resolving eureka endpoints via configuration
2021-08-27 14:25:49,647 [AsyncResolver-bootstrap-executor-0] INFO  [c.n.d.shared.resolver.aws.ConfigClusterResolver] ConfigClusterResolver.java:43 - Resolving eureka endpoints via configuration
2021-08-27 14:30:49,657 [AsyncResolver-bootstrap-executor-0] INFO  [c.n.d.shared.resolver.aws.ConfigClusterResolver] ConfigClusterResolver.java:43 - Resolving eureka endpoints via configuration
2021-08-27 14:35:49,666 [AsyncResolver-bootstrap-executor-0] INFO  [c.n.d.shared.resolver.aws.ConfigClusterResolver] ConfigClusterResolver.java:43 - Resolving eureka endpoints via configuration
2021-08-27 14:40:49,679 [AsyncResolver-bootstrap-executor-0] INFO  [c.n.d.shared.resolver.aws.ConfigClusterResolver] ConfigClusterResolver.java:43 - Resolving eureka endpoints via configuration
2021-08-27 14:45:49,685 [AsyncResolver-bootstrap-executor-0] INFO  [c.n.d.shared.resolver.aws.ConfigClusterResolver] ConfigClusterResolver.java:43 - Resolving eureka endpoints via configuration
2021-08-27 14:50:49,687 [AsyncResolver-bootstrap-executor-0] INFO  [c.n.d.shared.resolver.aws.ConfigClusterResolver] ConfigClusterResolver.java:43 - Resolving eureka endpoints via configuration
2021-08-27 14:55:49,692 [AsyncResolver-bootstrap-executor-0] INFO  [c.n.d.shared.resolver.aws.ConfigClusterResolver] ConfigClusterResolver.java:43 - Resolving eureka endpoints via configuration
2021-08-27 15:00:49,704 [AsyncResolver-bootstrap-executor-0] INFO  [c.n.d.shared.resolver.aws.ConfigClusterResolver] ConfigClusterResolver.java:43 - Resolving eureka endpoints via configuration
2021-08-27 15:05:49,707 [AsyncResolver-bootstrap-executor-0] INFO  [c.n.d.shared.resolver.aws.ConfigClusterResolver] ConfigClusterResolver.java:43 - Resolving eureka endpoints via configuration
2021-08-27 15:10:49,721 [AsyncResolver-bootstrap-executor-0] INFO  [c.n.d.shared.resolver.aws.ConfigClusterResolver] ConfigClusterResolver.java:43 - Resolving eureka endpoints via configuration
2021-08-27 15:15:49,734 [AsyncResolver-bootstrap-executor-0] INFO  [c.n.d.shared.resolver.aws.ConfigClusterResolver] ConfigClusterResolver.java:43 - Resolving eureka endpoints via configuration
2021-08-27 15:20:49,736 [AsyncResolver-bootstrap-executor-0] INFO  [c.n.d.shared.resolver.aws.ConfigClusterResolver] ConfigClusterResolver.java:43 - Resolving eureka endpoints via configuration
2021-08-27 15:25:49,744 [AsyncResolver-bootstrap-executor-0] INFO  [c.n.d.shared.resolver.aws.ConfigClusterResolver] ConfigClusterResolver.java:43 - Resolving eureka endpoints via configuration
2021-08-27 15:30:49,758 [AsyncResolver-bootstrap-executor-0] INFO  [c.n.d.shared.resolver.aws.ConfigClusterResolver] ConfigClusterResolver.java:43 - Resolving eureka endpoints via configuration
2021-08-27 15:35:49,771 [AsyncResolver-bootstrap-executor-0] INFO  [c.n.d.shared.resolver.aws.ConfigClusterResolver] ConfigClusterResolver.java:43 - Resolving eureka endpoints via configuration
2021-08-27 15:40:49,787 [AsyncResolver-bootstrap-executor-0] INFO  [c.n.d.shared.resolver.aws.ConfigClusterResolver] ConfigClusterResolver.java:43 - Resolving eureka endpoints via configuration
2021-08-27 15:45:49,800 [AsyncResolver-bootstrap-executor-0] INFO  [c.n.d.shared.resolver.aws.ConfigClusterResolver] ConfigClusterResolver.java:43 - Resolving eureka endpoints via configuration
2021-08-27 15:50:49,800 [AsyncResolver-bootstrap-executor-0] INFO  [c.n.d.shared.resolver.aws.ConfigClusterResolver] ConfigClusterResolver.java:43 - Resolving eureka endpoints via configuration
2021-08-27 15:55:49,817 [AsyncResolver-bootstrap-executor-0] INFO  [c.n.d.shared.resolver.aws.ConfigClusterResolver] ConfigClusterResolver.java:43 - Resolving eureka endpoints via configuration
2021-08-27 16:00:49,825 [AsyncResolver-bootstrap-executor-0] INFO  [c.n.d.shared.resolver.aws.ConfigClusterResolver] ConfigClusterResolver.java:43 - Resolving eureka endpoints via configuration
2021-08-27 16:05:49,840 [AsyncResolver-bootstrap-executor-0] INFO  [c.n.d.shared.resolver.aws.ConfigClusterResolver] ConfigClusterResolver.java:43 - Resolving eureka endpoints via configuration
2021-08-27 16:10:49,853 [AsyncResolver-bootstrap-executor-0] INFO  [c.n.d.shared.resolver.aws.ConfigClusterResolver] ConfigClusterResolver.java:43 - Resolving eureka endpoints via configuration
2021-08-27 16:15:49,871 [AsyncResolver-bootstrap-executor-0] INFO  [c.n.d.shared.resolver.aws.ConfigClusterResolver] ConfigClusterResolver.java:43 - Resolving eureka endpoints via configuration
2021-08-27 16:20:49,894 [AsyncResolver-bootstrap-executor-0] INFO  [c.n.d.shared.resolver.aws.ConfigClusterResolver] ConfigClusterResolver.java:43 - Resolving eureka endpoints via configuration
2021-08-27 16:25:49,902 [AsyncResolver-bootstrap-executor-0] INFO  [c.n.d.shared.resolver.aws.ConfigClusterResolver] ConfigClusterResolver.java:43 - Resolving eureka endpoints via configuration
2021-08-27 16:30:49,914 [AsyncResolver-bootstrap-executor-0] INFO  [c.n.d.shared.resolver.aws.ConfigClusterResolver] ConfigClusterResolver.java:43 - Resolving eureka endpoints via configuration
2021-08-27 16:35:49,929 [AsyncResolver-bootstrap-executor-0] INFO  [c.n.d.shared.resolver.aws.ConfigClusterResolver] ConfigClusterResolver.java:43 - Resolving eureka endpoints via configuration
2021-08-27 16:40:49,940 [AsyncResolver-bootstrap-executor-0] INFO  [c.n.d.shared.resolver.aws.ConfigClusterResolver] ConfigClusterResolver.java:43 - Resolving eureka endpoints via configuration
2021-08-27 16:45:49,945 [AsyncResolver-bootstrap-executor-0] INFO  [c.n.d.shared.resolver.aws.ConfigClusterResolver] ConfigClusterResolver.java:43 - Resolving eureka endpoints via configuration
2021-08-27 16:50:49,961 [AsyncResolver-bootstrap-executor-0] INFO  [c.n.d.shared.resolver.aws.ConfigClusterResolver] ConfigClusterResolver.java:43 - Resolving eureka endpoints via configuration
2021-08-27 16:55:49,975 [AsyncResolver-bootstrap-executor-0] INFO  [c.n.d.shared.resolver.aws.ConfigClusterResolver] ConfigClusterResolver.java:43 - Resolving eureka endpoints via configuration
2021-08-27 17:00:49,992 [AsyncResolver-bootstrap-executor-0] INFO  [c.n.d.shared.resolver.aws.ConfigClusterResolver] ConfigClusterResolver.java:43 - Resolving eureka endpoints via configuration
2021-08-27 17:05:50,009 [AsyncResolver-bootstrap-executor-0] INFO  [c.n.d.shared.resolver.aws.ConfigClusterResolver] ConfigClusterResolver.java:43 - Resolving eureka endpoints via configuration
2021-08-27 17:10:50,029 [AsyncResolver-bootstrap-executor-0] INFO  [c.n.d.shared.resolver.aws.ConfigClusterResolver] ConfigClusterResolver.java:43 - Resolving eureka endpoints via configuration
2021-08-27 17:15:50,045 [AsyncResolver-bootstrap-executor-0] INFO  [c.n.d.shared.resolver.aws.ConfigClusterResolver] ConfigClusterResolver.java:43 - Resolving eureka endpoints via configuration
2021-08-27 17:20:50,056 [AsyncResolver-bootstrap-executor-0] INFO  [c.n.d.shared.resolver.aws.ConfigClusterResolver] ConfigClusterResolver.java:43 - Resolving eureka endpoints via configuration
2021-08-27 17:25:50,062 [AsyncResolver-bootstrap-executor-0] INFO  [c.n.d.shared.resolver.aws.ConfigClusterResolver] ConfigClusterResolver.java:43 - Resolving eureka endpoints via configuration
2021-08-27 17:30:50,075 [AsyncResolver-bootstrap-executor-0] INFO  [c.n.d.shared.resolver.aws.ConfigClusterResolver] ConfigClusterResolver.java:43 - Resolving eureka endpoints via configuration
2021-08-27 17:35:50,077 [AsyncResolver-bootstrap-executor-0] INFO  [c.n.d.shared.resolver.aws.ConfigClusterResolver] ConfigClusterResolver.java:43 - Resolving eureka endpoints via configuration
2021-08-27 17:40:50,082 [AsyncResolver-bootstrap-executor-0] INFO  [c.n.d.shared.resolver.aws.ConfigClusterResolver] ConfigClusterResolver.java:43 - Resolving eureka endpoints via configuration
2021-08-27 17:45:50,085 [AsyncResolver-bootstrap-executor-0] INFO  [c.n.d.shared.resolver.aws.ConfigClusterResolver] ConfigClusterResolver.java:43 - Resolving eureka endpoints via configuration
2021-08-27 17:50:50,097 [AsyncResolver-bootstrap-executor-0] INFO  [c.n.d.shared.resolver.aws.ConfigClusterResolver] ConfigClusterResolver.java:43 - Resolving eureka endpoints via configuration
2021-08-27 17:55:50,113 [AsyncResolver-bootstrap-executor-0] INFO  [c.n.d.shared.resolver.aws.ConfigClusterResolver] ConfigClusterResolver.java:43 - Resolving eureka endpoints via configuration
2021-08-27 18:00:50,117 [AsyncResolver-bootstrap-executor-0] INFO  [c.n.d.shared.resolver.aws.ConfigClusterResolver] ConfigClusterResolver.java:43 - Resolving eureka endpoints via configuration
2021-08-27 18:05:50,129 [AsyncResolver-bootstrap-executor-0] INFO  [c.n.d.shared.resolver.aws.ConfigClusterResolver] ConfigClusterResolver.java:43 - Resolving eureka endpoints via configuration
2021-08-27 18:10:50,142 [AsyncResolver-bootstrap-executor-0] INFO  [c.n.d.shared.resolver.aws.ConfigClusterResolver] ConfigClusterResolver.java:43 - Resolving eureka endpoints via configuration
2021-08-27 18:15:50,148 [AsyncResolver-bootstrap-executor-0] INFO  [c.n.d.shared.resolver.aws.ConfigClusterResolver] ConfigClusterResolver.java:43 - Resolving eureka endpoints via configuration
2021-08-27 18:20:50,160 [AsyncResolver-bootstrap-executor-0] INFO  [c.n.d.shared.resolver.aws.ConfigClusterResolver] ConfigClusterResolver.java:43 - Resolving eureka endpoints via configuration
2021-08-27 18:25:50,171 [AsyncResolver-bootstrap-executor-0] INFO  [c.n.d.shared.resolver.aws.ConfigClusterResolver] ConfigClusterResolver.java:43 - Resolving eureka endpoints via configuration
2021-08-27 18:30:50,184 [AsyncResolver-bootstrap-executor-0] INFO  [c.n.d.shared.resolver.aws.ConfigClusterResolver] ConfigClusterResolver.java:43 - Resolving eureka endpoints via configuration
2021-08-27 18:35:50,190 [AsyncResolver-bootstrap-executor-0] INFO  [c.n.d.shared.resolver.aws.ConfigClusterResolver] ConfigClusterResolver.java:43 - Resolving eureka endpoints via configuration
2021-08-27 18:40:50,196 [AsyncResolver-bootstrap-executor-0] INFO  [c.n.d.shared.resolver.aws.ConfigClusterResolver] ConfigClusterResolver.java:43 - Resolving eureka endpoints via configuration
2021-08-27 18:45:50,213 [AsyncResolver-bootstrap-executor-0] INFO  [c.n.d.shared.resolver.aws.ConfigClusterResolver] ConfigClusterResolver.java:43 - Resolving eureka endpoints via configuration
2021-08-27 18:50:50,219 [AsyncResolver-bootstrap-executor-0] INFO  [c.n.d.shared.resolver.aws.ConfigClusterResolver] ConfigClusterResolver.java:43 - Resolving eureka endpoints via configuration
2021-08-27 18:55:50,220 [AsyncResolver-bootstrap-executor-0] INFO  [c.n.d.shared.resolver.aws.ConfigClusterResolver] ConfigClusterResolver.java:43 - Resolving eureka endpoints via configuration
2021-08-27 19:00:50,230 [AsyncResolver-bootstrap-executor-0] INFO  [c.n.d.shared.resolver.aws.ConfigClusterResolver] ConfigClusterResolver.java:43 - Resolving eureka endpoints via configuration
2021-08-27 19:05:50,241 [AsyncResolver-bootstrap-executor-0] INFO  [c.n.d.shared.resolver.aws.ConfigClusterResolver] ConfigClusterResolver.java:43 - Resolving eureka endpoints via configuration
2021-08-27 19:10:50,253 [AsyncResolver-bootstrap-executor-0] INFO  [c.n.d.shared.resolver.aws.ConfigClusterResolver] ConfigClusterResolver.java:43 - Resolving eureka endpoints via configuration
2021-08-27 19:15:50,253 [AsyncResolver-bootstrap-executor-0] INFO  [c.n.d.shared.resolver.aws.ConfigClusterResolver] ConfigClusterResolver.java:43 - Resolving eureka endpoints via configuration
2021-08-27 19:20:50,266 [AsyncResolver-bootstrap-executor-0] INFO  [c.n.d.shared.resolver.aws.ConfigClusterResolver] ConfigClusterResolver.java:43 - Resolving eureka endpoints via configuration
2021-08-27 19:25:50,267 [AsyncResolver-bootstrap-executor-0] INFO  [c.n.d.shared.resolver.aws.ConfigClusterResolver] ConfigClusterResolver.java:43 - Resolving eureka endpoints via configuration
2021-08-27 19:30:50,273 [AsyncResolver-bootstrap-executor-0] INFO  [c.n.d.shared.resolver.aws.ConfigClusterResolver] ConfigClusterResolver.java:43 - Resolving eureka endpoints via configuration
2021-08-27 19:35:50,275 [AsyncResolver-bootstrap-executor-0] INFO  [c.n.d.shared.resolver.aws.ConfigClusterResolver] ConfigClusterResolver.java:43 - Resolving eureka endpoints via configuration
2021-08-27 19:40:50,279 [AsyncResolver-bootstrap-executor-0] INFO  [c.n.d.shared.resolver.aws.ConfigClusterResolver] ConfigClusterResolver.java:43 - Resolving eureka endpoints via configuration
2021-08-27 19:45:50,292 [AsyncResolver-bootstrap-executor-0] INFO  [c.n.d.shared.resolver.aws.ConfigClusterResolver] ConfigClusterResolver.java:43 - Resolving eureka endpoints via configuration
2021-08-27 19:50:50,306 [AsyncResolver-bootstrap-executor-0] INFO  [c.n.d.shared.resolver.aws.ConfigClusterResolver] ConfigClusterResolver.java:43 - Resolving eureka endpoints via configuration
2021-08-27 19:55:50,322 [AsyncResolver-bootstrap-executor-0] INFO  [c.n.d.shared.resolver.aws.ConfigClusterResolver] ConfigClusterResolver.java:43 - Resolving eureka endpoints via configuration
2021-08-27 20:00:50,337 [AsyncResolver-bootstrap-executor-0] INFO  [c.n.d.shared.resolver.aws.ConfigClusterResolver] ConfigClusterResolver.java:43 - Resolving eureka endpoints via configuration
2021-08-27 20:05:50,346 [AsyncResolver-bootstrap-executor-0] INFO  [c.n.d.shared.resolver.aws.ConfigClusterResolver] ConfigClusterResolver.java:43 - Resolving eureka endpoints via configuration
2021-08-27 20:10:50,352 [AsyncResolver-bootstrap-executor-0] INFO  [c.n.d.shared.resolver.aws.ConfigClusterResolver] ConfigClusterResolver.java:43 - Resolving eureka endpoints via configuration
2021-08-27 20:15:50,366 [AsyncResolver-bootstrap-executor-0] INFO  [c.n.d.shared.resolver.aws.ConfigClusterResolver] ConfigClusterResolver.java:43 - Resolving eureka endpoints via configuration
2021-08-27 20:20:50,367 [AsyncResolver-bootstrap-executor-0] INFO  [c.n.d.shared.resolver.aws.ConfigClusterResolver] ConfigClusterResolver.java:43 - Resolving eureka endpoints via configuration
2021-08-27 20:25:50,383 [AsyncResolver-bootstrap-executor-0] INFO  [c.n.d.shared.resolver.aws.ConfigClusterResolver] ConfigClusterResolver.java:43 - Resolving eureka endpoints via configuration
2021-08-27 20:30:50,395 [AsyncResolver-bootstrap-executor-0] INFO  [c.n.d.shared.resolver.aws.ConfigClusterResolver] ConfigClusterResolver.java:43 - Resolving eureka endpoints via configuration
2021-08-27 20:35:50,400 [AsyncResolver-bootstrap-executor-0] INFO  [c.n.d.shared.resolver.aws.ConfigClusterResolver] ConfigClusterResolver.java:43 - Resolving eureka endpoints via configuration
2021-08-27 20:40:50,413 [AsyncResolver-bootstrap-executor-0] INFO  [c.n.d.shared.resolver.aws.ConfigClusterResolver] ConfigClusterResolver.java:43 - Resolving eureka endpoints via configuration
2021-08-27 20:45:50,423 [AsyncResolver-bootstrap-executor-0] INFO  [c.n.d.shared.resolver.aws.ConfigClusterResolver] ConfigClusterResolver.java:43 - Resolving eureka endpoints via configuration
2021-08-27 20:50:50,424 [AsyncResolver-bootstrap-executor-0] INFO  [c.n.d.shared.resolver.aws.ConfigClusterResolver] ConfigClusterResolver.java:43 - Resolving eureka endpoints via configuration
2021-08-27 20:55:50,425 [AsyncResolver-bootstrap-executor-0] INFO  [c.n.d.shared.resolver.aws.ConfigClusterResolver] ConfigClusterResolver.java:43 - Resolving eureka endpoints via configuration
2021-08-27 21:00:50,440 [AsyncResolver-bootstrap-executor-0] INFO  [c.n.d.shared.resolver.aws.ConfigClusterResolver] ConfigClusterResolver.java:43 - Resolving eureka endpoints via configuration
2021-08-27 21:05:50,448 [AsyncResolver-bootstrap-executor-0] INFO  [c.n.d.shared.resolver.aws.ConfigClusterResolver] ConfigClusterResolver.java:43 - Resolving eureka endpoints via configuration
2021-08-27 21:10:50,462 [AsyncResolver-bootstrap-executor-0] INFO  [c.n.d.shared.resolver.aws.ConfigClusterResolver] ConfigClusterResolver.java:43 - Resolving eureka endpoints via configuration
2021-08-27 21:15:50,475 [AsyncResolver-bootstrap-executor-0] INFO  [c.n.d.shared.resolver.aws.ConfigClusterResolver] ConfigClusterResolver.java:43 - Resolving eureka endpoints via configuration
2021-08-27 21:20:50,489 [AsyncResolver-bootstrap-executor-0] INFO  [c.n.d.shared.resolver.aws.ConfigClusterResolver] ConfigClusterResolver.java:43 - Resolving eureka endpoints via configuration
2021-08-27 21:25:50,502 [AsyncResolver-bootstrap-executor-0] INFO  [c.n.d.shared.resolver.aws.ConfigClusterResolver] ConfigClusterResolver.java:43 - Resolving eureka endpoints via configuration
2021-08-27 21:30:50,510 [AsyncResolver-bootstrap-executor-0] INFO  [c.n.d.shared.resolver.aws.ConfigClusterResolver] ConfigClusterResolver.java:43 - Resolving eureka endpoints via configuration
2021-08-27 21:35:50,512 [AsyncResolver-bootstrap-executor-0] INFO  [c.n.d.shared.resolver.aws.ConfigClusterResolver] ConfigClusterResolver.java:43 - Resolving eureka endpoints via configuration
2021-08-27 21:40:50,518 [AsyncResolver-bootstrap-executor-0] INFO  [c.n.d.shared.resolver.aws.ConfigClusterResolver] ConfigClusterResolver.java:43 - Resolving eureka endpoints via configuration
2021-08-27 21:45:50,535 [AsyncResolver-bootstrap-executor-0] INFO  [c.n.d.shared.resolver.aws.ConfigClusterResolver] ConfigClusterResolver.java:43 - Resolving eureka endpoints via configuration
2021-08-27 21:50:50,542 [AsyncResolver-bootstrap-executor-0] INFO  [c.n.d.shared.resolver.aws.ConfigClusterResolver] ConfigClusterResolver.java:43 - Resolving eureka endpoints via configuration
2021-08-27 21:55:50,544 [AsyncResolver-bootstrap-executor-0] INFO  [c.n.d.shared.resolver.aws.ConfigClusterResolver] ConfigClusterResolver.java:43 - Resolving eureka endpoints via configuration
2021-08-27 22:00:50,563 [AsyncResolver-bootstrap-executor-0] INFO  [c.n.d.shared.resolver.aws.ConfigClusterResolver] ConfigClusterResolver.java:43 - Resolving eureka endpoints via configuration
2021-08-27 22:05:50,571 [AsyncResolver-bootstrap-executor-0] INFO  [c.n.d.shared.resolver.aws.ConfigClusterResolver] ConfigClusterResolver.java:43 - Resolving eureka endpoints via configuration
2021-08-27 22:10:50,571 [AsyncResolver-bootstrap-executor-0] INFO  [c.n.d.shared.resolver.aws.ConfigClusterResolver] ConfigClusterResolver.java:43 - Resolving eureka endpoints via configuration
2021-08-27 22:15:50,580 [AsyncResolver-bootstrap-executor-0] INFO  [c.n.d.shared.resolver.aws.ConfigClusterResolver] ConfigClusterResolver.java:43 - Resolving eureka endpoints via configuration
2021-08-27 22:20:50,589 [AsyncResolver-bootstrap-executor-0] INFO  [c.n.d.shared.resolver.aws.ConfigClusterResolver] ConfigClusterResolver.java:43 - Resolving eureka endpoints via configuration
2021-08-27 22:25:50,600 [AsyncResolver-bootstrap-executor-0] INFO  [c.n.d.shared.resolver.aws.ConfigClusterResolver] ConfigClusterResolver.java:43 - Resolving eureka endpoints via configuration
2021-08-27 22:30:50,609 [AsyncResolver-bootstrap-executor-0] INFO  [c.n.d.shared.resolver.aws.ConfigClusterResolver] ConfigClusterResolver.java:43 - Resolving eureka endpoints via configuration
2021-08-27 22:35:50,615 [AsyncResolver-bootstrap-executor-0] INFO  [c.n.d.shared.resolver.aws.ConfigClusterResolver] ConfigClusterResolver.java:43 - Resolving eureka endpoints via configuration
2021-08-27 22:40:50,624 [AsyncResolver-bootstrap-executor-0] INFO  [c.n.d.shared.resolver.aws.ConfigClusterResolver] ConfigClusterResolver.java:43 - Resolving eureka endpoints via configuration
2021-08-27 22:45:50,630 [AsyncResolver-bootstrap-executor-0] INFO  [c.n.d.shared.resolver.aws.ConfigClusterResolver] ConfigClusterResolver.java:43 - Resolving eureka endpoints via configuration
2021-08-27 22:50:50,634 [AsyncResolver-bootstrap-executor-0] INFO  [c.n.d.shared.resolver.aws.ConfigClusterResolver] ConfigClusterResolver.java:43 - Resolving eureka endpoints via configuration
2021-08-27 22:55:50,645 [AsyncResolver-bootstrap-executor-0] INFO  [c.n.d.shared.resolver.aws.ConfigClusterResolver] ConfigClusterResolver.java:43 - Resolving eureka endpoints via configuration
2021-08-27 23:00:50,656 [AsyncResolver-bootstrap-executor-0] INFO  [c.n.d.shared.resolver.aws.ConfigClusterResolver] ConfigClusterResolver.java:43 - Resolving eureka endpoints via configuration
2021-08-27 23:05:50,664 [AsyncResolver-bootstrap-executor-0] INFO  [c.n.d.shared.resolver.aws.ConfigClusterResolver] ConfigClusterResolver.java:43 - Resolving eureka endpoints via configuration
2021-08-27 23:10:50,678 [AsyncResolver-bootstrap-executor-0] INFO  [c.n.d.shared.resolver.aws.ConfigClusterResolver] ConfigClusterResolver.java:43 - Resolving eureka endpoints via configuration
2021-08-27 23:15:50,692 [AsyncResolver-bootstrap-executor-0] INFO  [c.n.d.shared.resolver.aws.ConfigClusterResolver] ConfigClusterResolver.java:43 - Resolving eureka endpoints via configuration
2021-08-27 23:20:50,701 [AsyncResolver-bootstrap-executor-0] INFO  [c.n.d.shared.resolver.aws.ConfigClusterResolver] ConfigClusterResolver.java:43 - Resolving eureka endpoints via configuration
2021-08-27 23:25:50,709 [AsyncResolver-bootstrap-executor-0] INFO  [c.n.d.shared.resolver.aws.ConfigClusterResolver] ConfigClusterResolver.java:43 - Resolving eureka endpoints via configuration
2021-08-27 23:30:50,722 [AsyncResolver-bootstrap-executor-0] INFO  [c.n.d.shared.resolver.aws.ConfigClusterResolver] ConfigClusterResolver.java:43 - Resolving eureka endpoints via configuration
2021-08-27 23:35:50,725 [AsyncResolver-bootstrap-executor-0] INFO  [c.n.d.shared.resolver.aws.ConfigClusterResolver] ConfigClusterResolver.java:43 - Resolving eureka endpoints via configuration
2021-08-27 23:40:50,735 [AsyncResolver-bootstrap-executor-0] INFO  [c.n.d.shared.resolver.aws.ConfigClusterResolver] ConfigClusterResolver.java:43 - Resolving eureka endpoints via configuration
2021-08-27 23:45:50,736 [AsyncResolver-bootstrap-executor-0] INFO  [c.n.d.shared.resolver.aws.ConfigClusterResolver] ConfigClusterResolver.java:43 - Resolving eureka endpoints via configuration
2021-08-27 23:50:50,740 [AsyncResolver-bootstrap-executor-0] INFO  [c.n.d.shared.resolver.aws.ConfigClusterResolver] ConfigClusterResolver.java:43 - Resolving eureka endpoints via configuration
2021-08-27 23:55:50,743 [AsyncResolver-bootstrap-executor-0] INFO  [c.n.d.shared.resolver.aws.ConfigClusterResolver] ConfigClusterResolver.java:43 - Resolving eureka endpoints via configuration
