2021-08-26 07:55:36,368 [main] INFO  [com.fzc.fzcstockus.FzcStockUsApplication] StartupInfoLogger.java:55 - Starting FzcStockUsApplication using Java 1.8.0_191 on FLAMENCO-XXX with PID 1308 (B:\github\flamenco\project\fzc\fzc-stock-us\target\classes started by Flamenco.xxx in B:\github\flamenco\project\fzc)
2021-08-26 07:55:36,370 [main] INFO  [com.fzc.fzcstockus.FzcStockUsApplication] SpringApplication.java:675 - No active profile set, falling back to default profiles: default
2021-08-26 07:55:36,417 [main] INFO  [o.s.boot.devtools.restart.ChangeableUrls] DeferredLog.java:255 - The Class-Path manifest attribute in C:\Users\Flamenco.xxx\.m2\repository\com\futunn\openapi\futu-api\5.4.1608\futu-api-5.4.1608.jar referenced one or more files that do not exist: file:/C:/Users/Flamenco.xxx/.m2/repository/com/futunn/openapi/futu-api/5.4.1608/protobuf-java-3.5.1.jar,file:/C:/Users/Flamenco.xxx/.m2/repository/com/futunn/openapi/futu-api/5.4.1608/jna.jar,file:/C:/Users/Flamenco.xxx/.m2/repository/com/futunn/openapi/futu-api/5.4.1608/jna-platform.jar
2021-08-26 07:55:36,418 [main] INFO  [o.s.b.d.env.DevToolsPropertyDefaultsPostProcessor] DeferredLog.java:255 - Devtools property defaults active! Set 'spring.devtools.add-properties' to 'false' to disable
2021-08-26 07:55:36,418 [main] INFO  [o.s.b.d.env.DevToolsPropertyDefaultsPostProcessor] DeferredLog.java:255 - For additional web related logging consider setting the 'logging.level.web' property to 'DEBUG'
2021-08-26 07:55:37,380 [main] INFO  [o.s.d.r.config.RepositoryConfigurationDelegate] RepositoryConfigurationDelegate.java:128 - Bootstrapping Spring Data MongoDB repositories in DEFAULT mode.
2021-08-26 07:55:37,521 [main] INFO  [o.s.d.r.config.RepositoryConfigurationDelegate] RepositoryConfigurationDelegate.java:188 - Finished Spring Data repository scanning in 126 ms. Found 3 MongoDB repository interfaces.
2021-08-26 07:55:37,806 [main] INFO  [o.springframework.cloud.context.scope.GenericScope] GenericScope.java:283 - BeanFactory id=744f0573-6226-353e-974c-03490f79e032
2021-08-26 07:55:38,608 [main] INFO  [o.s.boot.web.embedded.tomcat.TomcatWebServer] TomcatWebServer.java:108 - Tomcat initialized with port(s): 8084 (http)
2021-08-26 07:55:38,618 [main] INFO  [org.apache.catalina.core.StandardService] DirectJDKLog.java:173 - Starting service [Tomcat]
2021-08-26 07:55:38,618 [main] INFO  [org.apache.catalina.core.StandardEngine] DirectJDKLog.java:173 - Starting Servlet engine: [Apache Tomcat/9.0.45]
2021-08-26 07:55:38,720 [main] INFO  [o.a.c.core.ContainerBase.[Tomcat].[localhost].[/]] DirectJDKLog.java:173 - Initializing Spring embedded WebApplicationContext
2021-08-26 07:55:38,721 [main] INFO  [o.s.b.w.s.c.ServletWebServerApplicationContext] ServletWebServerApplicationContext.java:289 - Root WebApplicationContext: initialization completed in 2302 ms
2021-08-26 07:55:38,882 [main] INFO  [org.mongodb.driver.cluster] SLF4JLogger.java:71 - Cluster created with settings {hosts=[localhost:27017], mode=SINGLE, requiredClusterType=UNKNOWN, serverSelectionTimeout='30000 ms'}
2021-08-26 07:55:38,963 [cluster-rtt-ClusterId{value='6126d87a996a852fa6a8f560', description='null'}-localhost:27017] INFO  [org.mongodb.driver.connection] SLF4JLogger.java:71 - Opened connection [connectionId{localValue:1, serverValue:22}] to localhost:27017
2021-08-26 07:55:38,963 [cluster-ClusterId{value='6126d87a996a852fa6a8f560', description='null'}-localhost:27017] INFO  [org.mongodb.driver.connection] SLF4JLogger.java:71 - Opened connection [connectionId{localValue:2, serverValue:23}] to localhost:27017
2021-08-26 07:55:38,963 [cluster-ClusterId{value='6126d87a996a852fa6a8f560', description='null'}-localhost:27017] INFO  [org.mongodb.driver.cluster] SLF4JLogger.java:71 - Monitor thread successfully connected to server with description ServerDescription{address=localhost:27017, type=STANDALONE, state=CONNECTED, ok=true, minWireVersion=0, maxWireVersion=13, maxDocumentSize=16777216, logicalSessionTimeoutMinutes=30, roundTripTimeNanos=28592900}
2021-08-26 07:55:39,017 [main] WARN  [org.springframework.data.convert.CustomConversions] CustomConversions.java:260 - Registering converter from class java.time.LocalDateTime to class org.joda.time.LocalDateTime as reading converter although it doesn't convert from a store-supported type! You might want to check your annotation setup at the converter implementation.
2021-08-26 07:55:39,154 [main] INFO  [o.s.b.d.autoconfigure.OptionalLiveReloadServer] OptionalLiveReloadServer.java:58 - LiveReload server is running on port 35729
2021-08-26 07:55:39,287 [main] WARN  [org.springframework.data.convert.CustomConversions] CustomConversions.java:260 - Registering converter from class java.time.LocalDateTime to class org.joda.time.LocalDateTime as reading converter although it doesn't convert from a store-supported type! You might want to check your annotation setup at the converter implementation.
2021-08-26 07:55:41,165 [main] INFO  [o.s.scheduling.concurrent.ThreadPoolTaskExecutor] ExecutorConfigurationSupport.java:181 - Initializing ExecutorService 'applicationTaskExecutor'
2021-08-26 07:55:41,972 [main] INFO  [o.s.c.n.e.c.DiscoveryClientOptionalArgsConfiguration] DiscoveryClientOptionalArgsConfiguration.java:68 - Eureka HTTP Client uses RestTemplate.
2021-08-26 07:55:42,368 [main] WARN  [o.s.c.l.c.LoadBalancerCacheAutoConfiguration$LoadBalancerCaffeineWarnLogger] LoadBalancerCacheAutoConfiguration.java:82 - Spring Cloud LoadBalancer is currently working with the default cache. You can switch to using Caffeine cache, by adding it and org.springframework.cache.caffeine.CaffeineCacheManager to the classpath.
2021-08-26 07:55:42,427 [main] INFO  [o.s.cloud.netflix.eureka.InstanceInfoFactory] InstanceInfoFactory.java:67 - Setting initial instance status as: STARTING
2021-08-26 07:55:42,468 [main] INFO  [com.netflix.discovery.DiscoveryClient] DiscoveryClient.java:372 - Initializing Eureka in region us-east-1
2021-08-26 07:55:42,475 [main] INFO  [c.n.d.shared.resolver.aws.ConfigClusterResolver] ConfigClusterResolver.java:43 - Resolving eureka endpoints via configuration
2021-08-26 07:55:42,504 [main] INFO  [com.netflix.discovery.DiscoveryClient] DiscoveryClient.java:1007 - Disable delta property : false
2021-08-26 07:55:42,504 [main] INFO  [com.netflix.discovery.DiscoveryClient] DiscoveryClient.java:1008 - Single vip registry refresh property : null
2021-08-26 07:55:42,504 [main] INFO  [com.netflix.discovery.DiscoveryClient] DiscoveryClient.java:1009 - Force full registry fetch : false
2021-08-26 07:55:42,505 [main] INFO  [com.netflix.discovery.DiscoveryClient] DiscoveryClient.java:1010 - Application is null : false
2021-08-26 07:55:42,505 [main] INFO  [com.netflix.discovery.DiscoveryClient] DiscoveryClient.java:1011 - Registered Applications size is zero : true
2021-08-26 07:55:42,505 [main] INFO  [com.netflix.discovery.DiscoveryClient] DiscoveryClient.java:1013 - Application version is -1: true
2021-08-26 07:55:42,506 [main] INFO  [com.netflix.discovery.DiscoveryClient] DiscoveryClient.java:1097 - Getting all instance registry info from the eureka server
2021-08-26 07:55:42,823 [main] INFO  [com.netflix.discovery.DiscoveryClient] DiscoveryClient.java:1106 - The response status is 200
2021-08-26 07:55:42,825 [main] INFO  [com.netflix.discovery.DiscoveryClient] DiscoveryClient.java:1321 - Starting heartbeat executor: renew interval is: 5
2021-08-26 07:55:42,829 [main] INFO  [com.netflix.discovery.InstanceInfoReplicator] InstanceInfoReplicator.java:60 - InstanceInfoReplicator onDemand update allowed rate per min is 4
2021-08-26 07:55:42,834 [main] INFO  [com.netflix.discovery.DiscoveryClient] DiscoveryClient.java:492 - Discovery Client initialized at timestamp 1629935742833 with initial instances count: 0
2021-08-26 07:55:42,838 [main] INFO  [o.s.c.n.e.serviceregistry.EurekaServiceRegistry] EurekaServiceRegistry.java:41 - Registering application FZC-STOCK-US with eureka with status UP
2021-08-26 07:55:42,839 [main] INFO  [com.netflix.discovery.DiscoveryClient] DiscoveryClient.java:1352 - Saw local status change event StatusChangeEvent [timestamp=1629935742839, current=UP, previous=STARTING]
2021-08-26 07:55:42,842 [DiscoveryClient-InstanceInfoReplicator-0] INFO  [com.netflix.discovery.DiscoveryClient] DiscoveryClient.java:873 - DiscoveryClient_FZC-STOCK-US/FLAMENCO-XXX:fzc-stock-us:8084: registering service...
2021-08-26 07:55:42,867 [main] INFO  [o.s.boot.web.embedded.tomcat.TomcatWebServer] TomcatWebServer.java:220 - Tomcat started on port(s): 8084 (http) with context path ''
2021-08-26 07:55:42,868 [main] INFO  [o.s.c.n.e.s.EurekaAutoServiceRegistration] EurekaAutoServiceRegistration.java:144 - Updating port to 8084
2021-08-26 07:55:42,937 [DiscoveryClient-InstanceInfoReplicator-0] INFO  [com.netflix.discovery.DiscoveryClient] DiscoveryClient.java:882 - DiscoveryClient_FZC-STOCK-US/FLAMENCO-XXX:fzc-stock-us:8084 - registration status: 204
2021-08-26 07:55:43,209 [main] INFO  [com.fzc.fzcstockus.FzcStockUsApplication] StartupInfoLogger.java:61 - Started FzcStockUsApplication in 7.894 seconds (JVM running for 13.221)
2021-08-26 07:56:12,835 [DiscoveryClient-CacheRefreshExecutor-0] INFO  [com.netflix.discovery.DiscoveryClient] DiscoveryClient.java:1007 - Disable delta property : false
2021-08-26 07:56:12,835 [DiscoveryClient-CacheRefreshExecutor-0] INFO  [com.netflix.discovery.DiscoveryClient] DiscoveryClient.java:1008 - Single vip registry refresh property : null
2021-08-26 07:56:12,836 [DiscoveryClient-CacheRefreshExecutor-0] INFO  [com.netflix.discovery.DiscoveryClient] DiscoveryClient.java:1009 - Force full registry fetch : false
2021-08-26 07:56:12,836 [DiscoveryClient-CacheRefreshExecutor-0] INFO  [com.netflix.discovery.DiscoveryClient] DiscoveryClient.java:1010 - Application is null : false
2021-08-26 07:56:12,836 [DiscoveryClient-CacheRefreshExecutor-0] INFO  [com.netflix.discovery.DiscoveryClient] DiscoveryClient.java:1011 - Registered Applications size is zero : true
2021-08-26 07:56:12,836 [DiscoveryClient-CacheRefreshExecutor-0] INFO  [com.netflix.discovery.DiscoveryClient] DiscoveryClient.java:1013 - Application version is -1: false
2021-08-26 07:56:12,836 [DiscoveryClient-CacheRefreshExecutor-0] INFO  [com.netflix.discovery.DiscoveryClient] DiscoveryClient.java:1097 - Getting all instance registry info from the eureka server
2021-08-26 07:56:12,861 [DiscoveryClient-CacheRefreshExecutor-0] INFO  [com.netflix.discovery.DiscoveryClient] DiscoveryClient.java:1106 - The response status is 200
2021-08-26 08:00:42,523 [AsyncResolver-bootstrap-executor-0] INFO  [c.n.d.shared.resolver.aws.ConfigClusterResolver] ConfigClusterResolver.java:43 - Resolving eureka endpoints via configuration
2021-08-26 08:05:42,536 [AsyncResolver-bootstrap-executor-0] INFO  [c.n.d.shared.resolver.aws.ConfigClusterResolver] ConfigClusterResolver.java:43 - Resolving eureka endpoints via configuration
2021-08-26 08:10:42,544 [AsyncResolver-bootstrap-executor-0] INFO  [c.n.d.shared.resolver.aws.ConfigClusterResolver] ConfigClusterResolver.java:43 - Resolving eureka endpoints via configuration
2021-08-26 08:15:42,559 [AsyncResolver-bootstrap-executor-0] INFO  [c.n.d.shared.resolver.aws.ConfigClusterResolver] ConfigClusterResolver.java:43 - Resolving eureka endpoints via configuration
2021-08-26 08:16:38,006 [File Watcher] WARN  [org.mybatis.spring.mapper.ClassPathMapperScanner] Logger.java:44 - No MyBatis mapper was found in '[com.fzc.fzcstockus.mapper]' package. Please check your configuration.
2021-08-26 08:16:38,014 [File Watcher] INFO  [o.s.d.r.config.RepositoryConfigurationDelegate] RepositoryConfigurationDelegate.java:128 - Bootstrapping Spring Data MongoDB repositories in DEFAULT mode.
2021-08-26 08:16:38,022 [File Watcher] INFO  [o.s.d.r.config.RepositoryConfigurationDelegate] RepositoryConfigurationDelegate.java:188 - Finished Spring Data repository scanning in 7 ms. Found 0 MongoDB repository interfaces.
2021-08-26 08:20:40,681 [DiscoveryClient-HeartbeatExecutor-0] INFO  [com.netflix.discovery.DiscoveryClient] DiscoveryClient.java:897 - DiscoveryClient_FZC-STOCK-US/FLAMENCO-XXX:fzc-stock-us:8084 - Re-registering apps/FZC-STOCK-US
2021-08-26 08:20:40,682 [DiscoveryClient-HeartbeatExecutor-0] INFO  [com.netflix.discovery.DiscoveryClient] DiscoveryClient.java:873 - DiscoveryClient_FZC-STOCK-US/FLAMENCO-XXX:fzc-stock-us:8084: registering service...
2021-08-26 08:20:40,690 [DiscoveryClient-HeartbeatExecutor-0] INFO  [com.netflix.discovery.DiscoveryClient] DiscoveryClient.java:882 - DiscoveryClient_FZC-STOCK-US/FLAMENCO-XXX:fzc-stock-us:8084 - registration status: 204
2021-08-26 08:20:42,561 [AsyncResolver-bootstrap-executor-0] INFO  [c.n.d.shared.resolver.aws.ConfigClusterResolver] ConfigClusterResolver.java:43 - Resolving eureka endpoints via configuration
2021-08-26 08:25:42,573 [AsyncResolver-bootstrap-executor-0] INFO  [c.n.d.shared.resolver.aws.ConfigClusterResolver] ConfigClusterResolver.java:43 - Resolving eureka endpoints via configuration
2021-08-26 08:30:42,576 [AsyncResolver-bootstrap-executor-0] INFO  [c.n.d.shared.resolver.aws.ConfigClusterResolver] ConfigClusterResolver.java:43 - Resolving eureka endpoints via configuration
2021-08-26 08:32:04,073 [DiscoveryClient-HeartbeatExecutor-0] INFO  [com.netflix.discovery.DiscoveryClient] DiscoveryClient.java:897 - DiscoveryClient_FZC-STOCK-US/FLAMENCO-XXX:fzc-stock-us:8084 - Re-registering apps/FZC-STOCK-US
2021-08-26 08:32:04,074 [DiscoveryClient-HeartbeatExecutor-0] INFO  [com.netflix.discovery.DiscoveryClient] DiscoveryClient.java:873 - DiscoveryClient_FZC-STOCK-US/FLAMENCO-XXX:fzc-stock-us:8084: registering service...
2021-08-26 08:32:04,078 [DiscoveryClient-HeartbeatExecutor-0] INFO  [com.netflix.discovery.DiscoveryClient] DiscoveryClient.java:882 - DiscoveryClient_FZC-STOCK-US/FLAMENCO-XXX:fzc-stock-us:8084 - registration status: 204
2021-08-26 08:32:44,917 [DiscoveryClient-CacheRefreshExecutor-0] INFO  [com.netflix.discovery.DiscoveryClient] DiscoveryClient.java:1007 - Disable delta property : false
2021-08-26 08:32:44,917 [DiscoveryClient-CacheRefreshExecutor-0] INFO  [com.netflix.discovery.DiscoveryClient] DiscoveryClient.java:1008 - Single vip registry refresh property : null
2021-08-26 08:32:44,917 [DiscoveryClient-CacheRefreshExecutor-0] INFO  [com.netflix.discovery.DiscoveryClient] DiscoveryClient.java:1009 - Force full registry fetch : false
2021-08-26 08:32:44,917 [DiscoveryClient-CacheRefreshExecutor-0] INFO  [com.netflix.discovery.DiscoveryClient] DiscoveryClient.java:1010 - Application is null : false
2021-08-26 08:32:44,918 [DiscoveryClient-CacheRefreshExecutor-0] INFO  [com.netflix.discovery.DiscoveryClient] DiscoveryClient.java:1011 - Registered Applications size is zero : true
2021-08-26 08:32:44,918 [DiscoveryClient-CacheRefreshExecutor-0] INFO  [com.netflix.discovery.DiscoveryClient] DiscoveryClient.java:1013 - Application version is -1: false
2021-08-26 08:32:44,918 [DiscoveryClient-CacheRefreshExecutor-0] INFO  [com.netflix.discovery.DiscoveryClient] DiscoveryClient.java:1097 - Getting all instance registry info from the eureka server
2021-08-26 08:32:44,935 [DiscoveryClient-CacheRefreshExecutor-0] INFO  [com.netflix.discovery.DiscoveryClient] DiscoveryClient.java:1106 - The response status is 200
2021-08-26 08:32:50,940 [rebel-change-detector-thread] WARN  [org.mybatis.spring.mapper.ClassPathMapperScanner] Logger.java:44 - No MyBatis mapper was found in '[com.fzc.fzcstockus.mapper]' package. Please check your configuration.
2021-08-26 08:32:50,951 [rebel-change-detector-thread] INFO  [o.s.d.r.config.RepositoryConfigurationDelegate] RepositoryConfigurationDelegate.java:128 - Bootstrapping Spring Data MongoDB repositories in DEFAULT mode.
2021-08-26 08:32:50,961 [rebel-change-detector-thread] INFO  [o.s.d.r.config.RepositoryConfigurationDelegate] RepositoryConfigurationDelegate.java:188 - Finished Spring Data repository scanning in 9 ms. Found 0 MongoDB repository interfaces.
2021-08-26 08:33:20,956 [rebel-change-detector-thread] WARN  [org.mybatis.spring.mapper.ClassPathMapperScanner] Logger.java:44 - No MyBatis mapper was found in '[com.fzc.fzcstockus.mapper]' package. Please check your configuration.
2021-08-26 08:33:20,975 [rebel-change-detector-thread] INFO  [o.s.d.r.config.RepositoryConfigurationDelegate] RepositoryConfigurationDelegate.java:128 - Bootstrapping Spring Data MongoDB repositories in DEFAULT mode.
2021-08-26 08:33:20,984 [rebel-change-detector-thread] INFO  [o.s.d.r.config.RepositoryConfigurationDelegate] RepositoryConfigurationDelegate.java:188 - Finished Spring Data repository scanning in 8 ms. Found 0 MongoDB repository interfaces.
2021-08-26 08:33:49,586 [DiscoveryClient-HeartbeatExecutor-0] INFO  [com.netflix.discovery.DiscoveryClient] DiscoveryClient.java:897 - DiscoveryClient_FZC-STOCK-US/FLAMENCO-XXX:fzc-stock-us:8084 - Re-registering apps/FZC-STOCK-US
2021-08-26 08:33:49,586 [DiscoveryClient-HeartbeatExecutor-0] INFO  [com.netflix.discovery.DiscoveryClient] DiscoveryClient.java:873 - DiscoveryClient_FZC-STOCK-US/FLAMENCO-XXX:fzc-stock-us:8084: registering service...
2021-08-26 08:33:49,594 [DiscoveryClient-HeartbeatExecutor-0] INFO  [com.netflix.discovery.DiscoveryClient] DiscoveryClient.java:882 - DiscoveryClient_FZC-STOCK-US/FLAMENCO-XXX:fzc-stock-us:8084 - registration status: 204
2021-08-26 08:35:42,592 [AsyncResolver-bootstrap-executor-0] INFO  [c.n.d.shared.resolver.aws.ConfigClusterResolver] ConfigClusterResolver.java:43 - Resolving eureka endpoints via configuration
2021-08-26 08:36:20,372 [DiscoveryClient-HeartbeatExecutor-0] INFO  [com.netflix.discovery.DiscoveryClient] DiscoveryClient.java:897 - DiscoveryClient_FZC-STOCK-US/FLAMENCO-XXX:fzc-stock-us:8084 - Re-registering apps/FZC-STOCK-US
2021-08-26 08:36:20,372 [DiscoveryClient-HeartbeatExecutor-0] INFO  [com.netflix.discovery.DiscoveryClient] DiscoveryClient.java:873 - DiscoveryClient_FZC-STOCK-US/FLAMENCO-XXX:fzc-stock-us:8084: registering service...
2021-08-26 08:36:20,375 [DiscoveryClient-HeartbeatExecutor-0] INFO  [com.netflix.discovery.DiscoveryClient] DiscoveryClient.java:882 - DiscoveryClient_FZC-STOCK-US/FLAMENCO-XXX:fzc-stock-us:8084 - registration status: 204
2021-08-26 08:38:11,164 [rebel-change-detector-thread] WARN  [org.mybatis.spring.mapper.ClassPathMapperScanner] Logger.java:44 - No MyBatis mapper was found in '[com.fzc.fzcstockus.mapper]' package. Please check your configuration.
2021-08-26 08:38:11,173 [rebel-change-detector-thread] INFO  [o.s.d.r.config.RepositoryConfigurationDelegate] RepositoryConfigurationDelegate.java:128 - Bootstrapping Spring Data MongoDB repositories in DEFAULT mode.
2021-08-26 08:38:11,180 [rebel-change-detector-thread] INFO  [o.s.d.r.config.RepositoryConfigurationDelegate] RepositoryConfigurationDelegate.java:188 - Finished Spring Data repository scanning in 6 ms. Found 0 MongoDB repository interfaces.
2021-08-26 08:40:42,601 [AsyncResolver-bootstrap-executor-0] INFO  [c.n.d.shared.resolver.aws.ConfigClusterResolver] ConfigClusterResolver.java:43 - Resolving eureka endpoints via configuration
2021-08-26 08:45:42,613 [AsyncResolver-bootstrap-executor-0] INFO  [c.n.d.shared.resolver.aws.ConfigClusterResolver] ConfigClusterResolver.java:43 - Resolving eureka endpoints via configuration
2021-08-26 08:47:48,157 [rebel-change-detector-thread] WARN  [org.mybatis.spring.mapper.ClassPathMapperScanner] Logger.java:44 - No MyBatis mapper was found in '[com.fzc.fzcstockus.mapper]' package. Please check your configuration.
2021-08-26 08:47:48,165 [rebel-change-detector-thread] INFO  [o.s.d.r.config.RepositoryConfigurationDelegate] RepositoryConfigurationDelegate.java:128 - Bootstrapping Spring Data MongoDB repositories in DEFAULT mode.
2021-08-26 08:47:48,173 [rebel-change-detector-thread] INFO  [o.s.d.r.config.RepositoryConfigurationDelegate] RepositoryConfigurationDelegate.java:188 - Finished Spring Data repository scanning in 8 ms. Found 0 MongoDB repository interfaces.
2021-08-26 08:50:42,614 [AsyncResolver-bootstrap-executor-0] INFO  [c.n.d.shared.resolver.aws.ConfigClusterResolver] ConfigClusterResolver.java:43 - Resolving eureka endpoints via configuration
2021-08-26 08:55:42,616 [AsyncResolver-bootstrap-executor-0] INFO  [c.n.d.shared.resolver.aws.ConfigClusterResolver] ConfigClusterResolver.java:43 - Resolving eureka endpoints via configuration
2021-08-26 09:00:42,625 [AsyncResolver-bootstrap-executor-0] INFO  [c.n.d.shared.resolver.aws.ConfigClusterResolver] ConfigClusterResolver.java:43 - Resolving eureka endpoints via configuration
2021-08-26 09:05:42,638 [AsyncResolver-bootstrap-executor-0] INFO  [c.n.d.shared.resolver.aws.ConfigClusterResolver] ConfigClusterResolver.java:43 - Resolving eureka endpoints via configuration
2021-08-26 09:10:42,647 [AsyncResolver-bootstrap-executor-0] INFO  [c.n.d.shared.resolver.aws.ConfigClusterResolver] ConfigClusterResolver.java:43 - Resolving eureka endpoints via configuration
2021-08-26 09:15:42,660 [AsyncResolver-bootstrap-executor-0] INFO  [c.n.d.shared.resolver.aws.ConfigClusterResolver] ConfigClusterResolver.java:43 - Resolving eureka endpoints via configuration
2021-08-26 09:20:42,676 [AsyncResolver-bootstrap-executor-0] INFO  [c.n.d.shared.resolver.aws.ConfigClusterResolver] ConfigClusterResolver.java:43 - Resolving eureka endpoints via configuration
2021-08-26 09:25:42,682 [AsyncResolver-bootstrap-executor-0] INFO  [c.n.d.shared.resolver.aws.ConfigClusterResolver] ConfigClusterResolver.java:43 - Resolving eureka endpoints via configuration
2021-08-26 09:30:42,688 [AsyncResolver-bootstrap-executor-0] INFO  [c.n.d.shared.resolver.aws.ConfigClusterResolver] ConfigClusterResolver.java:43 - Resolving eureka endpoints via configuration
2021-08-26 09:35:42,702 [AsyncResolver-bootstrap-executor-0] INFO  [c.n.d.shared.resolver.aws.ConfigClusterResolver] ConfigClusterResolver.java:43 - Resolving eureka endpoints via configuration
2021-08-26 09:40:42,714 [AsyncResolver-bootstrap-executor-0] INFO  [c.n.d.shared.resolver.aws.ConfigClusterResolver] ConfigClusterResolver.java:43 - Resolving eureka endpoints via configuration
2021-08-26 09:45:42,730 [AsyncResolver-bootstrap-executor-0] INFO  [c.n.d.shared.resolver.aws.ConfigClusterResolver] ConfigClusterResolver.java:43 - Resolving eureka endpoints via configuration
2021-08-26 09:50:42,739 [AsyncResolver-bootstrap-executor-0] INFO  [c.n.d.shared.resolver.aws.ConfigClusterResolver] ConfigClusterResolver.java:43 - Resolving eureka endpoints via configuration
2021-08-26 09:55:42,750 [AsyncResolver-bootstrap-executor-0] INFO  [c.n.d.shared.resolver.aws.ConfigClusterResolver] ConfigClusterResolver.java:43 - Resolving eureka endpoints via configuration
2021-08-26 10:00:42,752 [AsyncResolver-bootstrap-executor-0] INFO  [c.n.d.shared.resolver.aws.ConfigClusterResolver] ConfigClusterResolver.java:43 - Resolving eureka endpoints via configuration
2021-08-26 10:05:42,756 [AsyncResolver-bootstrap-executor-0] INFO  [c.n.d.shared.resolver.aws.ConfigClusterResolver] ConfigClusterResolver.java:43 - Resolving eureka endpoints via configuration
2021-08-26 10:10:42,762 [AsyncResolver-bootstrap-executor-0] INFO  [c.n.d.shared.resolver.aws.ConfigClusterResolver] ConfigClusterResolver.java:43 - Resolving eureka endpoints via configuration
2021-08-26 10:15:42,774 [AsyncResolver-bootstrap-executor-0] INFO  [c.n.d.shared.resolver.aws.ConfigClusterResolver] ConfigClusterResolver.java:43 - Resolving eureka endpoints via configuration
2021-08-26 10:20:42,782 [AsyncResolver-bootstrap-executor-0] INFO  [c.n.d.shared.resolver.aws.ConfigClusterResolver] ConfigClusterResolver.java:43 - Resolving eureka endpoints via configuration
2021-08-26 10:25:42,785 [AsyncResolver-bootstrap-executor-0] INFO  [c.n.d.shared.resolver.aws.ConfigClusterResolver] ConfigClusterResolver.java:43 - Resolving eureka endpoints via configuration
2021-08-26 10:30:42,798 [AsyncResolver-bootstrap-executor-0] INFO  [c.n.d.shared.resolver.aws.ConfigClusterResolver] ConfigClusterResolver.java:43 - Resolving eureka endpoints via configuration
2021-08-26 10:35:42,800 [AsyncResolver-bootstrap-executor-0] INFO  [c.n.d.shared.resolver.aws.ConfigClusterResolver] ConfigClusterResolver.java:43 - Resolving eureka endpoints via configuration
2021-08-26 10:40:42,813 [AsyncResolver-bootstrap-executor-0] INFO  [c.n.d.shared.resolver.aws.ConfigClusterResolver] ConfigClusterResolver.java:43 - Resolving eureka endpoints via configuration
2021-08-26 10:45:42,816 [AsyncResolver-bootstrap-executor-0] INFO  [c.n.d.shared.resolver.aws.ConfigClusterResolver] ConfigClusterResolver.java:43 - Resolving eureka endpoints via configuration
2021-08-26 10:50:42,828 [AsyncResolver-bootstrap-executor-0] INFO  [c.n.d.shared.resolver.aws.ConfigClusterResolver] ConfigClusterResolver.java:43 - Resolving eureka endpoints via configuration
2021-08-26 10:52:26,689 [rebel-change-detector-thread] WARN  [org.mybatis.spring.mapper.ClassPathMapperScanner] Logger.java:44 - No MyBatis mapper was found in '[com.fzc.fzcstockus.mapper]' package. Please check your configuration.
2021-08-26 10:52:26,706 [rebel-change-detector-thread] INFO  [o.s.d.r.config.RepositoryConfigurationDelegate] RepositoryConfigurationDelegate.java:128 - Bootstrapping Spring Data MongoDB repositories in DEFAULT mode.
2021-08-26 10:52:26,722 [rebel-change-detector-thread] INFO  [o.s.d.r.config.RepositoryConfigurationDelegate] RepositoryConfigurationDelegate.java:188 - Finished Spring Data repository scanning in 15 ms. Found 0 MongoDB repository interfaces.
2021-08-26 10:55:10,886 [rebel-change-detector-thread] WARN  [org.mybatis.spring.mapper.ClassPathMapperScanner] Logger.java:44 - No MyBatis mapper was found in '[com.fzc.fzcstockus.mapper]' package. Please check your configuration.
2021-08-26 10:55:10,899 [rebel-change-detector-thread] INFO  [o.s.d.r.config.RepositoryConfigurationDelegate] RepositoryConfigurationDelegate.java:128 - Bootstrapping Spring Data MongoDB repositories in DEFAULT mode.
2021-08-26 10:55:10,916 [rebel-change-detector-thread] INFO  [o.s.d.r.config.RepositoryConfigurationDelegate] RepositoryConfigurationDelegate.java:188 - Finished Spring Data repository scanning in 15 ms. Found 0 MongoDB repository interfaces.
2021-08-26 10:55:42,838 [AsyncResolver-bootstrap-executor-0] INFO  [c.n.d.shared.resolver.aws.ConfigClusterResolver] ConfigClusterResolver.java:43 - Resolving eureka endpoints via configuration
2021-08-26 11:00:42,845 [AsyncResolver-bootstrap-executor-0] INFO  [c.n.d.shared.resolver.aws.ConfigClusterResolver] ConfigClusterResolver.java:43 - Resolving eureka endpoints via configuration
2021-08-26 11:05:42,859 [AsyncResolver-bootstrap-executor-0] INFO  [c.n.d.shared.resolver.aws.ConfigClusterResolver] ConfigClusterResolver.java:43 - Resolving eureka endpoints via configuration
2021-08-26 11:10:42,873 [AsyncResolver-bootstrap-executor-0] INFO  [c.n.d.shared.resolver.aws.ConfigClusterResolver] ConfigClusterResolver.java:43 - Resolving eureka endpoints via configuration
2021-08-26 11:15:42,881 [AsyncResolver-bootstrap-executor-0] INFO  [c.n.d.shared.resolver.aws.ConfigClusterResolver] ConfigClusterResolver.java:43 - Resolving eureka endpoints via configuration
2021-08-26 11:20:09,390 [DiscoveryClient-HeartbeatExecutor-0] INFO  [com.netflix.discovery.DiscoveryClient] DiscoveryClient.java:897 - DiscoveryClient_FZC-STOCK-US/FLAMENCO-XXX:fzc-stock-us:8084 - Re-registering apps/FZC-STOCK-US
2021-08-26 11:20:09,391 [DiscoveryClient-HeartbeatExecutor-0] INFO  [com.netflix.discovery.DiscoveryClient] DiscoveryClient.java:873 - DiscoveryClient_FZC-STOCK-US/FLAMENCO-XXX:fzc-stock-us:8084: registering service...
2021-08-26 11:20:09,399 [DiscoveryClient-HeartbeatExecutor-0] INFO  [com.netflix.discovery.DiscoveryClient] DiscoveryClient.java:882 - DiscoveryClient_FZC-STOCK-US/FLAMENCO-XXX:fzc-stock-us:8084 - registration status: 204
2021-08-26 11:20:42,882 [AsyncResolver-bootstrap-executor-0] INFO  [c.n.d.shared.resolver.aws.ConfigClusterResolver] ConfigClusterResolver.java:43 - Resolving eureka endpoints via configuration
2021-08-26 11:25:42,893 [AsyncResolver-bootstrap-executor-0] INFO  [c.n.d.shared.resolver.aws.ConfigClusterResolver] ConfigClusterResolver.java:43 - Resolving eureka endpoints via configuration
2021-08-26 11:30:42,905 [AsyncResolver-bootstrap-executor-0] INFO  [c.n.d.shared.resolver.aws.ConfigClusterResolver] ConfigClusterResolver.java:43 - Resolving eureka endpoints via configuration
2021-08-26 11:35:42,911 [AsyncResolver-bootstrap-executor-0] INFO  [c.n.d.shared.resolver.aws.ConfigClusterResolver] ConfigClusterResolver.java:43 - Resolving eureka endpoints via configuration
2021-08-26 11:40:42,919 [AsyncResolver-bootstrap-executor-0] INFO  [c.n.d.shared.resolver.aws.ConfigClusterResolver] ConfigClusterResolver.java:43 - Resolving eureka endpoints via configuration
2021-08-26 11:45:42,932 [AsyncResolver-bootstrap-executor-0] INFO  [c.n.d.shared.resolver.aws.ConfigClusterResolver] ConfigClusterResolver.java:43 - Resolving eureka endpoints via configuration
2021-08-26 11:50:42,935 [AsyncResolver-bootstrap-executor-0] INFO  [c.n.d.shared.resolver.aws.ConfigClusterResolver] ConfigClusterResolver.java:43 - Resolving eureka endpoints via configuration
2021-08-26 11:55:42,940 [AsyncResolver-bootstrap-executor-0] INFO  [c.n.d.shared.resolver.aws.ConfigClusterResolver] ConfigClusterResolver.java:43 - Resolving eureka endpoints via configuration
2021-08-26 12:00:42,946 [AsyncResolver-bootstrap-executor-0] INFO  [c.n.d.shared.resolver.aws.ConfigClusterResolver] ConfigClusterResolver.java:43 - Resolving eureka endpoints via configuration
2021-08-26 12:05:42,953 [AsyncResolver-bootstrap-executor-0] INFO  [c.n.d.shared.resolver.aws.ConfigClusterResolver] ConfigClusterResolver.java:43 - Resolving eureka endpoints via configuration
2021-08-26 12:10:42,960 [AsyncResolver-bootstrap-executor-0] INFO  [c.n.d.shared.resolver.aws.ConfigClusterResolver] ConfigClusterResolver.java:43 - Resolving eureka endpoints via configuration
2021-08-26 12:10:44,624 [DiscoveryClient-HeartbeatExecutor-0] INFO  [com.netflix.discovery.DiscoveryClient] DiscoveryClient.java:897 - DiscoveryClient_FZC-STOCK-US/FLAMENCO-XXX:fzc-stock-us:8084 - Re-registering apps/FZC-STOCK-US
2021-08-26 12:10:44,624 [DiscoveryClient-HeartbeatExecutor-0] INFO  [com.netflix.discovery.DiscoveryClient] DiscoveryClient.java:873 - DiscoveryClient_FZC-STOCK-US/FLAMENCO-XXX:fzc-stock-us:8084: registering service...
2021-08-26 12:10:44,632 [DiscoveryClient-HeartbeatExecutor-0] INFO  [com.netflix.discovery.DiscoveryClient] DiscoveryClient.java:882 - DiscoveryClient_FZC-STOCK-US/FLAMENCO-XXX:fzc-stock-us:8084 - registration status: 204
2021-08-26 12:11:39,932 [DiscoveryClient-HeartbeatExecutor-0] INFO  [com.netflix.discovery.DiscoveryClient] DiscoveryClient.java:897 - DiscoveryClient_FZC-STOCK-US/FLAMENCO-XXX:fzc-stock-us:8084 - Re-registering apps/FZC-STOCK-US
2021-08-26 12:11:39,933 [DiscoveryClient-HeartbeatExecutor-0] INFO  [com.netflix.discovery.DiscoveryClient] DiscoveryClient.java:873 - DiscoveryClient_FZC-STOCK-US/FLAMENCO-XXX:fzc-stock-us:8084: registering service...
2021-08-26 12:11:39,936 [DiscoveryClient-HeartbeatExecutor-0] INFO  [com.netflix.discovery.DiscoveryClient] DiscoveryClient.java:882 - DiscoveryClient_FZC-STOCK-US/FLAMENCO-XXX:fzc-stock-us:8084 - registration status: 204
2021-08-26 12:14:20,752 [DiscoveryClient-HeartbeatExecutor-0] INFO  [com.netflix.discovery.DiscoveryClient] DiscoveryClient.java:897 - DiscoveryClient_FZC-STOCK-US/FLAMENCO-XXX:fzc-stock-us:8084 - Re-registering apps/FZC-STOCK-US
2021-08-26 12:14:20,752 [DiscoveryClient-HeartbeatExecutor-0] INFO  [com.netflix.discovery.DiscoveryClient] DiscoveryClient.java:873 - DiscoveryClient_FZC-STOCK-US/FLAMENCO-XXX:fzc-stock-us:8084: registering service...
2021-08-26 12:14:20,758 [DiscoveryClient-HeartbeatExecutor-0] INFO  [com.netflix.discovery.DiscoveryClient] DiscoveryClient.java:882 - DiscoveryClient_FZC-STOCK-US/FLAMENCO-XXX:fzc-stock-us:8084 - registration status: 204
2021-08-26 12:15:00,952 [DiscoveryClient-HeartbeatExecutor-0] INFO  [com.netflix.discovery.DiscoveryClient] DiscoveryClient.java:897 - DiscoveryClient_FZC-STOCK-US/FLAMENCO-XXX:fzc-stock-us:8084 - Re-registering apps/FZC-STOCK-US
2021-08-26 12:15:00,952 [DiscoveryClient-HeartbeatExecutor-0] INFO  [com.netflix.discovery.DiscoveryClient] DiscoveryClient.java:873 - DiscoveryClient_FZC-STOCK-US/FLAMENCO-XXX:fzc-stock-us:8084: registering service...
2021-08-26 12:15:00,956 [DiscoveryClient-HeartbeatExecutor-0] INFO  [com.netflix.discovery.DiscoveryClient] DiscoveryClient.java:882 - DiscoveryClient_FZC-STOCK-US/FLAMENCO-XXX:fzc-stock-us:8084 - registration status: 204
2021-08-26 12:15:42,973 [AsyncResolver-bootstrap-executor-0] INFO  [c.n.d.shared.resolver.aws.ConfigClusterResolver] ConfigClusterResolver.java:43 - Resolving eureka endpoints via configuration
2021-08-26 12:20:42,979 [AsyncResolver-bootstrap-executor-0] INFO  [c.n.d.shared.resolver.aws.ConfigClusterResolver] ConfigClusterResolver.java:43 - Resolving eureka endpoints via configuration
2021-08-26 12:25:42,983 [AsyncResolver-bootstrap-executor-0] INFO  [c.n.d.shared.resolver.aws.ConfigClusterResolver] ConfigClusterResolver.java:43 - Resolving eureka endpoints via configuration
2021-08-26 12:30:42,995 [AsyncResolver-bootstrap-executor-0] INFO  [c.n.d.shared.resolver.aws.ConfigClusterResolver] ConfigClusterResolver.java:43 - Resolving eureka endpoints via configuration
2021-08-26 12:35:42,997 [AsyncResolver-bootstrap-executor-0] INFO  [c.n.d.shared.resolver.aws.ConfigClusterResolver] ConfigClusterResolver.java:43 - Resolving eureka endpoints via configuration
2021-08-26 12:40:43,001 [AsyncResolver-bootstrap-executor-0] INFO  [c.n.d.shared.resolver.aws.ConfigClusterResolver] ConfigClusterResolver.java:43 - Resolving eureka endpoints via configuration
2021-08-26 12:45:43,009 [AsyncResolver-bootstrap-executor-0] INFO  [c.n.d.shared.resolver.aws.ConfigClusterResolver] ConfigClusterResolver.java:43 - Resolving eureka endpoints via configuration
2021-08-26 12:50:43,014 [AsyncResolver-bootstrap-executor-0] INFO  [c.n.d.shared.resolver.aws.ConfigClusterResolver] ConfigClusterResolver.java:43 - Resolving eureka endpoints via configuration
2021-08-26 12:55:43,017 [AsyncResolver-bootstrap-executor-0] INFO  [c.n.d.shared.resolver.aws.ConfigClusterResolver] ConfigClusterResolver.java:43 - Resolving eureka endpoints via configuration
2021-08-26 13:00:43,019 [AsyncResolver-bootstrap-executor-0] INFO  [c.n.d.shared.resolver.aws.ConfigClusterResolver] ConfigClusterResolver.java:43 - Resolving eureka endpoints via configuration
2021-08-26 13:05:43,033 [AsyncResolver-bootstrap-executor-0] INFO  [c.n.d.shared.resolver.aws.ConfigClusterResolver] ConfigClusterResolver.java:43 - Resolving eureka endpoints via configuration
2021-08-26 13:10:43,045 [AsyncResolver-bootstrap-executor-0] INFO  [c.n.d.shared.resolver.aws.ConfigClusterResolver] ConfigClusterResolver.java:43 - Resolving eureka endpoints via configuration
2021-08-26 13:15:43,052 [AsyncResolver-bootstrap-executor-0] INFO  [c.n.d.shared.resolver.aws.ConfigClusterResolver] ConfigClusterResolver.java:43 - Resolving eureka endpoints via configuration
2021-08-26 13:20:43,068 [AsyncResolver-bootstrap-executor-0] INFO  [c.n.d.shared.resolver.aws.ConfigClusterResolver] ConfigClusterResolver.java:43 - Resolving eureka endpoints via configuration
2021-08-26 13:25:43,082 [AsyncResolver-bootstrap-executor-0] INFO  [c.n.d.shared.resolver.aws.ConfigClusterResolver] ConfigClusterResolver.java:43 - Resolving eureka endpoints via configuration
2021-08-26 13:30:43,086 [AsyncResolver-bootstrap-executor-0] INFO  [c.n.d.shared.resolver.aws.ConfigClusterResolver] ConfigClusterResolver.java:43 - Resolving eureka endpoints via configuration
2021-08-26 13:35:43,091 [AsyncResolver-bootstrap-executor-0] INFO  [c.n.d.shared.resolver.aws.ConfigClusterResolver] ConfigClusterResolver.java:43 - Resolving eureka endpoints via configuration
2021-08-26 13:40:43,102 [AsyncResolver-bootstrap-executor-0] INFO  [c.n.d.shared.resolver.aws.ConfigClusterResolver] ConfigClusterResolver.java:43 - Resolving eureka endpoints via configuration
2021-08-26 13:45:43,106 [AsyncResolver-bootstrap-executor-0] INFO  [c.n.d.shared.resolver.aws.ConfigClusterResolver] ConfigClusterResolver.java:43 - Resolving eureka endpoints via configuration
2021-08-26 13:50:43,120 [AsyncResolver-bootstrap-executor-0] INFO  [c.n.d.shared.resolver.aws.ConfigClusterResolver] ConfigClusterResolver.java:43 - Resolving eureka endpoints via configuration
2021-08-26 13:55:43,122 [AsyncResolver-bootstrap-executor-0] INFO  [c.n.d.shared.resolver.aws.ConfigClusterResolver] ConfigClusterResolver.java:43 - Resolving eureka endpoints via configuration
2021-08-26 14:00:43,137 [AsyncResolver-bootstrap-executor-0] INFO  [c.n.d.shared.resolver.aws.ConfigClusterResolver] ConfigClusterResolver.java:43 - Resolving eureka endpoints via configuration
2021-08-26 14:05:43,145 [AsyncResolver-bootstrap-executor-0] INFO  [c.n.d.shared.resolver.aws.ConfigClusterResolver] ConfigClusterResolver.java:43 - Resolving eureka endpoints via configuration
2021-08-26 14:10:43,160 [AsyncResolver-bootstrap-executor-0] INFO  [c.n.d.shared.resolver.aws.ConfigClusterResolver] ConfigClusterResolver.java:43 - Resolving eureka endpoints via configuration
2021-08-26 14:15:43,161 [AsyncResolver-bootstrap-executor-0] INFO  [c.n.d.shared.resolver.aws.ConfigClusterResolver] ConfigClusterResolver.java:43 - Resolving eureka endpoints via configuration
2021-08-26 14:20:43,163 [AsyncResolver-bootstrap-executor-0] INFO  [c.n.d.shared.resolver.aws.ConfigClusterResolver] ConfigClusterResolver.java:43 - Resolving eureka endpoints via configuration
2021-08-26 14:25:43,170 [AsyncResolver-bootstrap-executor-0] INFO  [c.n.d.shared.resolver.aws.ConfigClusterResolver] ConfigClusterResolver.java:43 - Resolving eureka endpoints via configuration
2021-08-26 14:30:43,177 [AsyncResolver-bootstrap-executor-0] INFO  [c.n.d.shared.resolver.aws.ConfigClusterResolver] ConfigClusterResolver.java:43 - Resolving eureka endpoints via configuration
2021-08-26 14:35:43,190 [AsyncResolver-bootstrap-executor-0] INFO  [c.n.d.shared.resolver.aws.ConfigClusterResolver] ConfigClusterResolver.java:43 - Resolving eureka endpoints via configuration
2021-08-26 14:40:43,195 [AsyncResolver-bootstrap-executor-0] INFO  [c.n.d.shared.resolver.aws.ConfigClusterResolver] ConfigClusterResolver.java:43 - Resolving eureka endpoints via configuration
2021-08-26 14:45:43,198 [AsyncResolver-bootstrap-executor-0] INFO  [c.n.d.shared.resolver.aws.ConfigClusterResolver] ConfigClusterResolver.java:43 - Resolving eureka endpoints via configuration
2021-08-26 14:50:43,201 [AsyncResolver-bootstrap-executor-0] INFO  [c.n.d.shared.resolver.aws.ConfigClusterResolver] ConfigClusterResolver.java:43 - Resolving eureka endpoints via configuration
2021-08-26 14:55:43,203 [AsyncResolver-bootstrap-executor-0] INFO  [c.n.d.shared.resolver.aws.ConfigClusterResolver] ConfigClusterResolver.java:43 - Resolving eureka endpoints via configuration
2021-08-26 15:00:43,217 [AsyncResolver-bootstrap-executor-0] INFO  [c.n.d.shared.resolver.aws.ConfigClusterResolver] ConfigClusterResolver.java:43 - Resolving eureka endpoints via configuration
2021-08-26 15:05:43,224 [AsyncResolver-bootstrap-executor-0] INFO  [c.n.d.shared.resolver.aws.ConfigClusterResolver] ConfigClusterResolver.java:43 - Resolving eureka endpoints via configuration
2021-08-26 15:10:43,237 [AsyncResolver-bootstrap-executor-0] INFO  [c.n.d.shared.resolver.aws.ConfigClusterResolver] ConfigClusterResolver.java:43 - Resolving eureka endpoints via configuration
2021-08-26 15:15:43,246 [AsyncResolver-bootstrap-executor-0] INFO  [c.n.d.shared.resolver.aws.ConfigClusterResolver] ConfigClusterResolver.java:43 - Resolving eureka endpoints via configuration
2021-08-26 15:20:43,263 [AsyncResolver-bootstrap-executor-0] INFO  [c.n.d.shared.resolver.aws.ConfigClusterResolver] ConfigClusterResolver.java:43 - Resolving eureka endpoints via configuration
2021-08-26 15:25:43,268 [AsyncResolver-bootstrap-executor-0] INFO  [c.n.d.shared.resolver.aws.ConfigClusterResolver] ConfigClusterResolver.java:43 - Resolving eureka endpoints via configuration
2021-08-26 15:30:43,272 [AsyncResolver-bootstrap-executor-0] INFO  [c.n.d.shared.resolver.aws.ConfigClusterResolver] ConfigClusterResolver.java:43 - Resolving eureka endpoints via configuration
2021-08-26 15:35:43,279 [AsyncResolver-bootstrap-executor-0] INFO  [c.n.d.shared.resolver.aws.ConfigClusterResolver] ConfigClusterResolver.java:43 - Resolving eureka endpoints via configuration
2021-08-26 15:40:43,283 [AsyncResolver-bootstrap-executor-0] INFO  [c.n.d.shared.resolver.aws.ConfigClusterResolver] ConfigClusterResolver.java:43 - Resolving eureka endpoints via configuration
2021-08-26 15:45:43,292 [AsyncResolver-bootstrap-executor-0] INFO  [c.n.d.shared.resolver.aws.ConfigClusterResolver] ConfigClusterResolver.java:43 - Resolving eureka endpoints via configuration
2021-08-26 15:50:43,299 [AsyncResolver-bootstrap-executor-0] INFO  [c.n.d.shared.resolver.aws.ConfigClusterResolver] ConfigClusterResolver.java:43 - Resolving eureka endpoints via configuration
2021-08-26 15:55:43,314 [AsyncResolver-bootstrap-executor-0] INFO  [c.n.d.shared.resolver.aws.ConfigClusterResolver] ConfigClusterResolver.java:43 - Resolving eureka endpoints via configuration
2021-08-26 16:00:43,323 [AsyncResolver-bootstrap-executor-0] INFO  [c.n.d.shared.resolver.aws.ConfigClusterResolver] ConfigClusterResolver.java:43 - Resolving eureka endpoints via configuration
2021-08-26 16:05:43,332 [AsyncResolver-bootstrap-executor-0] INFO  [c.n.d.shared.resolver.aws.ConfigClusterResolver] ConfigClusterResolver.java:43 - Resolving eureka endpoints via configuration
2021-08-26 16:10:43,333 [AsyncResolver-bootstrap-executor-0] INFO  [c.n.d.shared.resolver.aws.ConfigClusterResolver] ConfigClusterResolver.java:43 - Resolving eureka endpoints via configuration
2021-08-26 16:15:43,345 [AsyncResolver-bootstrap-executor-0] INFO  [c.n.d.shared.resolver.aws.ConfigClusterResolver] ConfigClusterResolver.java:43 - Resolving eureka endpoints via configuration
2021-08-26 16:20:43,354 [AsyncResolver-bootstrap-executor-0] INFO  [c.n.d.shared.resolver.aws.ConfigClusterResolver] ConfigClusterResolver.java:43 - Resolving eureka endpoints via configuration
2021-08-26 16:25:43,359 [AsyncResolver-bootstrap-executor-0] INFO  [c.n.d.shared.resolver.aws.ConfigClusterResolver] ConfigClusterResolver.java:43 - Resolving eureka endpoints via configuration
