2021-09-03 00:00:49,859 [AsyncResolver-bootstrap-executor-0] INFO  [c.n.d.shared.resolver.aws.ConfigClusterResolver] ConfigClusterResolver.java:43 - Resolving eureka endpoints via configuration
2021-09-03 00:05:49,919 [AsyncResolver-bootstrap-executor-0] INFO  [c.n.d.shared.resolver.aws.ConfigClusterResolver] ConfigClusterResolver.java:43 - Resolving eureka endpoints via configuration
2021-09-03 00:10:49,920 [AsyncResolver-bootstrap-executor-0] INFO  [c.n.d.shared.resolver.aws.ConfigClusterResolver] ConfigClusterResolver.java:43 - Resolving eureka endpoints via configuration
2021-09-03 00:15:49,932 [AsyncResolver-bootstrap-executor-0] INFO  [c.n.d.shared.resolver.aws.ConfigClusterResolver] ConfigClusterResolver.java:43 - Resolving eureka endpoints via configuration
2021-09-03 08:54:37,742 [main] INFO  [com.fzc.fzcstockus.FzcStockUsApplication] StartupInfoLogger.java:55 - Starting FzcStockUsApplication using Java 1.8.0_191 on FLAMENCO-XXX with PID 38280 (B:\github\flamenco\project\fzc\fzc-stock-us\target\classes started by Flamenco.xxx in B:\github\flamenco\project\fzc)
2021-09-03 08:54:37,744 [main] INFO  [com.fzc.fzcstockus.FzcStockUsApplication] SpringApplication.java:675 - No active profile set, falling back to default profiles: default
2021-09-03 08:54:37,914 [main] INFO  [o.s.boot.devtools.restart.ChangeableUrls] DeferredLog.java:255 - The Class-Path manifest attribute in C:\Users\Flamenco.xxx\.m2\repository\com\futunn\openapi\futu-api\5.4.1608\futu-api-5.4.1608.jar referenced one or more files that do not exist: file:/C:/Users/Flamenco.xxx/.m2/repository/com/futunn/openapi/futu-api/5.4.1608/protobuf-java-3.5.1.jar,file:/C:/Users/Flamenco.xxx/.m2/repository/com/futunn/openapi/futu-api/5.4.1608/jna.jar,file:/C:/Users/Flamenco.xxx/.m2/repository/com/futunn/openapi/futu-api/5.4.1608/jna-platform.jar
2021-09-03 08:54:37,914 [main] INFO  [o.s.b.d.env.DevToolsPropertyDefaultsPostProcessor] DeferredLog.java:255 - Devtools property defaults active! Set 'spring.devtools.add-properties' to 'false' to disable
2021-09-03 08:54:37,915 [main] INFO  [o.s.b.d.env.DevToolsPropertyDefaultsPostProcessor] DeferredLog.java:255 - For additional web related logging consider setting the 'logging.level.web' property to 'DEBUG'
2021-09-03 08:54:39,409 [main] INFO  [o.s.d.r.config.RepositoryConfigurationDelegate] RepositoryConfigurationDelegate.java:250 - Multiple Spring Data modules found, entering strict repository configuration mode!
2021-09-03 08:54:39,410 [main] INFO  [o.s.d.r.config.RepositoryConfigurationDelegate] RepositoryConfigurationDelegate.java:128 - Bootstrapping Spring Data MongoDB repositories in DEFAULT mode.
2021-09-03 08:54:39,603 [main] INFO  [o.s.d.r.config.RepositoryConfigurationDelegate] RepositoryConfigurationDelegate.java:188 - Finished Spring Data repository scanning in 183 ms. Found 3 MongoDB repository interfaces.
2021-09-03 08:54:39,617 [main] INFO  [o.s.d.r.config.RepositoryConfigurationDelegate] RepositoryConfigurationDelegate.java:250 - Multiple Spring Data modules found, entering strict repository configuration mode!
2021-09-03 08:54:39,618 [main] INFO  [o.s.d.r.config.RepositoryConfigurationDelegate] RepositoryConfigurationDelegate.java:128 - Bootstrapping Spring Data Redis repositories in DEFAULT mode.
2021-09-03 08:54:39,646 [main] INFO  [o.s.d.r.c.RepositoryConfigurationExtensionSupport] RepositoryConfigurationExtensionSupport.java:349 - Spring Data Redis - Could not safely identify store assignment for repository candidate interface com.fzc.fzcstockus.repository.StockUsDORepository. If you want this repository to be a Redis repository, consider annotating your entities with one of these annotations: org.springframework.data.redis.core.RedisHash (preferred), or consider extending one of the following types with your repository: org.springframework.data.keyvalue.repository.KeyValueRepository.
2021-09-03 08:54:39,647 [main] INFO  [o.s.d.r.c.RepositoryConfigurationExtensionSupport] RepositoryConfigurationExtensionSupport.java:349 - Spring Data Redis - Could not safely identify store assignment for repository candidate interface com.fzc.fzcstockus.repository.StockUsInfoDoRepository. If you want this repository to be a Redis repository, consider annotating your entities with one of these annotations: org.springframework.data.redis.core.RedisHash (preferred), or consider extending one of the following types with your repository: org.springframework.data.keyvalue.repository.KeyValueRepository.
2021-09-03 08:54:39,648 [main] INFO  [o.s.d.r.c.RepositoryConfigurationExtensionSupport] RepositoryConfigurationExtensionSupport.java:349 - Spring Data Redis - Could not safely identify store assignment for repository candidate interface com.fzc.fzcstockus.repository.StockUsInfoRepository. If you want this repository to be a Redis repository, consider annotating your entities with one of these annotations: org.springframework.data.redis.core.RedisHash (preferred), or consider extending one of the following types with your repository: org.springframework.data.keyvalue.repository.KeyValueRepository.
2021-09-03 08:54:39,648 [main] INFO  [o.s.d.r.config.RepositoryConfigurationDelegate] RepositoryConfigurationDelegate.java:188 - Finished Spring Data repository scanning in 12 ms. Found 0 Redis repository interfaces.
2021-09-03 08:54:40,064 [main] INFO  [o.springframework.cloud.context.scope.GenericScope] GenericScope.java:283 - BeanFactory id=27beb8a1-8006-39b8-9e6b-0b21bf461a25
2021-09-03 08:54:40,259 [main] INFO  [o.s.c.s.PostProcessorRegistrationDelegate$BeanPostProcessorChecker] PostProcessorRegistrationDelegate.java:376 - Bean 'redisConfig' of type [com.fzc.fzcstockus.config.RedisConfig$$EnhancerBySpringCGLIB$$1] is not eligible for getting processed by all BeanPostProcessors (for example: not eligible for auto-proxying)
2021-09-03 08:54:41,072 [main] INFO  [o.s.boot.web.embedded.tomcat.TomcatWebServer] TomcatWebServer.java:108 - Tomcat initialized with port(s): 8084 (http)
2021-09-03 08:54:41,108 [main] INFO  [org.apache.catalina.core.StandardService] DirectJDKLog.java:173 - Starting service [Tomcat]
2021-09-03 08:54:41,109 [main] INFO  [org.apache.catalina.core.StandardEngine] DirectJDKLog.java:173 - Starting Servlet engine: [Apache Tomcat/9.0.45]
2021-09-03 08:54:41,260 [main] INFO  [o.a.c.core.ContainerBase.[Tomcat].[localhost].[/]] DirectJDKLog.java:173 - Initializing Spring embedded WebApplicationContext
2021-09-03 08:54:41,260 [main] INFO  [o.s.b.w.s.c.ServletWebServerApplicationContext] ServletWebServerApplicationContext.java:289 - Root WebApplicationContext: initialization completed in 3343 ms
2021-09-03 08:54:43,042 [main] INFO  [org.mongodb.driver.cluster] SLF4JLogger.java:71 - Cluster created with settings {hosts=[localhost:27017], mode=SINGLE, requiredClusterType=UNKNOWN, serverSelectionTimeout='30000 ms'}
2021-09-03 08:54:43,131 [cluster-ClusterId{value='613172530e27ed6d865ae6d6', description='null'}-localhost:27017] INFO  [org.mongodb.driver.connection] SLF4JLogger.java:71 - Opened connection [connectionId{localValue:2, serverValue:91}] to localhost:27017
2021-09-03 08:54:43,131 [cluster-rtt-ClusterId{value='613172530e27ed6d865ae6d6', description='null'}-localhost:27017] INFO  [org.mongodb.driver.connection] SLF4JLogger.java:71 - Opened connection [connectionId{localValue:1, serverValue:92}] to localhost:27017
2021-09-03 08:54:43,131 [cluster-ClusterId{value='613172530e27ed6d865ae6d6', description='null'}-localhost:27017] INFO  [org.mongodb.driver.cluster] SLF4JLogger.java:71 - Monitor thread successfully connected to server with description ServerDescription{address=localhost:27017, type=STANDALONE, state=CONNECTED, ok=true, minWireVersion=0, maxWireVersion=13, maxDocumentSize=16777216, logicalSessionTimeoutMinutes=30, roundTripTimeNanos=33870700}
2021-09-03 08:54:43,196 [main] WARN  [org.springframework.data.convert.CustomConversions] CustomConversions.java:260 - Registering converter from class java.time.LocalDateTime to class org.joda.time.LocalDateTime as reading converter although it doesn't convert from a store-supported type! You might want to check your annotation setup at the converter implementation.
2021-09-03 08:54:43,332 [main] INFO  [o.s.b.d.autoconfigure.OptionalLiveReloadServer] OptionalLiveReloadServer.java:58 - LiveReload server is running on port 35729
2021-09-03 08:54:43,441 [main] WARN  [org.springframework.data.convert.CustomConversions] CustomConversions.java:260 - Registering converter from class java.time.LocalDateTime to class org.joda.time.LocalDateTime as reading converter although it doesn't convert from a store-supported type! You might want to check your annotation setup at the converter implementation.
2021-09-03 08:54:44,309 [main] INFO  [org.redisson.Version] Version.java:41 - Redisson 3.11.3
2021-09-03 08:55:39,862 [main] INFO  [com.fzc.fzcstockus.FzcStockUsApplication] StartupInfoLogger.java:55 - Starting FzcStockUsApplication using Java 1.8.0_191 on FLAMENCO-XXX with PID 17352 (B:\github\flamenco\project\fzc\fzc-stock-us\target\classes started by Flamenco.xxx in B:\github\flamenco\project\fzc)
2021-09-03 08:55:39,864 [main] INFO  [com.fzc.fzcstockus.FzcStockUsApplication] SpringApplication.java:675 - No active profile set, falling back to default profiles: default
2021-09-03 08:55:40,043 [main] INFO  [o.s.boot.devtools.restart.ChangeableUrls] DeferredLog.java:255 - The Class-Path manifest attribute in C:\Users\Flamenco.xxx\.m2\repository\com\futunn\openapi\futu-api\5.4.1608\futu-api-5.4.1608.jar referenced one or more files that do not exist: file:/C:/Users/Flamenco.xxx/.m2/repository/com/futunn/openapi/futu-api/5.4.1608/protobuf-java-3.5.1.jar,file:/C:/Users/Flamenco.xxx/.m2/repository/com/futunn/openapi/futu-api/5.4.1608/jna.jar,file:/C:/Users/Flamenco.xxx/.m2/repository/com/futunn/openapi/futu-api/5.4.1608/jna-platform.jar
2021-09-03 08:55:40,043 [main] INFO  [o.s.b.d.env.DevToolsPropertyDefaultsPostProcessor] DeferredLog.java:255 - Devtools property defaults active! Set 'spring.devtools.add-properties' to 'false' to disable
2021-09-03 08:55:40,043 [main] INFO  [o.s.b.d.env.DevToolsPropertyDefaultsPostProcessor] DeferredLog.java:255 - For additional web related logging consider setting the 'logging.level.web' property to 'DEBUG'
2021-09-03 08:55:41,503 [main] INFO  [o.s.d.r.config.RepositoryConfigurationDelegate] RepositoryConfigurationDelegate.java:250 - Multiple Spring Data modules found, entering strict repository configuration mode!
2021-09-03 08:55:41,504 [main] INFO  [o.s.d.r.config.RepositoryConfigurationDelegate] RepositoryConfigurationDelegate.java:128 - Bootstrapping Spring Data MongoDB repositories in DEFAULT mode.
2021-09-03 08:55:41,700 [main] INFO  [o.s.d.r.config.RepositoryConfigurationDelegate] RepositoryConfigurationDelegate.java:188 - Finished Spring Data repository scanning in 186 ms. Found 3 MongoDB repository interfaces.
2021-09-03 08:55:41,715 [main] INFO  [o.s.d.r.config.RepositoryConfigurationDelegate] RepositoryConfigurationDelegate.java:250 - Multiple Spring Data modules found, entering strict repository configuration mode!
2021-09-03 08:55:41,717 [main] INFO  [o.s.d.r.config.RepositoryConfigurationDelegate] RepositoryConfigurationDelegate.java:128 - Bootstrapping Spring Data Redis repositories in DEFAULT mode.
2021-09-03 08:55:41,747 [main] INFO  [o.s.d.r.c.RepositoryConfigurationExtensionSupport] RepositoryConfigurationExtensionSupport.java:349 - Spring Data Redis - Could not safely identify store assignment for repository candidate interface com.fzc.fzcstockus.repository.StockUsDORepository. If you want this repository to be a Redis repository, consider annotating your entities with one of these annotations: org.springframework.data.redis.core.RedisHash (preferred), or consider extending one of the following types with your repository: org.springframework.data.keyvalue.repository.KeyValueRepository.
2021-09-03 08:55:41,748 [main] INFO  [o.s.d.r.c.RepositoryConfigurationExtensionSupport] RepositoryConfigurationExtensionSupport.java:349 - Spring Data Redis - Could not safely identify store assignment for repository candidate interface com.fzc.fzcstockus.repository.StockUsInfoDoRepository. If you want this repository to be a Redis repository, consider annotating your entities with one of these annotations: org.springframework.data.redis.core.RedisHash (preferred), or consider extending one of the following types with your repository: org.springframework.data.keyvalue.repository.KeyValueRepository.
2021-09-03 08:55:41,750 [main] INFO  [o.s.d.r.c.RepositoryConfigurationExtensionSupport] RepositoryConfigurationExtensionSupport.java:349 - Spring Data Redis - Could not safely identify store assignment for repository candidate interface com.fzc.fzcstockus.repository.StockUsInfoRepository. If you want this repository to be a Redis repository, consider annotating your entities with one of these annotations: org.springframework.data.redis.core.RedisHash (preferred), or consider extending one of the following types with your repository: org.springframework.data.keyvalue.repository.KeyValueRepository.
2021-09-03 08:55:41,750 [main] INFO  [o.s.d.r.config.RepositoryConfigurationDelegate] RepositoryConfigurationDelegate.java:188 - Finished Spring Data repository scanning in 14 ms. Found 0 Redis repository interfaces.
2021-09-03 08:55:42,186 [main] INFO  [o.springframework.cloud.context.scope.GenericScope] GenericScope.java:283 - BeanFactory id=27beb8a1-8006-39b8-9e6b-0b21bf461a25
2021-09-03 08:55:42,386 [main] INFO  [o.s.c.s.PostProcessorRegistrationDelegate$BeanPostProcessorChecker] PostProcessorRegistrationDelegate.java:376 - Bean 'redisConfig' of type [com.fzc.fzcstockus.config.RedisConfig$$EnhancerBySpringCGLIB$$1] is not eligible for getting processed by all BeanPostProcessors (for example: not eligible for auto-proxying)
2021-09-03 08:55:43,224 [main] INFO  [o.s.boot.web.embedded.tomcat.TomcatWebServer] TomcatWebServer.java:108 - Tomcat initialized with port(s): 8084 (http)
2021-09-03 08:55:43,248 [main] INFO  [org.apache.catalina.core.StandardService] DirectJDKLog.java:173 - Starting service [Tomcat]
2021-09-03 08:55:43,248 [main] INFO  [org.apache.catalina.core.StandardEngine] DirectJDKLog.java:173 - Starting Servlet engine: [Apache Tomcat/9.0.45]
2021-09-03 08:55:43,406 [main] INFO  [o.a.c.core.ContainerBase.[Tomcat].[localhost].[/]] DirectJDKLog.java:173 - Initializing Spring embedded WebApplicationContext
2021-09-03 08:55:43,406 [main] INFO  [o.s.b.w.s.c.ServletWebServerApplicationContext] ServletWebServerApplicationContext.java:289 - Root WebApplicationContext: initialization completed in 3361 ms
2021-09-03 08:55:45,307 [main] INFO  [org.mongodb.driver.cluster] SLF4JLogger.java:71 - Cluster created with settings {hosts=[localhost:27017], mode=SINGLE, requiredClusterType=UNKNOWN, serverSelectionTimeout='30000 ms'}
2021-09-03 08:55:45,402 [cluster-ClusterId{value='613172915adf0d321faee041', description='null'}-localhost:27017] INFO  [org.mongodb.driver.connection] SLF4JLogger.java:71 - Opened connection [connectionId{localValue:2, serverValue:94}] to localhost:27017
2021-09-03 08:55:45,402 [cluster-rtt-ClusterId{value='613172915adf0d321faee041', description='null'}-localhost:27017] INFO  [org.mongodb.driver.connection] SLF4JLogger.java:71 - Opened connection [connectionId{localValue:1, serverValue:93}] to localhost:27017
2021-09-03 08:55:45,402 [cluster-ClusterId{value='613172915adf0d321faee041', description='null'}-localhost:27017] INFO  [org.mongodb.driver.cluster] SLF4JLogger.java:71 - Monitor thread successfully connected to server with description ServerDescription{address=localhost:27017, type=STANDALONE, state=CONNECTED, ok=true, minWireVersion=0, maxWireVersion=13, maxDocumentSize=16777216, logicalSessionTimeoutMinutes=30, roundTripTimeNanos=33474400}
2021-09-03 08:55:45,471 [main] WARN  [org.springframework.data.convert.CustomConversions] CustomConversions.java:260 - Registering converter from class java.time.LocalDateTime to class org.joda.time.LocalDateTime as reading converter although it doesn't convert from a store-supported type! You might want to check your annotation setup at the converter implementation.
2021-09-03 08:55:45,601 [main] INFO  [o.s.b.d.autoconfigure.OptionalLiveReloadServer] OptionalLiveReloadServer.java:58 - LiveReload server is running on port 35729
2021-09-03 08:55:45,723 [main] WARN  [org.springframework.data.convert.CustomConversions] CustomConversions.java:260 - Registering converter from class java.time.LocalDateTime to class org.joda.time.LocalDateTime as reading converter although it doesn't convert from a store-supported type! You might want to check your annotation setup at the converter implementation.
2021-09-03 08:55:46,631 [main] INFO  [org.redisson.Version] Version.java:41 - Redisson 3.11.3
2021-09-03 08:55:47,802 [redisson-netty-2-11] INFO  [o.r.connection.pool.MasterPubSubConnectionPool] ConnectionPool.java:168 - 1 connections initialized for 127.0.0.1/127.0.0.1:6379
2021-09-03 08:55:47,802 [redisson-netty-2-19] INFO  [org.redisson.connection.pool.MasterConnectionPool] ConnectionPool.java:168 - 24 connections initialized for 127.0.0.1/127.0.0.1:6379
2021-09-03 08:55:48,371 [main] INFO  [o.s.scheduling.concurrent.ThreadPoolTaskExecutor] ExecutorConfigurationSupport.java:181 - Initializing ExecutorService 'applicationTaskExecutor'
2021-09-03 08:55:49,995 [main] INFO  [o.s.c.n.e.c.DiscoveryClientOptionalArgsConfiguration] DiscoveryClientOptionalArgsConfiguration.java:68 - Eureka HTTP Client uses RestTemplate.
2021-09-03 08:55:50,069 [main] WARN  [o.s.c.l.c.LoadBalancerCacheAutoConfiguration$LoadBalancerCaffeineWarnLogger] LoadBalancerCacheAutoConfiguration.java:82 - Spring Cloud LoadBalancer is currently working with the default cache. You can switch to using Caffeine cache, by adding it and org.springframework.cache.caffeine.CaffeineCacheManager to the classpath.
2021-09-03 08:55:50,075 [main] INFO  [o.s.b.actuate.endpoint.web.EndpointLinksResolver] EndpointLinksResolver.java:58 - Exposing 2 endpoint(s) beneath base path '/actuator'
2021-09-03 08:55:50,222 [main] INFO  [o.s.cloud.netflix.eureka.InstanceInfoFactory] InstanceInfoFactory.java:67 - Setting initial instance status as: STARTING
2021-09-03 08:55:50,275 [main] INFO  [com.netflix.discovery.DiscoveryClient] DiscoveryClient.java:372 - Initializing Eureka in region us-east-1
2021-09-03 08:55:50,282 [main] INFO  [c.n.d.shared.resolver.aws.ConfigClusterResolver] ConfigClusterResolver.java:43 - Resolving eureka endpoints via configuration
2021-09-03 08:55:50,315 [main] INFO  [com.netflix.discovery.DiscoveryClient] DiscoveryClient.java:1007 - Disable delta property : false
2021-09-03 08:55:50,315 [main] INFO  [com.netflix.discovery.DiscoveryClient] DiscoveryClient.java:1008 - Single vip registry refresh property : null
2021-09-03 08:55:50,316 [main] INFO  [com.netflix.discovery.DiscoveryClient] DiscoveryClient.java:1009 - Force full registry fetch : false
2021-09-03 08:55:50,316 [main] INFO  [com.netflix.discovery.DiscoveryClient] DiscoveryClient.java:1010 - Application is null : false
2021-09-03 08:55:50,316 [main] INFO  [com.netflix.discovery.DiscoveryClient] DiscoveryClient.java:1011 - Registered Applications size is zero : true
2021-09-03 08:55:50,316 [main] INFO  [com.netflix.discovery.DiscoveryClient] DiscoveryClient.java:1013 - Application version is -1: true
2021-09-03 08:55:50,316 [main] INFO  [com.netflix.discovery.DiscoveryClient] DiscoveryClient.java:1097 - Getting all instance registry info from the eureka server
2021-09-03 08:55:50,799 [main] INFO  [com.netflix.discovery.DiscoveryClient] DiscoveryClient.java:1106 - The response status is 200
2021-09-03 08:55:50,802 [main] INFO  [com.netflix.discovery.DiscoveryClient] DiscoveryClient.java:1321 - Starting heartbeat executor: renew interval is: 5
2021-09-03 08:55:50,806 [main] INFO  [com.netflix.discovery.InstanceInfoReplicator] InstanceInfoReplicator.java:60 - InstanceInfoReplicator onDemand update allowed rate per min is 4
2021-09-03 08:55:50,813 [main] INFO  [com.netflix.discovery.DiscoveryClient] DiscoveryClient.java:492 - Discovery Client initialized at timestamp 1630630550811 with initial instances count: 0
2021-09-03 08:55:50,817 [main] INFO  [o.s.c.n.e.serviceregistry.EurekaServiceRegistry] EurekaServiceRegistry.java:41 - Registering application FZC-STOCK-US with eureka with status UP
2021-09-03 08:55:50,818 [main] INFO  [com.netflix.discovery.DiscoveryClient] DiscoveryClient.java:1352 - Saw local status change event StatusChangeEvent [timestamp=1630630550818, current=UP, previous=STARTING]
2021-09-03 08:55:50,823 [DiscoveryClient-InstanceInfoReplicator-0] INFO  [com.netflix.discovery.DiscoveryClient] DiscoveryClient.java:873 - DiscoveryClient_FZC-STOCK-US/host.docker.internal:fzc-stock-us:8084: registering service...
2021-09-03 08:55:50,840 [main] INFO  [o.s.boot.web.embedded.tomcat.TomcatWebServer] TomcatWebServer.java:220 - Tomcat started on port(s): 8084 (http) with context path ''
2021-09-03 08:55:50,843 [main] INFO  [o.s.c.n.e.s.EurekaAutoServiceRegistration] EurekaAutoServiceRegistration.java:144 - Updating port to 8084
2021-09-03 08:55:51,013 [DiscoveryClient-InstanceInfoReplicator-0] INFO  [com.netflix.discovery.DiscoveryClient] DiscoveryClient.java:882 - DiscoveryClient_FZC-STOCK-US/host.docker.internal:fzc-stock-us:8084 - registration status: 204
2021-09-03 08:55:51,234 [main] INFO  [o.s.a.rabbit.connection.CachingConnectionFactory] AbstractConnectionFactory.java:636 - Attempting to connect to: [127.0.0.1:5672]
2021-09-03 08:55:51,291 [main] INFO  [o.s.a.rabbit.connection.CachingConnectionFactory] AbstractConnectionFactory.java:589 - Created new connection: rabbitConnectionFactory#4218231d:0/SimpleConnection@253bb5fb [delegate=amqp://guest@127.0.0.1:5672/, localPort= 12513]
2021-09-03 08:55:51,389 [main] INFO  [com.fzc.fzcstockus.FzcStockUsApplication] StartupInfoLogger.java:61 - Started FzcStockUsApplication in 13.023 seconds (JVM running for 18.835)
2021-09-03 08:55:52,084 [RMI TCP Connection(2)-172.21.128.1] INFO  [o.a.c.core.ContainerBase.[Tomcat].[localhost].[/]] DirectJDKLog.java:173 - Initializing Spring DispatcherServlet 'dispatcherServlet'
2021-09-03 08:55:52,084 [RMI TCP Connection(2)-172.21.128.1] INFO  [org.springframework.web.servlet.DispatcherServlet] FrameworkServlet.java:525 - Initializing Servlet 'dispatcherServlet'
2021-09-03 08:55:52,085 [RMI TCP Connection(3)-172.21.128.1] INFO  [com.zaxxer.hikari.HikariDataSource] HikariDataSource.java:110 - HikariPool-1 - Starting...
2021-09-03 08:55:52,086 [RMI TCP Connection(2)-172.21.128.1] INFO  [org.springframework.web.servlet.DispatcherServlet] FrameworkServlet.java:547 - Completed initialization in 2 ms
2021-09-03 08:55:52,609 [RMI TCP Connection(3)-172.21.128.1] INFO  [com.zaxxer.hikari.HikariDataSource] HikariDataSource.java:123 - HikariPool-1 - Start completed.
2021-09-03 08:55:52,703 [RMI TCP Connection(3)-172.21.128.1] INFO  [org.mongodb.driver.connection] SLF4JLogger.java:71 - Opened connection [connectionId{localValue:3, serverValue:95}] to localhost:27017
2021-09-03 08:56:20,803 [DiscoveryClient-CacheRefreshExecutor-0] INFO  [com.netflix.discovery.DiscoveryClient] DiscoveryClient.java:1007 - Disable delta property : false
2021-09-03 08:56:20,803 [DiscoveryClient-CacheRefreshExecutor-0] INFO  [com.netflix.discovery.DiscoveryClient] DiscoveryClient.java:1008 - Single vip registry refresh property : null
2021-09-03 08:56:20,804 [DiscoveryClient-CacheRefreshExecutor-0] INFO  [com.netflix.discovery.DiscoveryClient] DiscoveryClient.java:1009 - Force full registry fetch : false
2021-09-03 08:56:20,804 [DiscoveryClient-CacheRefreshExecutor-0] INFO  [com.netflix.discovery.DiscoveryClient] DiscoveryClient.java:1010 - Application is null : false
2021-09-03 08:56:20,804 [DiscoveryClient-CacheRefreshExecutor-0] INFO  [com.netflix.discovery.DiscoveryClient] DiscoveryClient.java:1011 - Registered Applications size is zero : true
2021-09-03 08:56:20,804 [DiscoveryClient-CacheRefreshExecutor-0] INFO  [com.netflix.discovery.DiscoveryClient] DiscoveryClient.java:1013 - Application version is -1: false
2021-09-03 08:56:20,804 [DiscoveryClient-CacheRefreshExecutor-0] INFO  [com.netflix.discovery.DiscoveryClient] DiscoveryClient.java:1097 - Getting all instance registry info from the eureka server
2021-09-03 08:56:20,829 [DiscoveryClient-CacheRefreshExecutor-0] INFO  [com.netflix.discovery.DiscoveryClient] DiscoveryClient.java:1106 - The response status is 200
2021-09-03 08:56:42,307 [http-nio-8084-exec-1] INFO  [c.f.f.controller.StockAnalysisDataController] StockAnalysisDataController.java:56 - 收到前端传入的code:UNDEFINED
2021-09-03 08:56:42,416 [http-nio-8084-exec-1] INFO  [com.fzc.fzcstockus.aspectj.AopLog] AopLog.java:85 - Request Log Info : {"threadId":"202","classMethod":"com.fzc.fzcstockus.controller.StockAnalysisDataController.getAnalysisData","os":"WINDOWS_10","ip":"0:0:0:0:0:0:0:1","browser":"CHROME9","requestParams":{"code":"undefined"},"userAgent":"Mozilla/5.0 (Windows NT 10.0; Win64; x64) AppleWebKit/537.36 (KHTML, like Gecko) Chrome/92.0.4515.159 Safari/537.36","httpMethod":"GET","timeCost":57,"threadName":"http-nio-8084-exec-1","url":"http://localhost:8084/AnalysisData/data/"}
2021-09-03 08:56:51,658 [http-nio-8084-exec-7] INFO  [org.mongodb.driver.connection] SLF4JLogger.java:71 - Opened connection [connectionId{localValue:4, serverValue:96}] to localhost:27017
2021-09-03 08:56:52,342 [http-nio-8084-exec-7] INFO  [c.f.f.controller.StockUsOtherDetailsController] StockUsOtherDetailsController.java:102 - 调用美股table其他数据
2021-09-03 08:56:52,343 [http-nio-8084-exec-7] INFO  [com.fzc.fzcstockus.aspectj.AopLog] AopLog.java:85 - Request Log Info : {"threadId":"208","classMethod":"com.fzc.fzcstockus.controller.StockUsOtherDetailsController.findOtherDetailsOfUsStock","os":"WINDOWS_10","ip":"0:0:0:0:0:0:0:1","browser":"CHROME9","requestParams":{"code":"AAPL"},"userAgent":"Mozilla/5.0 (Windows NT 10.0; Win64; x64) AppleWebKit/537.36 (KHTML, like Gecko) Chrome/92.0.4515.159 Safari/537.36","httpMethod":"GET","timeCost":853,"threadName":"http-nio-8084-exec-7","url":"http://localhost:8084/OtherDetails/data"}
2021-09-03 08:56:52,352 [http-nio-8084-exec-10] INFO  [c.f.f.controller.StockUsHistoryTableController] StockUsHistoryTableController.java:68 - [basicFinancialSyncSend][发送编号：[1630630612] 发送成功,发送股票代号[AAPL]
2021-09-03 08:56:52,353 [http-nio-8084-exec-10] INFO  [com.fzc.fzcstockus.aspectj.AopLog] AopLog.java:85 - Request Log Info : {"threadId":"211","classMethod":"com.fzc.fzcstockus.controller.StockUsHistoryTableController.UsHistoryTable","os":"WINDOWS_10","ip":"0:0:0:0:0:0:0:1","browser":"CHROME9","requestParams":{"code":"AAPL"},"userAgent":"Mozilla/5.0 (Windows NT 10.0; Win64; x64) AppleWebKit/537.36 (KHTML, like Gecko) Chrome/92.0.4515.159 Safari/537.36","httpMethod":"GET","timeCost":863,"threadName":"http-nio-8084-exec-10","url":"http://localhost:8084/UsHistoryTable/data"}
2021-09-03 08:56:53,655 [org.springframework.amqp.rabbit.RabbitListenerEndpointContainer#0-1] INFO  [c.f.f.servcie.Impl.StockBasicFinancialServiceImpl] StockBasicFinancialServiceImpl.java:674 - [更新美股基本面数据BasicFinancial]:AAPL:AAPL
2021-09-03 08:56:53,656 [org.springframework.amqp.rabbit.RabbitListenerEndpointContainer#0-1] INFO  [com.fzc.fzcstockus.consumer.BasicFinancialConsumer] BasicFinancialConsumer.java:27 - [onMessage][线程编号:217 消息内容：BasicFinancialMessage{id=1630630612, symbol='AAPL'}]
2021-09-03 08:56:53,824 [http-nio-8084-exec-9] INFO  [com.fzc.fzcstockus.aspectj.AopLog] AopLog.java:85 - Request Log Info : {"threadId":"210","classMethod":"com.fzc.fzcstockus.controller.StockUsHistoryController.searchUsDayHistory","os":"WINDOWS_10","ip":"0:0:0:0:0:0:0:1","browser":"CHROME9","requestParams":{"code":"AAPL"},"userAgent":"Mozilla/5.0 (Windows NT 10.0; Win64; x64) AppleWebKit/537.36 (KHTML, like Gecko) Chrome/92.0.4515.159 Safari/537.36","httpMethod":"GET","timeCost":2334,"threadName":"http-nio-8084-exec-9","url":"http://localhost:8084/UsHistory/UsDayHistory"}
2021-09-03 08:56:53,868 [pool-15-thread-1] INFO  [com.fzc.fzcstockus.mutiThread.FetchCompanyInfo] FetchCompanyInfo.java:51 - 成功刷新companyInfo
2021-09-03 08:56:56,234 [http-nio-8084-exec-1] INFO  [c.f.f.controller.StockUsOtherDetailsController] StockUsOtherDetailsController.java:102 - 调用美股table其他数据
2021-09-03 08:56:56,236 [http-nio-8084-exec-1] INFO  [com.fzc.fzcstockus.aspectj.AopLog] AopLog.java:85 - Request Log Info : {"threadId":"202","classMethod":"com.fzc.fzcstockus.controller.StockUsOtherDetailsController.findOtherDetailsOfUsStock","os":"WINDOWS_10","ip":"0:0:0:0:0:0:0:1","browser":"CHROME9","requestParams":{"code":"ibm"},"userAgent":"Mozilla/5.0 (Windows NT 10.0; Win64; x64) AppleWebKit/537.36 (KHTML, like Gecko) Chrome/92.0.4515.159 Safari/537.36","httpMethod":"GET","timeCost":226,"threadName":"http-nio-8084-exec-1","url":"http://localhost:8084/OtherDetails/data"}
2021-09-03 08:56:56,236 [http-nio-8084-exec-2] INFO  [c.f.f.controller.StockUsHistoryTableController] StockUsHistoryTableController.java:68 - [basicFinancialSyncSend][发送编号：[1630630616] 发送成功,发送股票代号[IBM]
2021-09-03 08:56:56,237 [http-nio-8084-exec-2] INFO  [com.fzc.fzcstockus.aspectj.AopLog] AopLog.java:85 - Request Log Info : {"threadId":"203","classMethod":"com.fzc.fzcstockus.controller.StockUsHistoryTableController.UsHistoryTable","os":"WINDOWS_10","ip":"0:0:0:0:0:0:0:1","browser":"CHROME9","requestParams":{"code":"ibm"},"userAgent":"Mozilla/5.0 (Windows NT 10.0; Win64; x64) AppleWebKit/537.36 (KHTML, like Gecko) Chrome/92.0.4515.159 Safari/537.36","httpMethod":"GET","timeCost":226,"threadName":"http-nio-8084-exec-2","url":"http://localhost:8084/UsHistoryTable/data"}
2021-09-03 08:56:56,663 [http-nio-8084-exec-3] INFO  [com.fzc.fzcstockus.aspectj.AopLog] AopLog.java:85 - Request Log Info : {"threadId":"204","classMethod":"com.fzc.fzcstockus.controller.StockUsHistoryController.searchUsDayHistory","os":"WINDOWS_10","ip":"0:0:0:0:0:0:0:1","browser":"CHROME9","requestParams":{"code":"ibm"},"userAgent":"Mozilla/5.0 (Windows NT 10.0; Win64; x64) AppleWebKit/537.36 (KHTML, like Gecko) Chrome/92.0.4515.159 Safari/537.36","httpMethod":"GET","timeCost":653,"threadName":"http-nio-8084-exec-3","url":"http://localhost:8084/UsHistory/UsDayHistory"}
2021-09-03 08:56:57,003 [org.springframework.amqp.rabbit.RabbitListenerEndpointContainer#0-1] INFO  [c.f.f.servcie.Impl.StockBasicFinancialServiceImpl] StockBasicFinancialServiceImpl.java:674 - [更新美股基本面数据BasicFinancial]:IBM:IBM
2021-09-03 08:56:57,003 [org.springframework.amqp.rabbit.RabbitListenerEndpointContainer#0-1] INFO  [com.fzc.fzcstockus.consumer.BasicFinancialConsumer] BasicFinancialConsumer.java:27 - [onMessage][线程编号:217 消息内容：BasicFinancialMessage{id=1630630616, symbol='IBM'}]
2021-09-03 08:56:57,296 [pool-16-thread-1] INFO  [com.fzc.fzcstockus.mutiThread.FetchCompanyInfo] FetchCompanyInfo.java:51 - 成功刷新companyInfo
2021-09-03 08:57:36,222 [http-nio-8084-exec-6] INFO  [c.f.f.controller.StockUsOtherDetailsController] StockUsOtherDetailsController.java:102 - 调用美股table其他数据
2021-09-03 08:57:36,223 [http-nio-8084-exec-6] INFO  [com.fzc.fzcstockus.aspectj.AopLog] AopLog.java:85 - Request Log Info : {"threadId":"207","classMethod":"com.fzc.fzcstockus.controller.StockUsOtherDetailsController.findOtherDetailsOfUsStock","os":"WINDOWS_10","ip":"0:0:0:0:0:0:0:1","browser":"CHROME9","requestParams":{"code":"aapl"},"userAgent":"Mozilla/5.0 (Windows NT 10.0; Win64; x64) AppleWebKit/537.36 (KHTML, like Gecko) Chrome/92.0.4515.159 Safari/537.36","httpMethod":"GET","timeCost":67,"threadName":"http-nio-8084-exec-6","url":"http://localhost:8084/OtherDetails/data"}
2021-09-03 08:57:36,226 [http-nio-8084-exec-8] INFO  [c.f.f.controller.StockUsHistoryTableController] StockUsHistoryTableController.java:68 - [basicFinancialSyncSend][发送编号：[1630630656] 发送成功,发送股票代号[AAPL]
2021-09-03 08:57:36,227 [http-nio-8084-exec-8] INFO  [com.fzc.fzcstockus.aspectj.AopLog] AopLog.java:85 - Request Log Info : {"threadId":"209","classMethod":"com.fzc.fzcstockus.controller.StockUsHistoryTableController.UsHistoryTable","os":"WINDOWS_10","ip":"0:0:0:0:0:0:0:1","browser":"CHROME9","requestParams":{"code":"aapl"},"userAgent":"Mozilla/5.0 (Windows NT 10.0; Win64; x64) AppleWebKit/537.36 (KHTML, like Gecko) Chrome/92.0.4515.159 Safari/537.36","httpMethod":"GET","timeCost":71,"threadName":"http-nio-8084-exec-8","url":"http://localhost:8084/UsHistoryTable/data"}
2021-09-03 08:57:37,290 [pool-17-thread-1] INFO  [com.fzc.fzcstockus.mutiThread.FetchCompanyInfo] FetchCompanyInfo.java:51 - 成功刷新companyInfo
2021-09-03 08:57:37,389 [org.springframework.amqp.rabbit.RabbitListenerEndpointContainer#0-1] INFO  [c.f.f.servcie.Impl.StockBasicFinancialServiceImpl] StockBasicFinancialServiceImpl.java:674 - [更新美股基本面数据BasicFinancial]:AAPL:AAPL
2021-09-03 08:57:37,389 [org.springframework.amqp.rabbit.RabbitListenerEndpointContainer#0-1] INFO  [com.fzc.fzcstockus.consumer.BasicFinancialConsumer] BasicFinancialConsumer.java:27 - [onMessage][线程编号:217 消息内容：BasicFinancialMessage{id=1630630656, symbol='AAPL'}]
2021-09-03 08:57:37,669 [http-nio-8084-exec-9] INFO  [com.fzc.fzcstockus.aspectj.AopLog] AopLog.java:85 - Request Log Info : {"threadId":"210","classMethod":"com.fzc.fzcstockus.controller.StockUsHistoryController.searchUsDayHistory","os":"WINDOWS_10","ip":"0:0:0:0:0:0:0:1","browser":"CHROME9","requestParams":{"code":"aapl"},"userAgent":"Mozilla/5.0 (Windows NT 10.0; Win64; x64) AppleWebKit/537.36 (KHTML, like Gecko) Chrome/92.0.4515.159 Safari/537.36","httpMethod":"GET","timeCost":1513,"threadName":"http-nio-8084-exec-9","url":"http://localhost:8084/UsHistory/UsDayHistory"}
2021-09-03 09:00:50,321 [AsyncResolver-bootstrap-executor-0] INFO  [c.n.d.shared.resolver.aws.ConfigClusterResolver] ConfigClusterResolver.java:43 - Resolving eureka endpoints via configuration
2021-09-03 09:05:50,324 [AsyncResolver-bootstrap-executor-0] INFO  [c.n.d.shared.resolver.aws.ConfigClusterResolver] ConfigClusterResolver.java:43 - Resolving eureka endpoints via configuration
2021-09-03 09:10:50,325 [AsyncResolver-bootstrap-executor-0] INFO  [c.n.d.shared.resolver.aws.ConfigClusterResolver] ConfigClusterResolver.java:43 - Resolving eureka endpoints via configuration
2021-09-03 09:15:50,329 [AsyncResolver-bootstrap-executor-0] INFO  [c.n.d.shared.resolver.aws.ConfigClusterResolver] ConfigClusterResolver.java:43 - Resolving eureka endpoints via configuration
2021-09-03 09:20:50,333 [AsyncResolver-bootstrap-executor-0] INFO  [c.n.d.shared.resolver.aws.ConfigClusterResolver] ConfigClusterResolver.java:43 - Resolving eureka endpoints via configuration
2021-09-03 09:25:50,344 [AsyncResolver-bootstrap-executor-0] INFO  [c.n.d.shared.resolver.aws.ConfigClusterResolver] ConfigClusterResolver.java:43 - Resolving eureka endpoints via configuration
2021-09-03 09:30:50,359 [AsyncResolver-bootstrap-executor-0] INFO  [c.n.d.shared.resolver.aws.ConfigClusterResolver] ConfigClusterResolver.java:43 - Resolving eureka endpoints via configuration
2021-09-03 09:35:50,364 [AsyncResolver-bootstrap-executor-0] INFO  [c.n.d.shared.resolver.aws.ConfigClusterResolver] ConfigClusterResolver.java:43 - Resolving eureka endpoints via configuration
2021-09-03 09:40:50,374 [AsyncResolver-bootstrap-executor-0] INFO  [c.n.d.shared.resolver.aws.ConfigClusterResolver] ConfigClusterResolver.java:43 - Resolving eureka endpoints via configuration
2021-09-03 09:45:50,379 [AsyncResolver-bootstrap-executor-0] INFO  [c.n.d.shared.resolver.aws.ConfigClusterResolver] ConfigClusterResolver.java:43 - Resolving eureka endpoints via configuration
2021-09-03 09:50:50,382 [AsyncResolver-bootstrap-executor-0] INFO  [c.n.d.shared.resolver.aws.ConfigClusterResolver] ConfigClusterResolver.java:43 - Resolving eureka endpoints via configuration
2021-09-03 09:55:50,390 [AsyncResolver-bootstrap-executor-0] INFO  [c.n.d.shared.resolver.aws.ConfigClusterResolver] ConfigClusterResolver.java:43 - Resolving eureka endpoints via configuration
2021-09-03 10:00:50,393 [AsyncResolver-bootstrap-executor-0] INFO  [c.n.d.shared.resolver.aws.ConfigClusterResolver] ConfigClusterResolver.java:43 - Resolving eureka endpoints via configuration
2021-09-03 10:05:50,404 [AsyncResolver-bootstrap-executor-0] INFO  [c.n.d.shared.resolver.aws.ConfigClusterResolver] ConfigClusterResolver.java:43 - Resolving eureka endpoints via configuration
2021-09-03 10:10:50,411 [AsyncResolver-bootstrap-executor-0] INFO  [c.n.d.shared.resolver.aws.ConfigClusterResolver] ConfigClusterResolver.java:43 - Resolving eureka endpoints via configuration
2021-09-03 10:15:50,422 [AsyncResolver-bootstrap-executor-0] INFO  [c.n.d.shared.resolver.aws.ConfigClusterResolver] ConfigClusterResolver.java:43 - Resolving eureka endpoints via configuration
2021-09-03 10:20:50,430 [AsyncResolver-bootstrap-executor-0] INFO  [c.n.d.shared.resolver.aws.ConfigClusterResolver] ConfigClusterResolver.java:43 - Resolving eureka endpoints via configuration
2021-09-03 10:25:50,432 [AsyncResolver-bootstrap-executor-0] INFO  [c.n.d.shared.resolver.aws.ConfigClusterResolver] ConfigClusterResolver.java:43 - Resolving eureka endpoints via configuration
2021-09-03 10:30:50,439 [AsyncResolver-bootstrap-executor-0] INFO  [c.n.d.shared.resolver.aws.ConfigClusterResolver] ConfigClusterResolver.java:43 - Resolving eureka endpoints via configuration
2021-09-03 10:35:50,445 [AsyncResolver-bootstrap-executor-0] INFO  [c.n.d.shared.resolver.aws.ConfigClusterResolver] ConfigClusterResolver.java:43 - Resolving eureka endpoints via configuration
2021-09-03 10:40:50,459 [AsyncResolver-bootstrap-executor-0] INFO  [c.n.d.shared.resolver.aws.ConfigClusterResolver] ConfigClusterResolver.java:43 - Resolving eureka endpoints via configuration
2021-09-03 10:45:50,468 [AsyncResolver-bootstrap-executor-0] INFO  [c.n.d.shared.resolver.aws.ConfigClusterResolver] ConfigClusterResolver.java:43 - Resolving eureka endpoints via configuration
2021-09-03 10:50:50,472 [AsyncResolver-bootstrap-executor-0] INFO  [c.n.d.shared.resolver.aws.ConfigClusterResolver] ConfigClusterResolver.java:43 - Resolving eureka endpoints via configuration
2021-09-03 10:55:50,480 [AsyncResolver-bootstrap-executor-0] INFO  [c.n.d.shared.resolver.aws.ConfigClusterResolver] ConfigClusterResolver.java:43 - Resolving eureka endpoints via configuration
2021-09-03 11:00:50,490 [AsyncResolver-bootstrap-executor-0] INFO  [c.n.d.shared.resolver.aws.ConfigClusterResolver] ConfigClusterResolver.java:43 - Resolving eureka endpoints via configuration
2021-09-03 11:05:50,498 [AsyncResolver-bootstrap-executor-0] INFO  [c.n.d.shared.resolver.aws.ConfigClusterResolver] ConfigClusterResolver.java:43 - Resolving eureka endpoints via configuration
2021-09-03 11:10:50,502 [AsyncResolver-bootstrap-executor-0] INFO  [c.n.d.shared.resolver.aws.ConfigClusterResolver] ConfigClusterResolver.java:43 - Resolving eureka endpoints via configuration
2021-09-03 11:15:50,510 [AsyncResolver-bootstrap-executor-0] INFO  [c.n.d.shared.resolver.aws.ConfigClusterResolver] ConfigClusterResolver.java:43 - Resolving eureka endpoints via configuration
2021-09-03 11:20:50,520 [AsyncResolver-bootstrap-executor-0] INFO  [c.n.d.shared.resolver.aws.ConfigClusterResolver] ConfigClusterResolver.java:43 - Resolving eureka endpoints via configuration
2021-09-03 11:25:50,528 [AsyncResolver-bootstrap-executor-0] INFO  [c.n.d.shared.resolver.aws.ConfigClusterResolver] ConfigClusterResolver.java:43 - Resolving eureka endpoints via configuration
2021-09-03 11:30:50,539 [AsyncResolver-bootstrap-executor-0] INFO  [c.n.d.shared.resolver.aws.ConfigClusterResolver] ConfigClusterResolver.java:43 - Resolving eureka endpoints via configuration
2021-09-03 11:35:50,552 [AsyncResolver-bootstrap-executor-0] INFO  [c.n.d.shared.resolver.aws.ConfigClusterResolver] ConfigClusterResolver.java:43 - Resolving eureka endpoints via configuration
2021-09-03 11:40:50,563 [AsyncResolver-bootstrap-executor-0] INFO  [c.n.d.shared.resolver.aws.ConfigClusterResolver] ConfigClusterResolver.java:43 - Resolving eureka endpoints via configuration
2021-09-03 11:45:50,568 [AsyncResolver-bootstrap-executor-0] INFO  [c.n.d.shared.resolver.aws.ConfigClusterResolver] ConfigClusterResolver.java:43 - Resolving eureka endpoints via configuration
2021-09-03 11:50:50,584 [AsyncResolver-bootstrap-executor-0] INFO  [c.n.d.shared.resolver.aws.ConfigClusterResolver] ConfigClusterResolver.java:43 - Resolving eureka endpoints via configuration
2021-09-03 11:55:50,594 [AsyncResolver-bootstrap-executor-0] INFO  [c.n.d.shared.resolver.aws.ConfigClusterResolver] ConfigClusterResolver.java:43 - Resolving eureka endpoints via configuration
2021-09-03 12:00:50,608 [AsyncResolver-bootstrap-executor-0] INFO  [c.n.d.shared.resolver.aws.ConfigClusterResolver] ConfigClusterResolver.java:43 - Resolving eureka endpoints via configuration
2021-09-03 12:05:50,621 [AsyncResolver-bootstrap-executor-0] INFO  [c.n.d.shared.resolver.aws.ConfigClusterResolver] ConfigClusterResolver.java:43 - Resolving eureka endpoints via configuration
2021-09-03 12:10:50,636 [AsyncResolver-bootstrap-executor-0] INFO  [c.n.d.shared.resolver.aws.ConfigClusterResolver] ConfigClusterResolver.java:43 - Resolving eureka endpoints via configuration
2021-09-03 12:15:50,651 [AsyncResolver-bootstrap-executor-0] INFO  [c.n.d.shared.resolver.aws.ConfigClusterResolver] ConfigClusterResolver.java:43 - Resolving eureka endpoints via configuration
2021-09-03 12:20:50,664 [AsyncResolver-bootstrap-executor-0] INFO  [c.n.d.shared.resolver.aws.ConfigClusterResolver] ConfigClusterResolver.java:43 - Resolving eureka endpoints via configuration
2021-09-03 12:25:50,676 [AsyncResolver-bootstrap-executor-0] INFO  [c.n.d.shared.resolver.aws.ConfigClusterResolver] ConfigClusterResolver.java:43 - Resolving eureka endpoints via configuration
2021-09-03 12:30:50,681 [AsyncResolver-bootstrap-executor-0] INFO  [c.n.d.shared.resolver.aws.ConfigClusterResolver] ConfigClusterResolver.java:43 - Resolving eureka endpoints via configuration
2021-09-03 12:35:50,697 [AsyncResolver-bootstrap-executor-0] INFO  [c.n.d.shared.resolver.aws.ConfigClusterResolver] ConfigClusterResolver.java:43 - Resolving eureka endpoints via configuration
2021-09-03 12:40:50,700 [AsyncResolver-bootstrap-executor-0] INFO  [c.n.d.shared.resolver.aws.ConfigClusterResolver] ConfigClusterResolver.java:43 - Resolving eureka endpoints via configuration
2021-09-03 12:45:50,704 [AsyncResolver-bootstrap-executor-0] INFO  [c.n.d.shared.resolver.aws.ConfigClusterResolver] ConfigClusterResolver.java:43 - Resolving eureka endpoints via configuration
2021-09-03 12:50:50,717 [AsyncResolver-bootstrap-executor-0] INFO  [c.n.d.shared.resolver.aws.ConfigClusterResolver] ConfigClusterResolver.java:43 - Resolving eureka endpoints via configuration
2021-09-03 12:55:50,728 [AsyncResolver-bootstrap-executor-0] INFO  [c.n.d.shared.resolver.aws.ConfigClusterResolver] ConfigClusterResolver.java:43 - Resolving eureka endpoints via configuration
2021-09-03 13:00:50,742 [AsyncResolver-bootstrap-executor-0] INFO  [c.n.d.shared.resolver.aws.ConfigClusterResolver] ConfigClusterResolver.java:43 - Resolving eureka endpoints via configuration
2021-09-03 13:05:50,745 [AsyncResolver-bootstrap-executor-0] INFO  [c.n.d.shared.resolver.aws.ConfigClusterResolver] ConfigClusterResolver.java:43 - Resolving eureka endpoints via configuration
2021-09-03 13:10:50,750 [AsyncResolver-bootstrap-executor-0] INFO  [c.n.d.shared.resolver.aws.ConfigClusterResolver] ConfigClusterResolver.java:43 - Resolving eureka endpoints via configuration
2021-09-03 13:15:50,753 [AsyncResolver-bootstrap-executor-0] INFO  [c.n.d.shared.resolver.aws.ConfigClusterResolver] ConfigClusterResolver.java:43 - Resolving eureka endpoints via configuration
2021-09-03 13:20:50,764 [AsyncResolver-bootstrap-executor-0] INFO  [c.n.d.shared.resolver.aws.ConfigClusterResolver] ConfigClusterResolver.java:43 - Resolving eureka endpoints via configuration
2021-09-03 13:25:50,774 [AsyncResolver-bootstrap-executor-0] INFO  [c.n.d.shared.resolver.aws.ConfigClusterResolver] ConfigClusterResolver.java:43 - Resolving eureka endpoints via configuration
2021-09-03 13:30:50,788 [AsyncResolver-bootstrap-executor-0] INFO  [c.n.d.shared.resolver.aws.ConfigClusterResolver] ConfigClusterResolver.java:43 - Resolving eureka endpoints via configuration
2021-09-03 13:35:50,789 [AsyncResolver-bootstrap-executor-0] INFO  [c.n.d.shared.resolver.aws.ConfigClusterResolver] ConfigClusterResolver.java:43 - Resolving eureka endpoints via configuration
2021-09-03 13:40:50,799 [AsyncResolver-bootstrap-executor-0] INFO  [c.n.d.shared.resolver.aws.ConfigClusterResolver] ConfigClusterResolver.java:43 - Resolving eureka endpoints via configuration
2021-09-03 13:45:50,811 [AsyncResolver-bootstrap-executor-0] INFO  [c.n.d.shared.resolver.aws.ConfigClusterResolver] ConfigClusterResolver.java:43 - Resolving eureka endpoints via configuration
2021-09-03 13:50:50,826 [AsyncResolver-bootstrap-executor-0] INFO  [c.n.d.shared.resolver.aws.ConfigClusterResolver] ConfigClusterResolver.java:43 - Resolving eureka endpoints via configuration
2021-09-03 13:55:50,842 [AsyncResolver-bootstrap-executor-0] INFO  [c.n.d.shared.resolver.aws.ConfigClusterResolver] ConfigClusterResolver.java:43 - Resolving eureka endpoints via configuration
2021-09-03 14:00:50,856 [AsyncResolver-bootstrap-executor-0] INFO  [c.n.d.shared.resolver.aws.ConfigClusterResolver] ConfigClusterResolver.java:43 - Resolving eureka endpoints via configuration
2021-09-03 14:05:50,868 [AsyncResolver-bootstrap-executor-0] INFO  [c.n.d.shared.resolver.aws.ConfigClusterResolver] ConfigClusterResolver.java:43 - Resolving eureka endpoints via configuration
2021-09-03 14:10:50,880 [AsyncResolver-bootstrap-executor-0] INFO  [c.n.d.shared.resolver.aws.ConfigClusterResolver] ConfigClusterResolver.java:43 - Resolving eureka endpoints via configuration
2021-09-03 14:15:50,891 [AsyncResolver-bootstrap-executor-0] INFO  [c.n.d.shared.resolver.aws.ConfigClusterResolver] ConfigClusterResolver.java:43 - Resolving eureka endpoints via configuration
2021-09-03 14:20:50,899 [AsyncResolver-bootstrap-executor-0] INFO  [c.n.d.shared.resolver.aws.ConfigClusterResolver] ConfigClusterResolver.java:43 - Resolving eureka endpoints via configuration
2021-09-03 14:25:50,907 [AsyncResolver-bootstrap-executor-0] INFO  [c.n.d.shared.resolver.aws.ConfigClusterResolver] ConfigClusterResolver.java:43 - Resolving eureka endpoints via configuration
2021-09-03 14:30:50,912 [AsyncResolver-bootstrap-executor-0] INFO  [c.n.d.shared.resolver.aws.ConfigClusterResolver] ConfigClusterResolver.java:43 - Resolving eureka endpoints via configuration
2021-09-03 14:35:50,925 [AsyncResolver-bootstrap-executor-0] INFO  [c.n.d.shared.resolver.aws.ConfigClusterResolver] ConfigClusterResolver.java:43 - Resolving eureka endpoints via configuration
2021-09-03 14:40:50,936 [AsyncResolver-bootstrap-executor-0] INFO  [c.n.d.shared.resolver.aws.ConfigClusterResolver] ConfigClusterResolver.java:43 - Resolving eureka endpoints via configuration
2021-09-03 14:45:50,951 [AsyncResolver-bootstrap-executor-0] INFO  [c.n.d.shared.resolver.aws.ConfigClusterResolver] ConfigClusterResolver.java:43 - Resolving eureka endpoints via configuration
2021-09-03 14:50:50,961 [AsyncResolver-bootstrap-executor-0] INFO  [c.n.d.shared.resolver.aws.ConfigClusterResolver] ConfigClusterResolver.java:43 - Resolving eureka endpoints via configuration
2021-09-03 14:55:50,965 [AsyncResolver-bootstrap-executor-0] INFO  [c.n.d.shared.resolver.aws.ConfigClusterResolver] ConfigClusterResolver.java:43 - Resolving eureka endpoints via configuration
2021-09-03 15:00:50,980 [AsyncResolver-bootstrap-executor-0] INFO  [c.n.d.shared.resolver.aws.ConfigClusterResolver] ConfigClusterResolver.java:43 - Resolving eureka endpoints via configuration
2021-09-03 15:05:50,985 [AsyncResolver-bootstrap-executor-0] INFO  [c.n.d.shared.resolver.aws.ConfigClusterResolver] ConfigClusterResolver.java:43 - Resolving eureka endpoints via configuration
2021-09-03 15:10:50,993 [AsyncResolver-bootstrap-executor-0] INFO  [c.n.d.shared.resolver.aws.ConfigClusterResolver] ConfigClusterResolver.java:43 - Resolving eureka endpoints via configuration
2021-09-03 15:15:50,999 [AsyncResolver-bootstrap-executor-0] INFO  [c.n.d.shared.resolver.aws.ConfigClusterResolver] ConfigClusterResolver.java:43 - Resolving eureka endpoints via configuration
2021-09-03 15:20:51,006 [AsyncResolver-bootstrap-executor-0] INFO  [c.n.d.shared.resolver.aws.ConfigClusterResolver] ConfigClusterResolver.java:43 - Resolving eureka endpoints via configuration
2021-09-03 15:25:51,017 [AsyncResolver-bootstrap-executor-0] INFO  [c.n.d.shared.resolver.aws.ConfigClusterResolver] ConfigClusterResolver.java:43 - Resolving eureka endpoints via configuration
2021-09-03 15:30:51,026 [AsyncResolver-bootstrap-executor-0] INFO  [c.n.d.shared.resolver.aws.ConfigClusterResolver] ConfigClusterResolver.java:43 - Resolving eureka endpoints via configuration
2021-09-03 15:35:51,040 [AsyncResolver-bootstrap-executor-0] INFO  [c.n.d.shared.resolver.aws.ConfigClusterResolver] ConfigClusterResolver.java:43 - Resolving eureka endpoints via configuration
2021-09-03 15:40:51,050 [AsyncResolver-bootstrap-executor-0] INFO  [c.n.d.shared.resolver.aws.ConfigClusterResolver] ConfigClusterResolver.java:43 - Resolving eureka endpoints via configuration
2021-09-03 15:45:51,059 [AsyncResolver-bootstrap-executor-0] INFO  [c.n.d.shared.resolver.aws.ConfigClusterResolver] ConfigClusterResolver.java:43 - Resolving eureka endpoints via configuration
2021-09-03 15:50:51,070 [AsyncResolver-bootstrap-executor-0] INFO  [c.n.d.shared.resolver.aws.ConfigClusterResolver] ConfigClusterResolver.java:43 - Resolving eureka endpoints via configuration
2021-09-03 15:55:51,077 [AsyncResolver-bootstrap-executor-0] INFO  [c.n.d.shared.resolver.aws.ConfigClusterResolver] ConfigClusterResolver.java:43 - Resolving eureka endpoints via configuration
2021-09-03 16:00:51,089 [AsyncResolver-bootstrap-executor-0] INFO  [c.n.d.shared.resolver.aws.ConfigClusterResolver] ConfigClusterResolver.java:43 - Resolving eureka endpoints via configuration
2021-09-03 16:05:51,092 [AsyncResolver-bootstrap-executor-0] INFO  [c.n.d.shared.resolver.aws.ConfigClusterResolver] ConfigClusterResolver.java:43 - Resolving eureka endpoints via configuration
2021-09-03 16:10:51,108 [AsyncResolver-bootstrap-executor-0] INFO  [c.n.d.shared.resolver.aws.ConfigClusterResolver] ConfigClusterResolver.java:43 - Resolving eureka endpoints via configuration
2021-09-03 16:15:51,114 [AsyncResolver-bootstrap-executor-0] INFO  [c.n.d.shared.resolver.aws.ConfigClusterResolver] ConfigClusterResolver.java:43 - Resolving eureka endpoints via configuration
2021-09-03 16:20:51,120 [AsyncResolver-bootstrap-executor-0] INFO  [c.n.d.shared.resolver.aws.ConfigClusterResolver] ConfigClusterResolver.java:43 - Resolving eureka endpoints via configuration
2021-09-03 16:25:51,136 [AsyncResolver-bootstrap-executor-0] INFO  [c.n.d.shared.resolver.aws.ConfigClusterResolver] ConfigClusterResolver.java:43 - Resolving eureka endpoints via configuration
2021-09-03 16:30:51,139 [AsyncResolver-bootstrap-executor-0] INFO  [c.n.d.shared.resolver.aws.ConfigClusterResolver] ConfigClusterResolver.java:43 - Resolving eureka endpoints via configuration
2021-09-03 16:35:51,144 [AsyncResolver-bootstrap-executor-0] INFO  [c.n.d.shared.resolver.aws.ConfigClusterResolver] ConfigClusterResolver.java:43 - Resolving eureka endpoints via configuration
2021-09-03 16:40:51,145 [AsyncResolver-bootstrap-executor-0] INFO  [c.n.d.shared.resolver.aws.ConfigClusterResolver] ConfigClusterResolver.java:43 - Resolving eureka endpoints via configuration
2021-09-03 16:45:51,154 [AsyncResolver-bootstrap-executor-0] INFO  [c.n.d.shared.resolver.aws.ConfigClusterResolver] ConfigClusterResolver.java:43 - Resolving eureka endpoints via configuration
2021-09-03 16:50:51,165 [AsyncResolver-bootstrap-executor-0] INFO  [c.n.d.shared.resolver.aws.ConfigClusterResolver] ConfigClusterResolver.java:43 - Resolving eureka endpoints via configuration
2021-09-03 16:55:51,166 [AsyncResolver-bootstrap-executor-0] INFO  [c.n.d.shared.resolver.aws.ConfigClusterResolver] ConfigClusterResolver.java:43 - Resolving eureka endpoints via configuration
2021-09-03 17:00:51,172 [AsyncResolver-bootstrap-executor-0] INFO  [c.n.d.shared.resolver.aws.ConfigClusterResolver] ConfigClusterResolver.java:43 - Resolving eureka endpoints via configuration
2021-09-03 17:05:51,178 [AsyncResolver-bootstrap-executor-0] INFO  [c.n.d.shared.resolver.aws.ConfigClusterResolver] ConfigClusterResolver.java:43 - Resolving eureka endpoints via configuration
2021-09-03 17:10:51,180 [AsyncResolver-bootstrap-executor-0] INFO  [c.n.d.shared.resolver.aws.ConfigClusterResolver] ConfigClusterResolver.java:43 - Resolving eureka endpoints via configuration
2021-09-03 17:15:51,187 [AsyncResolver-bootstrap-executor-0] INFO  [c.n.d.shared.resolver.aws.ConfigClusterResolver] ConfigClusterResolver.java:43 - Resolving eureka endpoints via configuration
2021-09-03 17:20:51,193 [AsyncResolver-bootstrap-executor-0] INFO  [c.n.d.shared.resolver.aws.ConfigClusterResolver] ConfigClusterResolver.java:43 - Resolving eureka endpoints via configuration
2021-09-03 17:25:51,209 [AsyncResolver-bootstrap-executor-0] INFO  [c.n.d.shared.resolver.aws.ConfigClusterResolver] ConfigClusterResolver.java:43 - Resolving eureka endpoints via configuration
2021-09-03 17:30:51,217 [AsyncResolver-bootstrap-executor-0] INFO  [c.n.d.shared.resolver.aws.ConfigClusterResolver] ConfigClusterResolver.java:43 - Resolving eureka endpoints via configuration
2021-09-03 17:35:51,221 [AsyncResolver-bootstrap-executor-0] INFO  [c.n.d.shared.resolver.aws.ConfigClusterResolver] ConfigClusterResolver.java:43 - Resolving eureka endpoints via configuration
2021-09-03 17:40:51,232 [AsyncResolver-bootstrap-executor-0] INFO  [c.n.d.shared.resolver.aws.ConfigClusterResolver] ConfigClusterResolver.java:43 - Resolving eureka endpoints via configuration
2021-09-03 17:45:51,246 [AsyncResolver-bootstrap-executor-0] INFO  [c.n.d.shared.resolver.aws.ConfigClusterResolver] ConfigClusterResolver.java:43 - Resolving eureka endpoints via configuration
2021-09-03 17:50:51,261 [AsyncResolver-bootstrap-executor-0] INFO  [c.n.d.shared.resolver.aws.ConfigClusterResolver] ConfigClusterResolver.java:43 - Resolving eureka endpoints via configuration
2021-09-03 17:55:51,265 [AsyncResolver-bootstrap-executor-0] INFO  [c.n.d.shared.resolver.aws.ConfigClusterResolver] ConfigClusterResolver.java:43 - Resolving eureka endpoints via configuration
2021-09-03 18:00:51,273 [AsyncResolver-bootstrap-executor-0] INFO  [c.n.d.shared.resolver.aws.ConfigClusterResolver] ConfigClusterResolver.java:43 - Resolving eureka endpoints via configuration
2021-09-03 18:05:51,277 [AsyncResolver-bootstrap-executor-0] INFO  [c.n.d.shared.resolver.aws.ConfigClusterResolver] ConfigClusterResolver.java:43 - Resolving eureka endpoints via configuration
2021-09-03 18:10:51,233 [AsyncResolver-bootstrap-executor-0] INFO  [c.n.d.shared.resolver.aws.ConfigClusterResolver] ConfigClusterResolver.java:43 - Resolving eureka endpoints via configuration
2021-09-03 18:15:51,186 [AsyncResolver-bootstrap-executor-0] INFO  [c.n.d.shared.resolver.aws.ConfigClusterResolver] ConfigClusterResolver.java:43 - Resolving eureka endpoints via configuration
2021-09-03 18:20:51,145 [AsyncResolver-bootstrap-executor-0] INFO  [c.n.d.shared.resolver.aws.ConfigClusterResolver] ConfigClusterResolver.java:43 - Resolving eureka endpoints via configuration
2021-09-03 18:25:51,115 [AsyncResolver-bootstrap-executor-0] INFO  [c.n.d.shared.resolver.aws.ConfigClusterResolver] ConfigClusterResolver.java:43 - Resolving eureka endpoints via configuration
2021-09-03 18:30:51,081 [AsyncResolver-bootstrap-executor-0] INFO  [c.n.d.shared.resolver.aws.ConfigClusterResolver] ConfigClusterResolver.java:43 - Resolving eureka endpoints via configuration
2021-09-03 18:35:51,055 [AsyncResolver-bootstrap-executor-0] INFO  [c.n.d.shared.resolver.aws.ConfigClusterResolver] ConfigClusterResolver.java:43 - Resolving eureka endpoints via configuration
2021-09-03 18:40:51,021 [AsyncResolver-bootstrap-executor-0] INFO  [c.n.d.shared.resolver.aws.ConfigClusterResolver] ConfigClusterResolver.java:43 - Resolving eureka endpoints via configuration
2021-09-03 18:45:51,005 [AsyncResolver-bootstrap-executor-0] INFO  [c.n.d.shared.resolver.aws.ConfigClusterResolver] ConfigClusterResolver.java:43 - Resolving eureka endpoints via configuration
2021-09-03 18:50:50,984 [AsyncResolver-bootstrap-executor-0] INFO  [c.n.d.shared.resolver.aws.ConfigClusterResolver] ConfigClusterResolver.java:43 - Resolving eureka endpoints via configuration
2021-09-03 18:55:50,963 [AsyncResolver-bootstrap-executor-0] INFO  [c.n.d.shared.resolver.aws.ConfigClusterResolver] ConfigClusterResolver.java:43 - Resolving eureka endpoints via configuration
2021-09-03 19:00:50,943 [AsyncResolver-bootstrap-executor-0] INFO  [c.n.d.shared.resolver.aws.ConfigClusterResolver] ConfigClusterResolver.java:43 - Resolving eureka endpoints via configuration
2021-09-03 19:05:50,927 [AsyncResolver-bootstrap-executor-0] INFO  [c.n.d.shared.resolver.aws.ConfigClusterResolver] ConfigClusterResolver.java:43 - Resolving eureka endpoints via configuration
2021-09-03 19:10:50,905 [AsyncResolver-bootstrap-executor-0] INFO  [c.n.d.shared.resolver.aws.ConfigClusterResolver] ConfigClusterResolver.java:43 - Resolving eureka endpoints via configuration
2021-09-03 19:15:50,892 [AsyncResolver-bootstrap-executor-0] INFO  [c.n.d.shared.resolver.aws.ConfigClusterResolver] ConfigClusterResolver.java:43 - Resolving eureka endpoints via configuration
2021-09-03 19:20:50,890 [AsyncResolver-bootstrap-executor-0] INFO  [c.n.d.shared.resolver.aws.ConfigClusterResolver] ConfigClusterResolver.java:43 - Resolving eureka endpoints via configuration
2021-09-03 19:25:50,893 [AsyncResolver-bootstrap-executor-0] INFO  [c.n.d.shared.resolver.aws.ConfigClusterResolver] ConfigClusterResolver.java:43 - Resolving eureka endpoints via configuration
2021-09-03 19:30:50,886 [AsyncResolver-bootstrap-executor-0] INFO  [c.n.d.shared.resolver.aws.ConfigClusterResolver] ConfigClusterResolver.java:43 - Resolving eureka endpoints via configuration
2021-09-03 19:35:50,886 [AsyncResolver-bootstrap-executor-0] INFO  [c.n.d.shared.resolver.aws.ConfigClusterResolver] ConfigClusterResolver.java:43 - Resolving eureka endpoints via configuration
2021-09-03 19:40:50,884 [AsyncResolver-bootstrap-executor-0] INFO  [c.n.d.shared.resolver.aws.ConfigClusterResolver] ConfigClusterResolver.java:43 - Resolving eureka endpoints via configuration
2021-09-03 19:45:50,880 [AsyncResolver-bootstrap-executor-0] INFO  [c.n.d.shared.resolver.aws.ConfigClusterResolver] ConfigClusterResolver.java:43 - Resolving eureka endpoints via configuration
2021-09-03 19:50:50,882 [AsyncResolver-bootstrap-executor-0] INFO  [c.n.d.shared.resolver.aws.ConfigClusterResolver] ConfigClusterResolver.java:43 - Resolving eureka endpoints via configuration
2021-09-03 19:55:50,892 [AsyncResolver-bootstrap-executor-0] INFO  [c.n.d.shared.resolver.aws.ConfigClusterResolver] ConfigClusterResolver.java:43 - Resolving eureka endpoints via configuration
2021-09-03 20:00:50,899 [AsyncResolver-bootstrap-executor-0] INFO  [c.n.d.shared.resolver.aws.ConfigClusterResolver] ConfigClusterResolver.java:43 - Resolving eureka endpoints via configuration
2021-09-03 20:05:50,909 [AsyncResolver-bootstrap-executor-0] INFO  [c.n.d.shared.resolver.aws.ConfigClusterResolver] ConfigClusterResolver.java:43 - Resolving eureka endpoints via configuration
2021-09-03 20:10:50,910 [AsyncResolver-bootstrap-executor-0] INFO  [c.n.d.shared.resolver.aws.ConfigClusterResolver] ConfigClusterResolver.java:43 - Resolving eureka endpoints via configuration
2021-09-03 20:15:50,916 [AsyncResolver-bootstrap-executor-0] INFO  [c.n.d.shared.resolver.aws.ConfigClusterResolver] ConfigClusterResolver.java:43 - Resolving eureka endpoints via configuration
2021-09-03 20:20:50,917 [AsyncResolver-bootstrap-executor-0] INFO  [c.n.d.shared.resolver.aws.ConfigClusterResolver] ConfigClusterResolver.java:43 - Resolving eureka endpoints via configuration
2021-09-03 20:25:50,916 [AsyncResolver-bootstrap-executor-0] INFO  [c.n.d.shared.resolver.aws.ConfigClusterResolver] ConfigClusterResolver.java:43 - Resolving eureka endpoints via configuration
2021-09-03 20:30:50,915 [AsyncResolver-bootstrap-executor-0] INFO  [c.n.d.shared.resolver.aws.ConfigClusterResolver] ConfigClusterResolver.java:43 - Resolving eureka endpoints via configuration
2021-09-03 20:35:50,926 [AsyncResolver-bootstrap-executor-0] INFO  [c.n.d.shared.resolver.aws.ConfigClusterResolver] ConfigClusterResolver.java:43 - Resolving eureka endpoints via configuration
2021-09-03 20:40:50,933 [AsyncResolver-bootstrap-executor-0] INFO  [c.n.d.shared.resolver.aws.ConfigClusterResolver] ConfigClusterResolver.java:43 - Resolving eureka endpoints via configuration
2021-09-03 20:45:50,943 [AsyncResolver-bootstrap-executor-0] INFO  [c.n.d.shared.resolver.aws.ConfigClusterResolver] ConfigClusterResolver.java:43 - Resolving eureka endpoints via configuration
2021-09-03 20:50:50,949 [AsyncResolver-bootstrap-executor-0] INFO  [c.n.d.shared.resolver.aws.ConfigClusterResolver] ConfigClusterResolver.java:43 - Resolving eureka endpoints via configuration
2021-09-03 20:55:50,962 [AsyncResolver-bootstrap-executor-0] INFO  [c.n.d.shared.resolver.aws.ConfigClusterResolver] ConfigClusterResolver.java:43 - Resolving eureka endpoints via configuration
2021-09-03 21:00:50,968 [AsyncResolver-bootstrap-executor-0] INFO  [c.n.d.shared.resolver.aws.ConfigClusterResolver] ConfigClusterResolver.java:43 - Resolving eureka endpoints via configuration
2021-09-03 21:05:50,968 [AsyncResolver-bootstrap-executor-0] INFO  [c.n.d.shared.resolver.aws.ConfigClusterResolver] ConfigClusterResolver.java:43 - Resolving eureka endpoints via configuration
2021-09-03 21:10:50,973 [AsyncResolver-bootstrap-executor-0] INFO  [c.n.d.shared.resolver.aws.ConfigClusterResolver] ConfigClusterResolver.java:43 - Resolving eureka endpoints via configuration
2021-09-03 21:15:50,980 [AsyncResolver-bootstrap-executor-0] INFO  [c.n.d.shared.resolver.aws.ConfigClusterResolver] ConfigClusterResolver.java:43 - Resolving eureka endpoints via configuration
2021-09-03 21:20:50,983 [AsyncResolver-bootstrap-executor-0] INFO  [c.n.d.shared.resolver.aws.ConfigClusterResolver] ConfigClusterResolver.java:43 - Resolving eureka endpoints via configuration
2021-09-03 21:25:50,992 [AsyncResolver-bootstrap-executor-0] INFO  [c.n.d.shared.resolver.aws.ConfigClusterResolver] ConfigClusterResolver.java:43 - Resolving eureka endpoints via configuration
2021-09-03 21:30:51,002 [AsyncResolver-bootstrap-executor-0] INFO  [c.n.d.shared.resolver.aws.ConfigClusterResolver] ConfigClusterResolver.java:43 - Resolving eureka endpoints via configuration
2021-09-03 21:35:51,016 [AsyncResolver-bootstrap-executor-0] INFO  [c.n.d.shared.resolver.aws.ConfigClusterResolver] ConfigClusterResolver.java:43 - Resolving eureka endpoints via configuration
2021-09-03 21:40:51,027 [AsyncResolver-bootstrap-executor-0] INFO  [c.n.d.shared.resolver.aws.ConfigClusterResolver] ConfigClusterResolver.java:43 - Resolving eureka endpoints via configuration
2021-09-03 21:45:51,036 [AsyncResolver-bootstrap-executor-0] INFO  [c.n.d.shared.resolver.aws.ConfigClusterResolver] ConfigClusterResolver.java:43 - Resolving eureka endpoints via configuration
2021-09-03 21:50:51,046 [AsyncResolver-bootstrap-executor-0] INFO  [c.n.d.shared.resolver.aws.ConfigClusterResolver] ConfigClusterResolver.java:43 - Resolving eureka endpoints via configuration
2021-09-03 21:55:51,061 [AsyncResolver-bootstrap-executor-0] INFO  [c.n.d.shared.resolver.aws.ConfigClusterResolver] ConfigClusterResolver.java:43 - Resolving eureka endpoints via configuration
2021-09-03 22:00:51,062 [AsyncResolver-bootstrap-executor-0] INFO  [c.n.d.shared.resolver.aws.ConfigClusterResolver] ConfigClusterResolver.java:43 - Resolving eureka endpoints via configuration
2021-09-03 22:05:51,079 [AsyncResolver-bootstrap-executor-0] INFO  [c.n.d.shared.resolver.aws.ConfigClusterResolver] ConfigClusterResolver.java:43 - Resolving eureka endpoints via configuration
2021-09-03 22:10:51,091 [AsyncResolver-bootstrap-executor-0] INFO  [c.n.d.shared.resolver.aws.ConfigClusterResolver] ConfigClusterResolver.java:43 - Resolving eureka endpoints via configuration
2021-09-03 22:15:51,093 [AsyncResolver-bootstrap-executor-0] INFO  [c.n.d.shared.resolver.aws.ConfigClusterResolver] ConfigClusterResolver.java:43 - Resolving eureka endpoints via configuration
2021-09-03 22:20:51,100 [AsyncResolver-bootstrap-executor-0] INFO  [c.n.d.shared.resolver.aws.ConfigClusterResolver] ConfigClusterResolver.java:43 - Resolving eureka endpoints via configuration
2021-09-03 22:25:51,108 [AsyncResolver-bootstrap-executor-0] INFO  [c.n.d.shared.resolver.aws.ConfigClusterResolver] ConfigClusterResolver.java:43 - Resolving eureka endpoints via configuration
2021-09-03 22:30:51,111 [AsyncResolver-bootstrap-executor-0] INFO  [c.n.d.shared.resolver.aws.ConfigClusterResolver] ConfigClusterResolver.java:43 - Resolving eureka endpoints via configuration
2021-09-03 22:35:51,119 [AsyncResolver-bootstrap-executor-0] INFO  [c.n.d.shared.resolver.aws.ConfigClusterResolver] ConfigClusterResolver.java:43 - Resolving eureka endpoints via configuration
2021-09-03 22:40:51,125 [AsyncResolver-bootstrap-executor-0] INFO  [c.n.d.shared.resolver.aws.ConfigClusterResolver] ConfigClusterResolver.java:43 - Resolving eureka endpoints via configuration
2021-09-03 22:45:51,133 [AsyncResolver-bootstrap-executor-0] INFO  [c.n.d.shared.resolver.aws.ConfigClusterResolver] ConfigClusterResolver.java:43 - Resolving eureka endpoints via configuration
