2021-08-25 11:10:34,981 [main] INFO  [com.fzc.fzcstockus.FzcStockUsApplication] StartupInfoLogger.java:55 - Starting FzcStockUsApplication using Java 1.8.0_191 on FLAMENCO-XXX with PID 8544 (B:\github\flamenco\project\fzc\fzc-stock-us\target\classes started by Flamenco.xxx in B:\github\flamenco\project\fzc)
2021-08-25 11:10:34,983 [main] INFO  [com.fzc.fzcstockus.FzcStockUsApplication] SpringApplication.java:675 - No active profile set, falling back to default profiles: default
2021-08-25 11:10:35,156 [main] INFO  [o.s.boot.devtools.restart.ChangeableUrls] DeferredLog.java:255 - The Class-Path manifest attribute in C:\Users\Flamenco.xxx\.m2\repository\com\futunn\openapi\futu-api\5.4.1608\futu-api-5.4.1608.jar referenced one or more files that do not exist: file:/C:/Users/Flamenco.xxx/.m2/repository/com/futunn/openapi/futu-api/5.4.1608/protobuf-java-3.5.1.jar,file:/C:/Users/Flamenco.xxx/.m2/repository/com/futunn/openapi/futu-api/5.4.1608/jna.jar,file:/C:/Users/Flamenco.xxx/.m2/repository/com/futunn/openapi/futu-api/5.4.1608/jna-platform.jar
2021-08-25 11:10:35,157 [main] INFO  [o.s.b.d.env.DevToolsPropertyDefaultsPostProcessor] DeferredLog.java:255 - Devtools property defaults active! Set 'spring.devtools.add-properties' to 'false' to disable
2021-08-25 11:10:35,157 [main] INFO  [o.s.b.d.env.DevToolsPropertyDefaultsPostProcessor] DeferredLog.java:255 - For additional web related logging consider setting the 'logging.level.web' property to 'DEBUG'
2021-08-25 11:10:36,229 [main] INFO  [o.s.d.r.config.RepositoryConfigurationDelegate] RepositoryConfigurationDelegate.java:128 - Bootstrapping Spring Data MongoDB repositories in DEFAULT mode.
2021-08-25 11:10:36,376 [main] INFO  [o.s.d.r.config.RepositoryConfigurationDelegate] RepositoryConfigurationDelegate.java:188 - Finished Spring Data repository scanning in 136 ms. Found 3 MongoDB repository interfaces.
2021-08-25 11:10:36,738 [main] INFO  [o.springframework.cloud.context.scope.GenericScope] GenericScope.java:283 - BeanFactory id=744f0573-6226-353e-974c-03490f79e032
2021-08-25 11:10:37,663 [main] INFO  [o.s.boot.web.embedded.tomcat.TomcatWebServer] TomcatWebServer.java:108 - Tomcat initialized with port(s): 8084 (http)
2021-08-25 11:10:37,688 [main] INFO  [org.apache.catalina.core.StandardService] DirectJDKLog.java:173 - Starting service [Tomcat]
2021-08-25 11:10:37,689 [main] INFO  [org.apache.catalina.core.StandardEngine] DirectJDKLog.java:173 - Starting Servlet engine: [Apache Tomcat/9.0.45]
2021-08-25 11:10:37,830 [main] INFO  [o.a.c.core.ContainerBase.[Tomcat].[localhost].[/]] DirectJDKLog.java:173 - Initializing Spring embedded WebApplicationContext
2021-08-25 11:10:37,830 [main] INFO  [o.s.b.w.s.c.ServletWebServerApplicationContext] ServletWebServerApplicationContext.java:289 - Root WebApplicationContext: initialization completed in 2671 ms
2021-08-25 11:10:38,102 [main] INFO  [org.mongodb.driver.cluster] SLF4JLogger.java:71 - Cluster created with settings {hosts=[localhost:27017], mode=SINGLE, requiredClusterType=UNKNOWN, serverSelectionTimeout='30000 ms'}
2021-08-25 11:10:38,221 [cluster-ClusterId{value='6125b4aea6f666570061b78d', description='null'}-localhost:27017] INFO  [org.mongodb.driver.connection] SLF4JLogger.java:71 - Opened connection [connectionId{localValue:1, serverValue:1}] to localhost:27017
2021-08-25 11:10:38,221 [cluster-rtt-ClusterId{value='6125b4aea6f666570061b78d', description='null'}-localhost:27017] INFO  [org.mongodb.driver.connection] SLF4JLogger.java:71 - Opened connection [connectionId{localValue:2, serverValue:2}] to localhost:27017
2021-08-25 11:10:38,222 [cluster-ClusterId{value='6125b4aea6f666570061b78d', description='null'}-localhost:27017] INFO  [org.mongodb.driver.cluster] SLF4JLogger.java:71 - Monitor thread successfully connected to server with description ServerDescription{address=localhost:27017, type=STANDALONE, state=CONNECTED, ok=true, minWireVersion=0, maxWireVersion=13, maxDocumentSize=16777216, logicalSessionTimeoutMinutes=30, roundTripTimeNanos=35289600}
2021-08-25 11:10:38,292 [main] WARN  [org.springframework.data.convert.CustomConversions] CustomConversions.java:260 - Registering converter from class java.time.LocalDateTime to class org.joda.time.LocalDateTime as reading converter although it doesn't convert from a store-supported type! You might want to check your annotation setup at the converter implementation.
2021-08-25 11:10:38,426 [main] INFO  [o.s.b.d.autoconfigure.OptionalLiveReloadServer] OptionalLiveReloadServer.java:58 - LiveReload server is running on port 35729
2021-08-25 11:10:38,567 [main] WARN  [org.springframework.data.convert.CustomConversions] CustomConversions.java:260 - Registering converter from class java.time.LocalDateTime to class org.joda.time.LocalDateTime as reading converter although it doesn't convert from a store-supported type! You might want to check your annotation setup at the converter implementation.
2021-08-25 11:10:40,620 [main] INFO  [o.s.scheduling.concurrent.ThreadPoolTaskExecutor] ExecutorConfigurationSupport.java:181 - Initializing ExecutorService 'applicationTaskExecutor'
2021-08-25 11:10:41,457 [main] INFO  [o.s.c.n.e.c.DiscoveryClientOptionalArgsConfiguration] DiscoveryClientOptionalArgsConfiguration.java:68 - Eureka HTTP Client uses RestTemplate.
2021-08-25 11:10:41,834 [main] WARN  [o.s.c.l.c.LoadBalancerCacheAutoConfiguration$LoadBalancerCaffeineWarnLogger] LoadBalancerCacheAutoConfiguration.java:82 - Spring Cloud LoadBalancer is currently working with the default cache. You can switch to using Caffeine cache, by adding it and org.springframework.cache.caffeine.CaffeineCacheManager to the classpath.
2021-08-25 11:10:41,906 [main] INFO  [o.s.cloud.netflix.eureka.InstanceInfoFactory] InstanceInfoFactory.java:67 - Setting initial instance status as: STARTING
2021-08-25 11:10:41,958 [main] INFO  [com.netflix.discovery.DiscoveryClient] DiscoveryClient.java:372 - Initializing Eureka in region us-east-1
2021-08-25 11:10:41,967 [main] INFO  [c.n.d.shared.resolver.aws.ConfigClusterResolver] ConfigClusterResolver.java:43 - Resolving eureka endpoints via configuration
2021-08-25 11:10:42,003 [main] INFO  [com.netflix.discovery.DiscoveryClient] DiscoveryClient.java:1007 - Disable delta property : false
2021-08-25 11:10:42,003 [main] INFO  [com.netflix.discovery.DiscoveryClient] DiscoveryClient.java:1008 - Single vip registry refresh property : null
2021-08-25 11:10:42,003 [main] INFO  [com.netflix.discovery.DiscoveryClient] DiscoveryClient.java:1009 - Force full registry fetch : false
2021-08-25 11:10:42,003 [main] INFO  [com.netflix.discovery.DiscoveryClient] DiscoveryClient.java:1010 - Application is null : false
2021-08-25 11:10:42,004 [main] INFO  [com.netflix.discovery.DiscoveryClient] DiscoveryClient.java:1011 - Registered Applications size is zero : true
2021-08-25 11:10:42,004 [main] INFO  [com.netflix.discovery.DiscoveryClient] DiscoveryClient.java:1013 - Application version is -1: true
2021-08-25 11:10:42,004 [main] INFO  [com.netflix.discovery.DiscoveryClient] DiscoveryClient.java:1097 - Getting all instance registry info from the eureka server
2021-08-25 11:10:42,457 [main] INFO  [com.netflix.discovery.DiscoveryClient] DiscoveryClient.java:1106 - The response status is 200
2021-08-25 11:10:42,460 [main] INFO  [com.netflix.discovery.DiscoveryClient] DiscoveryClient.java:1321 - Starting heartbeat executor: renew interval is: 5
2021-08-25 11:10:42,464 [main] INFO  [com.netflix.discovery.InstanceInfoReplicator] InstanceInfoReplicator.java:60 - InstanceInfoReplicator onDemand update allowed rate per min is 4
2021-08-25 11:10:42,470 [main] INFO  [com.netflix.discovery.DiscoveryClient] DiscoveryClient.java:492 - Discovery Client initialized at timestamp 1629861042468 with initial instances count: 0
2021-08-25 11:10:42,473 [main] INFO  [o.s.c.n.e.serviceregistry.EurekaServiceRegistry] EurekaServiceRegistry.java:41 - Registering application FZC-STOCK-US with eureka with status UP
2021-08-25 11:10:42,474 [main] INFO  [com.netflix.discovery.DiscoveryClient] DiscoveryClient.java:1352 - Saw local status change event StatusChangeEvent [timestamp=1629861042474, current=UP, previous=STARTING]
2021-08-25 11:10:42,477 [DiscoveryClient-InstanceInfoReplicator-0] INFO  [com.netflix.discovery.DiscoveryClient] DiscoveryClient.java:873 - DiscoveryClient_FZC-STOCK-US/FLAMENCO-XXX:fzc-stock-us:8084: registering service...
2021-08-25 11:10:42,503 [main] INFO  [o.s.boot.web.embedded.tomcat.TomcatWebServer] TomcatWebServer.java:220 - Tomcat started on port(s): 8084 (http) with context path ''
2021-08-25 11:10:42,504 [main] INFO  [o.s.c.n.e.s.EurekaAutoServiceRegistration] EurekaAutoServiceRegistration.java:144 - Updating port to 8084
2021-08-25 11:10:42,633 [DiscoveryClient-InstanceInfoReplicator-0] INFO  [com.netflix.discovery.DiscoveryClient] DiscoveryClient.java:882 - DiscoveryClient_FZC-STOCK-US/FLAMENCO-XXX:fzc-stock-us:8084 - registration status: 204
2021-08-25 11:10:42,827 [main] INFO  [com.fzc.fzcstockus.FzcStockUsApplication] StartupInfoLogger.java:61 - Started FzcStockUsApplication in 9.261 seconds (JVM running for 15.11)
2021-08-25 11:11:12,470 [DiscoveryClient-CacheRefreshExecutor-0] INFO  [com.netflix.discovery.DiscoveryClient] DiscoveryClient.java:1007 - Disable delta property : false
2021-08-25 11:11:12,470 [DiscoveryClient-CacheRefreshExecutor-0] INFO  [com.netflix.discovery.DiscoveryClient] DiscoveryClient.java:1008 - Single vip registry refresh property : null
2021-08-25 11:11:12,471 [DiscoveryClient-CacheRefreshExecutor-0] INFO  [com.netflix.discovery.DiscoveryClient] DiscoveryClient.java:1009 - Force full registry fetch : false
2021-08-25 11:11:12,471 [DiscoveryClient-CacheRefreshExecutor-0] INFO  [com.netflix.discovery.DiscoveryClient] DiscoveryClient.java:1010 - Application is null : false
2021-08-25 11:11:12,471 [DiscoveryClient-CacheRefreshExecutor-0] INFO  [com.netflix.discovery.DiscoveryClient] DiscoveryClient.java:1011 - Registered Applications size is zero : true
2021-08-25 11:11:12,471 [DiscoveryClient-CacheRefreshExecutor-0] INFO  [com.netflix.discovery.DiscoveryClient] DiscoveryClient.java:1013 - Application version is -1: false
2021-08-25 11:11:12,471 [DiscoveryClient-CacheRefreshExecutor-0] INFO  [com.netflix.discovery.DiscoveryClient] DiscoveryClient.java:1097 - Getting all instance registry info from the eureka server
2021-08-25 11:11:12,497 [DiscoveryClient-CacheRefreshExecutor-0] INFO  [com.netflix.discovery.DiscoveryClient] DiscoveryClient.java:1106 - The response status is 200
2021-08-25 11:14:13,636 [DiscoveryClient-HeartbeatExecutor-0] INFO  [com.netflix.discovery.DiscoveryClient] DiscoveryClient.java:897 - DiscoveryClient_FZC-STOCK-US/FLAMENCO-XXX:fzc-stock-us:8084 - Re-registering apps/FZC-STOCK-US
2021-08-25 11:14:13,636 [DiscoveryClient-HeartbeatExecutor-0] INFO  [com.netflix.discovery.DiscoveryClient] DiscoveryClient.java:873 - DiscoveryClient_FZC-STOCK-US/FLAMENCO-XXX:fzc-stock-us:8084: registering service...
2021-08-25 11:14:13,641 [DiscoveryClient-HeartbeatExecutor-0] INFO  [com.netflix.discovery.DiscoveryClient] DiscoveryClient.java:882 - DiscoveryClient_FZC-STOCK-US/FLAMENCO-XXX:fzc-stock-us:8084 - registration status: 204
2021-08-25 11:15:42,020 [AsyncResolver-bootstrap-executor-0] INFO  [c.n.d.shared.resolver.aws.ConfigClusterResolver] ConfigClusterResolver.java:43 - Resolving eureka endpoints via configuration
2021-08-25 11:16:54,460 [DiscoveryClient-HeartbeatExecutor-0] INFO  [com.netflix.discovery.DiscoveryClient] DiscoveryClient.java:897 - DiscoveryClient_FZC-STOCK-US/FLAMENCO-XXX:fzc-stock-us:8084 - Re-registering apps/FZC-STOCK-US
2021-08-25 11:16:54,461 [DiscoveryClient-HeartbeatExecutor-0] INFO  [com.netflix.discovery.DiscoveryClient] DiscoveryClient.java:873 - DiscoveryClient_FZC-STOCK-US/FLAMENCO-XXX:fzc-stock-us:8084: registering service...
2021-08-25 11:16:54,464 [DiscoveryClient-HeartbeatExecutor-0] INFO  [com.netflix.discovery.DiscoveryClient] DiscoveryClient.java:882 - DiscoveryClient_FZC-STOCK-US/FLAMENCO-XXX:fzc-stock-us:8084 - registration status: 204
2021-08-25 11:19:40,432 [http-nio-8084-exec-2] INFO  [o.a.c.core.ContainerBase.[Tomcat].[localhost].[/]] DirectJDKLog.java:173 - Initializing Spring DispatcherServlet 'dispatcherServlet'
2021-08-25 11:19:40,432 [http-nio-8084-exec-2] INFO  [org.springframework.web.servlet.DispatcherServlet] FrameworkServlet.java:525 - Initializing Servlet 'dispatcherServlet'
2021-08-25 11:19:40,434 [http-nio-8084-exec-2] INFO  [org.springframework.web.servlet.DispatcherServlet] FrameworkServlet.java:547 - Completed initialization in 2 ms
2021-08-25 11:19:40,695 [http-nio-8084-exec-2] INFO  [org.mongodb.driver.connection] SLF4JLogger.java:71 - Opened connection [connectionId{localValue:3, serverValue:12}] to localhost:27017
2021-08-25 11:19:41,016 [http-nio-8084-exec-2] INFO  [com.fzc.fzcstockus.aspectj.AopLog] AopLog.java:85 - Request Log Info : {"threadId":"158","classMethod":"com.fzc.fzcstockus.controller.StockUsHistoryTableController.UsHistoryTable","os":"UNKNOWN","ip":"0:0:0:0:0:0:0:1","browser":"UNKNOWN","requestParams":{"code":"aapl"},"userAgent":"PostmanRuntime/7.28.3","httpMethod":"GET","timeCost":459,"threadName":"http-nio-8084-exec-2","url":"http://localhost:8084/UsHistoryTable/data"}
2021-08-25 11:20:39,240 [http-nio-8084-exec-3] INFO  [com.fzc.fzcstockus.aspectj.AopLog] AopLog.java:85 - Request Log Info : {"threadId":"159","classMethod":"com.fzc.fzcstockus.controller.StockUsHistoryController.searchUsDayHistory","os":"UNKNOWN","ip":"0:0:0:0:0:0:0:1","browser":"UNKNOWN","requestParams":{"code":"IBM"},"userAgent":"PostmanRuntime/7.28.3","httpMethod":"GET","timeCost":2122,"threadName":"http-nio-8084-exec-3","url":"http://localhost:8084/UsHistory/UsDayHistory"}
2021-08-25 11:20:42,026 [AsyncResolver-bootstrap-executor-0] INFO  [c.n.d.shared.resolver.aws.ConfigClusterResolver] ConfigClusterResolver.java:43 - Resolving eureka endpoints via configuration
2021-08-25 11:25:42,026 [AsyncResolver-bootstrap-executor-0] INFO  [c.n.d.shared.resolver.aws.ConfigClusterResolver] ConfigClusterResolver.java:43 - Resolving eureka endpoints via configuration
2021-08-25 11:30:42,032 [AsyncResolver-bootstrap-executor-0] INFO  [c.n.d.shared.resolver.aws.ConfigClusterResolver] ConfigClusterResolver.java:43 - Resolving eureka endpoints via configuration
2021-08-25 11:35:42,036 [AsyncResolver-bootstrap-executor-0] INFO  [c.n.d.shared.resolver.aws.ConfigClusterResolver] ConfigClusterResolver.java:43 - Resolving eureka endpoints via configuration
2021-08-25 11:39:46,410 [DiscoveryClient-HeartbeatExecutor-0] INFO  [com.netflix.discovery.DiscoveryClient] DiscoveryClient.java:897 - DiscoveryClient_FZC-STOCK-US/FLAMENCO-XXX:fzc-stock-us:8084 - Re-registering apps/FZC-STOCK-US
2021-08-25 11:39:46,410 [DiscoveryClient-HeartbeatExecutor-0] INFO  [com.netflix.discovery.DiscoveryClient] DiscoveryClient.java:873 - DiscoveryClient_FZC-STOCK-US/FLAMENCO-XXX:fzc-stock-us:8084: registering service...
2021-08-25 11:39:46,416 [DiscoveryClient-HeartbeatExecutor-0] INFO  [com.netflix.discovery.DiscoveryClient] DiscoveryClient.java:882 - DiscoveryClient_FZC-STOCK-US/FLAMENCO-XXX:fzc-stock-us:8084 - registration status: 204
2021-08-25 11:40:42,049 [AsyncResolver-bootstrap-executor-0] INFO  [c.n.d.shared.resolver.aws.ConfigClusterResolver] ConfigClusterResolver.java:43 - Resolving eureka endpoints via configuration
2021-08-25 11:41:52,040 [DiscoveryClient-HeartbeatExecutor-0] INFO  [com.netflix.discovery.DiscoveryClient] DiscoveryClient.java:897 - DiscoveryClient_FZC-STOCK-US/FLAMENCO-XXX:fzc-stock-us:8084 - Re-registering apps/FZC-STOCK-US
2021-08-25 11:41:52,041 [DiscoveryClient-HeartbeatExecutor-0] INFO  [com.netflix.discovery.DiscoveryClient] DiscoveryClient.java:873 - DiscoveryClient_FZC-STOCK-US/FLAMENCO-XXX:fzc-stock-us:8084: registering service...
2021-08-25 11:41:52,044 [DiscoveryClient-HeartbeatExecutor-0] INFO  [com.netflix.discovery.DiscoveryClient] DiscoveryClient.java:882 - DiscoveryClient_FZC-STOCK-US/FLAMENCO-XXX:fzc-stock-us:8084 - registration status: 204
2021-08-25 11:45:42,054 [AsyncResolver-bootstrap-executor-0] INFO  [c.n.d.shared.resolver.aws.ConfigClusterResolver] ConfigClusterResolver.java:43 - Resolving eureka endpoints via configuration
2021-08-25 11:50:42,059 [AsyncResolver-bootstrap-executor-0] INFO  [c.n.d.shared.resolver.aws.ConfigClusterResolver] ConfigClusterResolver.java:43 - Resolving eureka endpoints via configuration
2021-08-25 11:55:42,072 [AsyncResolver-bootstrap-executor-0] INFO  [c.n.d.shared.resolver.aws.ConfigClusterResolver] ConfigClusterResolver.java:43 - Resolving eureka endpoints via configuration
2021-08-25 12:00:42,075 [AsyncResolver-bootstrap-executor-0] INFO  [c.n.d.shared.resolver.aws.ConfigClusterResolver] ConfigClusterResolver.java:43 - Resolving eureka endpoints via configuration
2021-08-25 12:05:42,080 [AsyncResolver-bootstrap-executor-0] INFO  [c.n.d.shared.resolver.aws.ConfigClusterResolver] ConfigClusterResolver.java:43 - Resolving eureka endpoints via configuration
2021-08-25 12:10:42,092 [AsyncResolver-bootstrap-executor-0] INFO  [c.n.d.shared.resolver.aws.ConfigClusterResolver] ConfigClusterResolver.java:43 - Resolving eureka endpoints via configuration
2021-08-25 12:15:42,095 [AsyncResolver-bootstrap-executor-0] INFO  [c.n.d.shared.resolver.aws.ConfigClusterResolver] ConfigClusterResolver.java:43 - Resolving eureka endpoints via configuration
2021-08-25 12:20:42,106 [AsyncResolver-bootstrap-executor-0] INFO  [c.n.d.shared.resolver.aws.ConfigClusterResolver] ConfigClusterResolver.java:43 - Resolving eureka endpoints via configuration
2021-08-25 12:25:42,110 [AsyncResolver-bootstrap-executor-0] INFO  [c.n.d.shared.resolver.aws.ConfigClusterResolver] ConfigClusterResolver.java:43 - Resolving eureka endpoints via configuration
2021-08-25 12:30:42,120 [AsyncResolver-bootstrap-executor-0] INFO  [c.n.d.shared.resolver.aws.ConfigClusterResolver] ConfigClusterResolver.java:43 - Resolving eureka endpoints via configuration
2021-08-25 12:35:42,126 [AsyncResolver-bootstrap-executor-0] INFO  [c.n.d.shared.resolver.aws.ConfigClusterResolver] ConfigClusterResolver.java:43 - Resolving eureka endpoints via configuration
2021-08-25 12:40:42,127 [AsyncResolver-bootstrap-executor-0] INFO  [c.n.d.shared.resolver.aws.ConfigClusterResolver] ConfigClusterResolver.java:43 - Resolving eureka endpoints via configuration
2021-08-25 12:45:42,141 [AsyncResolver-bootstrap-executor-0] INFO  [c.n.d.shared.resolver.aws.ConfigClusterResolver] ConfigClusterResolver.java:43 - Resolving eureka endpoints via configuration
2021-08-25 12:50:42,153 [AsyncResolver-bootstrap-executor-0] INFO  [c.n.d.shared.resolver.aws.ConfigClusterResolver] ConfigClusterResolver.java:43 - Resolving eureka endpoints via configuration
2021-08-25 12:55:42,159 [AsyncResolver-bootstrap-executor-0] INFO  [c.n.d.shared.resolver.aws.ConfigClusterResolver] ConfigClusterResolver.java:43 - Resolving eureka endpoints via configuration
2021-08-25 13:00:42,173 [AsyncResolver-bootstrap-executor-0] INFO  [c.n.d.shared.resolver.aws.ConfigClusterResolver] ConfigClusterResolver.java:43 - Resolving eureka endpoints via configuration
2021-08-25 13:05:42,177 [AsyncResolver-bootstrap-executor-0] INFO  [c.n.d.shared.resolver.aws.ConfigClusterResolver] ConfigClusterResolver.java:43 - Resolving eureka endpoints via configuration
2021-08-25 13:10:42,183 [AsyncResolver-bootstrap-executor-0] INFO  [c.n.d.shared.resolver.aws.ConfigClusterResolver] ConfigClusterResolver.java:43 - Resolving eureka endpoints via configuration
2021-08-25 13:15:42,187 [AsyncResolver-bootstrap-executor-0] INFO  [c.n.d.shared.resolver.aws.ConfigClusterResolver] ConfigClusterResolver.java:43 - Resolving eureka endpoints via configuration
2021-08-25 13:20:42,203 [AsyncResolver-bootstrap-executor-0] INFO  [c.n.d.shared.resolver.aws.ConfigClusterResolver] ConfigClusterResolver.java:43 - Resolving eureka endpoints via configuration
2021-08-25 13:25:42,206 [AsyncResolver-bootstrap-executor-0] INFO  [c.n.d.shared.resolver.aws.ConfigClusterResolver] ConfigClusterResolver.java:43 - Resolving eureka endpoints via configuration
2021-08-25 13:30:42,216 [AsyncResolver-bootstrap-executor-0] INFO  [c.n.d.shared.resolver.aws.ConfigClusterResolver] ConfigClusterResolver.java:43 - Resolving eureka endpoints via configuration
2021-08-25 13:35:42,221 [AsyncResolver-bootstrap-executor-0] INFO  [c.n.d.shared.resolver.aws.ConfigClusterResolver] ConfigClusterResolver.java:43 - Resolving eureka endpoints via configuration
2021-08-25 13:40:42,235 [AsyncResolver-bootstrap-executor-0] INFO  [c.n.d.shared.resolver.aws.ConfigClusterResolver] ConfigClusterResolver.java:43 - Resolving eureka endpoints via configuration
2021-08-25 13:45:42,237 [AsyncResolver-bootstrap-executor-0] INFO  [c.n.d.shared.resolver.aws.ConfigClusterResolver] ConfigClusterResolver.java:43 - Resolving eureka endpoints via configuration
2021-08-25 13:50:42,253 [AsyncResolver-bootstrap-executor-0] INFO  [c.n.d.shared.resolver.aws.ConfigClusterResolver] ConfigClusterResolver.java:43 - Resolving eureka endpoints via configuration
2021-08-25 13:55:42,263 [AsyncResolver-bootstrap-executor-0] INFO  [c.n.d.shared.resolver.aws.ConfigClusterResolver] ConfigClusterResolver.java:43 - Resolving eureka endpoints via configuration
2021-08-25 14:00:42,277 [AsyncResolver-bootstrap-executor-0] INFO  [c.n.d.shared.resolver.aws.ConfigClusterResolver] ConfigClusterResolver.java:43 - Resolving eureka endpoints via configuration
2021-08-25 14:05:42,280 [AsyncResolver-bootstrap-executor-0] INFO  [c.n.d.shared.resolver.aws.ConfigClusterResolver] ConfigClusterResolver.java:43 - Resolving eureka endpoints via configuration
2021-08-25 14:10:42,286 [AsyncResolver-bootstrap-executor-0] INFO  [c.n.d.shared.resolver.aws.ConfigClusterResolver] ConfigClusterResolver.java:43 - Resolving eureka endpoints via configuration
2021-08-25 14:15:42,300 [AsyncResolver-bootstrap-executor-0] INFO  [c.n.d.shared.resolver.aws.ConfigClusterResolver] ConfigClusterResolver.java:43 - Resolving eureka endpoints via configuration
2021-08-25 14:20:42,304 [AsyncResolver-bootstrap-executor-0] INFO  [c.n.d.shared.resolver.aws.ConfigClusterResolver] ConfigClusterResolver.java:43 - Resolving eureka endpoints via configuration
2021-08-25 14:25:42,304 [AsyncResolver-bootstrap-executor-0] INFO  [c.n.d.shared.resolver.aws.ConfigClusterResolver] ConfigClusterResolver.java:43 - Resolving eureka endpoints via configuration
2021-08-25 14:30:42,310 [AsyncResolver-bootstrap-executor-0] INFO  [c.n.d.shared.resolver.aws.ConfigClusterResolver] ConfigClusterResolver.java:43 - Resolving eureka endpoints via configuration
2021-08-25 14:35:42,325 [AsyncResolver-bootstrap-executor-0] INFO  [c.n.d.shared.resolver.aws.ConfigClusterResolver] ConfigClusterResolver.java:43 - Resolving eureka endpoints via configuration
2021-08-25 14:40:42,333 [AsyncResolver-bootstrap-executor-0] INFO  [c.n.d.shared.resolver.aws.ConfigClusterResolver] ConfigClusterResolver.java:43 - Resolving eureka endpoints via configuration
2021-08-25 14:45:42,346 [AsyncResolver-bootstrap-executor-0] INFO  [c.n.d.shared.resolver.aws.ConfigClusterResolver] ConfigClusterResolver.java:43 - Resolving eureka endpoints via configuration
2021-08-25 14:50:42,353 [AsyncResolver-bootstrap-executor-0] INFO  [c.n.d.shared.resolver.aws.ConfigClusterResolver] ConfigClusterResolver.java:43 - Resolving eureka endpoints via configuration
2021-08-25 14:55:42,357 [AsyncResolver-bootstrap-executor-0] INFO  [c.n.d.shared.resolver.aws.ConfigClusterResolver] ConfigClusterResolver.java:43 - Resolving eureka endpoints via configuration
2021-08-25 15:00:42,366 [AsyncResolver-bootstrap-executor-0] INFO  [c.n.d.shared.resolver.aws.ConfigClusterResolver] ConfigClusterResolver.java:43 - Resolving eureka endpoints via configuration
2021-08-25 15:05:42,374 [AsyncResolver-bootstrap-executor-0] INFO  [c.n.d.shared.resolver.aws.ConfigClusterResolver] ConfigClusterResolver.java:43 - Resolving eureka endpoints via configuration
2021-08-25 15:10:42,377 [AsyncResolver-bootstrap-executor-0] INFO  [c.n.d.shared.resolver.aws.ConfigClusterResolver] ConfigClusterResolver.java:43 - Resolving eureka endpoints via configuration
2021-08-25 15:15:42,387 [AsyncResolver-bootstrap-executor-0] INFO  [c.n.d.shared.resolver.aws.ConfigClusterResolver] ConfigClusterResolver.java:43 - Resolving eureka endpoints via configuration
2021-08-25 15:20:42,403 [AsyncResolver-bootstrap-executor-0] INFO  [c.n.d.shared.resolver.aws.ConfigClusterResolver] ConfigClusterResolver.java:43 - Resolving eureka endpoints via configuration
2021-08-25 15:25:42,411 [AsyncResolver-bootstrap-executor-0] INFO  [c.n.d.shared.resolver.aws.ConfigClusterResolver] ConfigClusterResolver.java:43 - Resolving eureka endpoints via configuration
2021-08-25 15:30:42,422 [AsyncResolver-bootstrap-executor-0] INFO  [c.n.d.shared.resolver.aws.ConfigClusterResolver] ConfigClusterResolver.java:43 - Resolving eureka endpoints via configuration
2021-08-25 15:35:42,427 [AsyncResolver-bootstrap-executor-0] INFO  [c.n.d.shared.resolver.aws.ConfigClusterResolver] ConfigClusterResolver.java:43 - Resolving eureka endpoints via configuration
2021-08-25 15:40:42,440 [AsyncResolver-bootstrap-executor-0] INFO  [c.n.d.shared.resolver.aws.ConfigClusterResolver] ConfigClusterResolver.java:43 - Resolving eureka endpoints via configuration
2021-08-25 15:45:42,452 [AsyncResolver-bootstrap-executor-0] INFO  [c.n.d.shared.resolver.aws.ConfigClusterResolver] ConfigClusterResolver.java:43 - Resolving eureka endpoints via configuration
2021-08-25 15:50:42,454 [AsyncResolver-bootstrap-executor-0] INFO  [c.n.d.shared.resolver.aws.ConfigClusterResolver] ConfigClusterResolver.java:43 - Resolving eureka endpoints via configuration
2021-08-25 15:55:42,454 [AsyncResolver-bootstrap-executor-0] INFO  [c.n.d.shared.resolver.aws.ConfigClusterResolver] ConfigClusterResolver.java:43 - Resolving eureka endpoints via configuration
2021-08-25 16:00:42,459 [AsyncResolver-bootstrap-executor-0] INFO  [c.n.d.shared.resolver.aws.ConfigClusterResolver] ConfigClusterResolver.java:43 - Resolving eureka endpoints via configuration
2021-08-25 16:05:42,468 [AsyncResolver-bootstrap-executor-0] INFO  [c.n.d.shared.resolver.aws.ConfigClusterResolver] ConfigClusterResolver.java:43 - Resolving eureka endpoints via configuration
2021-08-25 16:10:42,470 [AsyncResolver-bootstrap-executor-0] INFO  [c.n.d.shared.resolver.aws.ConfigClusterResolver] ConfigClusterResolver.java:43 - Resolving eureka endpoints via configuration
2021-08-25 16:15:42,476 [AsyncResolver-bootstrap-executor-0] INFO  [c.n.d.shared.resolver.aws.ConfigClusterResolver] ConfigClusterResolver.java:43 - Resolving eureka endpoints via configuration
2021-08-25 16:20:42,488 [AsyncResolver-bootstrap-executor-0] INFO  [c.n.d.shared.resolver.aws.ConfigClusterResolver] ConfigClusterResolver.java:43 - Resolving eureka endpoints via configuration
2021-08-25 16:25:42,500 [AsyncResolver-bootstrap-executor-0] INFO  [c.n.d.shared.resolver.aws.ConfigClusterResolver] ConfigClusterResolver.java:43 - Resolving eureka endpoints via configuration
2021-08-25 16:30:42,503 [AsyncResolver-bootstrap-executor-0] INFO  [c.n.d.shared.resolver.aws.ConfigClusterResolver] ConfigClusterResolver.java:43 - Resolving eureka endpoints via configuration
2021-08-25 16:35:42,510 [AsyncResolver-bootstrap-executor-0] INFO  [c.n.d.shared.resolver.aws.ConfigClusterResolver] ConfigClusterResolver.java:43 - Resolving eureka endpoints via configuration
2021-08-25 16:40:42,512 [AsyncResolver-bootstrap-executor-0] INFO  [c.n.d.shared.resolver.aws.ConfigClusterResolver] ConfigClusterResolver.java:43 - Resolving eureka endpoints via configuration
2021-08-25 16:45:42,518 [AsyncResolver-bootstrap-executor-0] INFO  [c.n.d.shared.resolver.aws.ConfigClusterResolver] ConfigClusterResolver.java:43 - Resolving eureka endpoints via configuration
2021-08-25 16:50:42,525 [AsyncResolver-bootstrap-executor-0] INFO  [c.n.d.shared.resolver.aws.ConfigClusterResolver] ConfigClusterResolver.java:43 - Resolving eureka endpoints via configuration
2021-08-25 16:55:42,515 [AsyncResolver-bootstrap-executor-0] INFO  [c.n.d.shared.resolver.aws.ConfigClusterResolver] ConfigClusterResolver.java:43 - Resolving eureka endpoints via configuration
2021-08-25 17:00:42,511 [AsyncResolver-bootstrap-executor-0] INFO  [c.n.d.shared.resolver.aws.ConfigClusterResolver] ConfigClusterResolver.java:43 - Resolving eureka endpoints via configuration
2021-08-25 17:05:42,500 [AsyncResolver-bootstrap-executor-0] INFO  [c.n.d.shared.resolver.aws.ConfigClusterResolver] ConfigClusterResolver.java:43 - Resolving eureka endpoints via configuration
2021-08-25 17:10:42,490 [AsyncResolver-bootstrap-executor-0] INFO  [c.n.d.shared.resolver.aws.ConfigClusterResolver] ConfigClusterResolver.java:43 - Resolving eureka endpoints via configuration
2021-08-25 17:15:42,482 [AsyncResolver-bootstrap-executor-0] INFO  [c.n.d.shared.resolver.aws.ConfigClusterResolver] ConfigClusterResolver.java:43 - Resolving eureka endpoints via configuration
2021-08-25 17:20:42,471 [AsyncResolver-bootstrap-executor-0] INFO  [c.n.d.shared.resolver.aws.ConfigClusterResolver] ConfigClusterResolver.java:43 - Resolving eureka endpoints via configuration
2021-08-25 17:25:42,471 [AsyncResolver-bootstrap-executor-0] INFO  [c.n.d.shared.resolver.aws.ConfigClusterResolver] ConfigClusterResolver.java:43 - Resolving eureka endpoints via configuration
2021-08-25 17:30:42,470 [AsyncResolver-bootstrap-executor-0] INFO  [c.n.d.shared.resolver.aws.ConfigClusterResolver] ConfigClusterResolver.java:43 - Resolving eureka endpoints via configuration
2021-08-25 17:35:42,467 [AsyncResolver-bootstrap-executor-0] INFO  [c.n.d.shared.resolver.aws.ConfigClusterResolver] ConfigClusterResolver.java:43 - Resolving eureka endpoints via configuration
2021-08-25 17:40:42,458 [AsyncResolver-bootstrap-executor-0] INFO  [c.n.d.shared.resolver.aws.ConfigClusterResolver] ConfigClusterResolver.java:43 - Resolving eureka endpoints via configuration
2021-08-25 17:45:42,460 [AsyncResolver-bootstrap-executor-0] INFO  [c.n.d.shared.resolver.aws.ConfigClusterResolver] ConfigClusterResolver.java:43 - Resolving eureka endpoints via configuration
2021-08-25 17:50:42,460 [AsyncResolver-bootstrap-executor-0] INFO  [c.n.d.shared.resolver.aws.ConfigClusterResolver] ConfigClusterResolver.java:43 - Resolving eureka endpoints via configuration
2021-08-25 17:55:42,470 [AsyncResolver-bootstrap-executor-0] INFO  [c.n.d.shared.resolver.aws.ConfigClusterResolver] ConfigClusterResolver.java:43 - Resolving eureka endpoints via configuration
2021-08-25 18:00:42,469 [AsyncResolver-bootstrap-executor-0] INFO  [c.n.d.shared.resolver.aws.ConfigClusterResolver] ConfigClusterResolver.java:43 - Resolving eureka endpoints via configuration
2021-08-25 18:05:42,468 [AsyncResolver-bootstrap-executor-0] INFO  [c.n.d.shared.resolver.aws.ConfigClusterResolver] ConfigClusterResolver.java:43 - Resolving eureka endpoints via configuration
2021-08-25 18:10:42,471 [AsyncResolver-bootstrap-executor-0] INFO  [c.n.d.shared.resolver.aws.ConfigClusterResolver] ConfigClusterResolver.java:43 - Resolving eureka endpoints via configuration
2021-08-25 18:15:42,483 [AsyncResolver-bootstrap-executor-0] INFO  [c.n.d.shared.resolver.aws.ConfigClusterResolver] ConfigClusterResolver.java:43 - Resolving eureka endpoints via configuration
2021-08-25 18:20:42,495 [AsyncResolver-bootstrap-executor-0] INFO  [c.n.d.shared.resolver.aws.ConfigClusterResolver] ConfigClusterResolver.java:43 - Resolving eureka endpoints via configuration
2021-08-25 18:25:42,507 [AsyncResolver-bootstrap-executor-0] INFO  [c.n.d.shared.resolver.aws.ConfigClusterResolver] ConfigClusterResolver.java:43 - Resolving eureka endpoints via configuration
2021-08-25 18:30:42,513 [AsyncResolver-bootstrap-executor-0] INFO  [c.n.d.shared.resolver.aws.ConfigClusterResolver] ConfigClusterResolver.java:43 - Resolving eureka endpoints via configuration
2021-08-25 18:35:42,513 [AsyncResolver-bootstrap-executor-0] INFO  [c.n.d.shared.resolver.aws.ConfigClusterResolver] ConfigClusterResolver.java:43 - Resolving eureka endpoints via configuration
2021-08-25 18:40:42,515 [AsyncResolver-bootstrap-executor-0] INFO  [c.n.d.shared.resolver.aws.ConfigClusterResolver] ConfigClusterResolver.java:43 - Resolving eureka endpoints via configuration
2021-08-25 18:45:42,526 [AsyncResolver-bootstrap-executor-0] INFO  [c.n.d.shared.resolver.aws.ConfigClusterResolver] ConfigClusterResolver.java:43 - Resolving eureka endpoints via configuration
2021-08-25 18:50:42,532 [AsyncResolver-bootstrap-executor-0] INFO  [c.n.d.shared.resolver.aws.ConfigClusterResolver] ConfigClusterResolver.java:43 - Resolving eureka endpoints via configuration
2021-08-25 18:55:42,545 [AsyncResolver-bootstrap-executor-0] INFO  [c.n.d.shared.resolver.aws.ConfigClusterResolver] ConfigClusterResolver.java:43 - Resolving eureka endpoints via configuration
2021-08-25 19:00:42,558 [AsyncResolver-bootstrap-executor-0] INFO  [c.n.d.shared.resolver.aws.ConfigClusterResolver] ConfigClusterResolver.java:43 - Resolving eureka endpoints via configuration
2021-08-25 19:05:42,561 [AsyncResolver-bootstrap-executor-0] INFO  [c.n.d.shared.resolver.aws.ConfigClusterResolver] ConfigClusterResolver.java:43 - Resolving eureka endpoints via configuration
2021-08-25 19:10:42,573 [AsyncResolver-bootstrap-executor-0] INFO  [c.n.d.shared.resolver.aws.ConfigClusterResolver] ConfigClusterResolver.java:43 - Resolving eureka endpoints via configuration
2021-08-25 19:15:42,585 [AsyncResolver-bootstrap-executor-0] INFO  [c.n.d.shared.resolver.aws.ConfigClusterResolver] ConfigClusterResolver.java:43 - Resolving eureka endpoints via configuration
2021-08-25 19:20:42,597 [AsyncResolver-bootstrap-executor-0] INFO  [c.n.d.shared.resolver.aws.ConfigClusterResolver] ConfigClusterResolver.java:43 - Resolving eureka endpoints via configuration
2021-08-25 19:25:42,607 [AsyncResolver-bootstrap-executor-0] INFO  [c.n.d.shared.resolver.aws.ConfigClusterResolver] ConfigClusterResolver.java:43 - Resolving eureka endpoints via configuration
2021-08-25 19:30:42,610 [AsyncResolver-bootstrap-executor-0] INFO  [c.n.d.shared.resolver.aws.ConfigClusterResolver] ConfigClusterResolver.java:43 - Resolving eureka endpoints via configuration
2021-08-25 19:35:42,616 [AsyncResolver-bootstrap-executor-0] INFO  [c.n.d.shared.resolver.aws.ConfigClusterResolver] ConfigClusterResolver.java:43 - Resolving eureka endpoints via configuration
2021-08-25 19:40:42,630 [AsyncResolver-bootstrap-executor-0] INFO  [c.n.d.shared.resolver.aws.ConfigClusterResolver] ConfigClusterResolver.java:43 - Resolving eureka endpoints via configuration
2021-08-25 19:45:42,645 [AsyncResolver-bootstrap-executor-0] INFO  [c.n.d.shared.resolver.aws.ConfigClusterResolver] ConfigClusterResolver.java:43 - Resolving eureka endpoints via configuration
2021-08-25 19:50:42,652 [AsyncResolver-bootstrap-executor-0] INFO  [c.n.d.shared.resolver.aws.ConfigClusterResolver] ConfigClusterResolver.java:43 - Resolving eureka endpoints via configuration
2021-08-25 19:55:42,656 [AsyncResolver-bootstrap-executor-0] INFO  [c.n.d.shared.resolver.aws.ConfigClusterResolver] ConfigClusterResolver.java:43 - Resolving eureka endpoints via configuration
2021-08-25 20:00:42,663 [AsyncResolver-bootstrap-executor-0] INFO  [c.n.d.shared.resolver.aws.ConfigClusterResolver] ConfigClusterResolver.java:43 - Resolving eureka endpoints via configuration
2021-08-25 20:05:42,664 [AsyncResolver-bootstrap-executor-0] INFO  [c.n.d.shared.resolver.aws.ConfigClusterResolver] ConfigClusterResolver.java:43 - Resolving eureka endpoints via configuration
2021-08-25 20:10:42,666 [AsyncResolver-bootstrap-executor-0] INFO  [c.n.d.shared.resolver.aws.ConfigClusterResolver] ConfigClusterResolver.java:43 - Resolving eureka endpoints via configuration
2021-08-25 20:15:42,671 [AsyncResolver-bootstrap-executor-0] INFO  [c.n.d.shared.resolver.aws.ConfigClusterResolver] ConfigClusterResolver.java:43 - Resolving eureka endpoints via configuration
2021-08-25 20:20:42,674 [AsyncResolver-bootstrap-executor-0] INFO  [c.n.d.shared.resolver.aws.ConfigClusterResolver] ConfigClusterResolver.java:43 - Resolving eureka endpoints via configuration
2021-08-25 20:25:42,686 [AsyncResolver-bootstrap-executor-0] INFO  [c.n.d.shared.resolver.aws.ConfigClusterResolver] ConfigClusterResolver.java:43 - Resolving eureka endpoints via configuration
2021-08-25 20:30:42,698 [AsyncResolver-bootstrap-executor-0] INFO  [c.n.d.shared.resolver.aws.ConfigClusterResolver] ConfigClusterResolver.java:43 - Resolving eureka endpoints via configuration
2021-08-25 20:35:42,701 [AsyncResolver-bootstrap-executor-0] INFO  [c.n.d.shared.resolver.aws.ConfigClusterResolver] ConfigClusterResolver.java:43 - Resolving eureka endpoints via configuration
2021-08-25 20:40:42,710 [AsyncResolver-bootstrap-executor-0] INFO  [c.n.d.shared.resolver.aws.ConfigClusterResolver] ConfigClusterResolver.java:43 - Resolving eureka endpoints via configuration
2021-08-25 20:45:42,716 [AsyncResolver-bootstrap-executor-0] INFO  [c.n.d.shared.resolver.aws.ConfigClusterResolver] ConfigClusterResolver.java:43 - Resolving eureka endpoints via configuration
2021-08-25 20:50:42,718 [AsyncResolver-bootstrap-executor-0] INFO  [c.n.d.shared.resolver.aws.ConfigClusterResolver] ConfigClusterResolver.java:43 - Resolving eureka endpoints via configuration
2021-08-25 20:55:42,734 [AsyncResolver-bootstrap-executor-0] INFO  [c.n.d.shared.resolver.aws.ConfigClusterResolver] ConfigClusterResolver.java:43 - Resolving eureka endpoints via configuration
2021-08-25 21:00:42,737 [AsyncResolver-bootstrap-executor-0] INFO  [c.n.d.shared.resolver.aws.ConfigClusterResolver] ConfigClusterResolver.java:43 - Resolving eureka endpoints via configuration
2021-08-25 21:05:42,742 [AsyncResolver-bootstrap-executor-0] INFO  [c.n.d.shared.resolver.aws.ConfigClusterResolver] ConfigClusterResolver.java:43 - Resolving eureka endpoints via configuration
2021-08-25 21:10:42,745 [AsyncResolver-bootstrap-executor-0] INFO  [c.n.d.shared.resolver.aws.ConfigClusterResolver] ConfigClusterResolver.java:43 - Resolving eureka endpoints via configuration
2021-08-25 21:15:42,758 [AsyncResolver-bootstrap-executor-0] INFO  [c.n.d.shared.resolver.aws.ConfigClusterResolver] ConfigClusterResolver.java:43 - Resolving eureka endpoints via configuration
2021-08-25 21:20:42,764 [AsyncResolver-bootstrap-executor-0] INFO  [c.n.d.shared.resolver.aws.ConfigClusterResolver] ConfigClusterResolver.java:43 - Resolving eureka endpoints via configuration
2021-08-25 21:25:42,768 [AsyncResolver-bootstrap-executor-0] INFO  [c.n.d.shared.resolver.aws.ConfigClusterResolver] ConfigClusterResolver.java:43 - Resolving eureka endpoints via configuration
2021-08-25 21:30:42,771 [AsyncResolver-bootstrap-executor-0] INFO  [c.n.d.shared.resolver.aws.ConfigClusterResolver] ConfigClusterResolver.java:43 - Resolving eureka endpoints via configuration
2021-08-25 21:35:42,778 [AsyncResolver-bootstrap-executor-0] INFO  [c.n.d.shared.resolver.aws.ConfigClusterResolver] ConfigClusterResolver.java:43 - Resolving eureka endpoints via configuration
2021-08-25 21:40:42,782 [AsyncResolver-bootstrap-executor-0] INFO  [c.n.d.shared.resolver.aws.ConfigClusterResolver] ConfigClusterResolver.java:43 - Resolving eureka endpoints via configuration
2021-08-25 21:45:42,791 [AsyncResolver-bootstrap-executor-0] INFO  [c.n.d.shared.resolver.aws.ConfigClusterResolver] ConfigClusterResolver.java:43 - Resolving eureka endpoints via configuration
2021-08-25 21:50:42,796 [AsyncResolver-bootstrap-executor-0] INFO  [c.n.d.shared.resolver.aws.ConfigClusterResolver] ConfigClusterResolver.java:43 - Resolving eureka endpoints via configuration
2021-08-25 21:55:42,811 [AsyncResolver-bootstrap-executor-0] INFO  [c.n.d.shared.resolver.aws.ConfigClusterResolver] ConfigClusterResolver.java:43 - Resolving eureka endpoints via configuration
2021-08-25 22:00:42,825 [AsyncResolver-bootstrap-executor-0] INFO  [c.n.d.shared.resolver.aws.ConfigClusterResolver] ConfigClusterResolver.java:43 - Resolving eureka endpoints via configuration
2021-08-25 22:05:42,828 [AsyncResolver-bootstrap-executor-0] INFO  [c.n.d.shared.resolver.aws.ConfigClusterResolver] ConfigClusterResolver.java:43 - Resolving eureka endpoints via configuration
2021-08-25 22:10:42,837 [AsyncResolver-bootstrap-executor-0] INFO  [c.n.d.shared.resolver.aws.ConfigClusterResolver] ConfigClusterResolver.java:43 - Resolving eureka endpoints via configuration
2021-08-25 22:15:42,840 [AsyncResolver-bootstrap-executor-0] INFO  [c.n.d.shared.resolver.aws.ConfigClusterResolver] ConfigClusterResolver.java:43 - Resolving eureka endpoints via configuration
2021-08-25 22:20:42,854 [AsyncResolver-bootstrap-executor-0] INFO  [c.n.d.shared.resolver.aws.ConfigClusterResolver] ConfigClusterResolver.java:43 - Resolving eureka endpoints via configuration
2021-08-25 22:25:42,866 [AsyncResolver-bootstrap-executor-0] INFO  [c.n.d.shared.resolver.aws.ConfigClusterResolver] ConfigClusterResolver.java:43 - Resolving eureka endpoints via configuration
2021-08-25 22:30:42,875 [AsyncResolver-bootstrap-executor-0] INFO  [c.n.d.shared.resolver.aws.ConfigClusterResolver] ConfigClusterResolver.java:43 - Resolving eureka endpoints via configuration
2021-08-25 22:35:42,878 [AsyncResolver-bootstrap-executor-0] INFO  [c.n.d.shared.resolver.aws.ConfigClusterResolver] ConfigClusterResolver.java:43 - Resolving eureka endpoints via configuration
2021-08-25 22:40:42,884 [AsyncResolver-bootstrap-executor-0] INFO  [c.n.d.shared.resolver.aws.ConfigClusterResolver] ConfigClusterResolver.java:43 - Resolving eureka endpoints via configuration
2021-08-25 22:45:42,887 [AsyncResolver-bootstrap-executor-0] INFO  [c.n.d.shared.resolver.aws.ConfigClusterResolver] ConfigClusterResolver.java:43 - Resolving eureka endpoints via configuration
2021-08-25 22:50:42,898 [AsyncResolver-bootstrap-executor-0] INFO  [c.n.d.shared.resolver.aws.ConfigClusterResolver] ConfigClusterResolver.java:43 - Resolving eureka endpoints via configuration
2021-08-25 22:55:42,902 [AsyncResolver-bootstrap-executor-0] INFO  [c.n.d.shared.resolver.aws.ConfigClusterResolver] ConfigClusterResolver.java:43 - Resolving eureka endpoints via configuration
2021-08-25 23:00:42,916 [AsyncResolver-bootstrap-executor-0] INFO  [c.n.d.shared.resolver.aws.ConfigClusterResolver] ConfigClusterResolver.java:43 - Resolving eureka endpoints via configuration
2021-08-25 23:05:42,921 [AsyncResolver-bootstrap-executor-0] INFO  [c.n.d.shared.resolver.aws.ConfigClusterResolver] ConfigClusterResolver.java:43 - Resolving eureka endpoints via configuration
2021-08-25 23:10:42,938 [AsyncResolver-bootstrap-executor-0] INFO  [c.n.d.shared.resolver.aws.ConfigClusterResolver] ConfigClusterResolver.java:43 - Resolving eureka endpoints via configuration
2021-08-25 23:15:42,940 [AsyncResolver-bootstrap-executor-0] INFO  [c.n.d.shared.resolver.aws.ConfigClusterResolver] ConfigClusterResolver.java:43 - Resolving eureka endpoints via configuration
2021-08-25 23:20:42,951 [AsyncResolver-bootstrap-executor-0] INFO  [c.n.d.shared.resolver.aws.ConfigClusterResolver] ConfigClusterResolver.java:43 - Resolving eureka endpoints via configuration
2021-08-25 23:25:42,960 [AsyncResolver-bootstrap-executor-0] INFO  [c.n.d.shared.resolver.aws.ConfigClusterResolver] ConfigClusterResolver.java:43 - Resolving eureka endpoints via configuration
2021-08-25 23:30:42,971 [AsyncResolver-bootstrap-executor-0] INFO  [c.n.d.shared.resolver.aws.ConfigClusterResolver] ConfigClusterResolver.java:43 - Resolving eureka endpoints via configuration
2021-08-25 23:35:42,982 [AsyncResolver-bootstrap-executor-0] INFO  [c.n.d.shared.resolver.aws.ConfigClusterResolver] ConfigClusterResolver.java:43 - Resolving eureka endpoints via configuration
