2021-09-09 07:08:33,860 [main] INFO  [com.fzc.fzcstockus.FzcStockUsApplication] StartupInfoLogger.java:55 - Starting FzcStockUsApplication using Java 1.8.0_191 on FLAMENCO-XXX with PID 11324 (B:\github\flamenco\project\fzc\fzc-stock-us\target\classes started by Flamenco.xxx in B:\github\flamenco\project\fzc)
2021-09-09 07:08:33,862 [main] INFO  [com.fzc.fzcstockus.FzcStockUsApplication] SpringApplication.java:675 - No active profile set, falling back to default profiles: default
2021-09-09 07:08:34,277 [main] INFO  [o.s.boot.devtools.restart.ChangeableUrls] DeferredLog.java:255 - The Class-Path manifest attribute in C:\Users\Flamenco.xxx\.m2\repository\com\futunn\openapi\futu-api\5.4.1608\futu-api-5.4.1608.jar referenced one or more files that do not exist: file:/C:/Users/Flamenco.xxx/.m2/repository/com/futunn/openapi/futu-api/5.4.1608/protobuf-java-3.5.1.jar,file:/C:/Users/Flamenco.xxx/.m2/repository/com/futunn/openapi/futu-api/5.4.1608/jna.jar,file:/C:/Users/Flamenco.xxx/.m2/repository/com/futunn/openapi/futu-api/5.4.1608/jna-platform.jar
2021-09-09 07:08:34,278 [main] INFO  [o.s.b.d.env.DevToolsPropertyDefaultsPostProcessor] DeferredLog.java:255 - Devtools property defaults active! Set 'spring.devtools.add-properties' to 'false' to disable
2021-09-09 07:08:34,278 [main] INFO  [o.s.b.d.env.DevToolsPropertyDefaultsPostProcessor] DeferredLog.java:255 - For additional web related logging consider setting the 'logging.level.web' property to 'DEBUG'
2021-09-09 07:08:35,736 [main] INFO  [o.s.d.r.config.RepositoryConfigurationDelegate] RepositoryConfigurationDelegate.java:250 - Multiple Spring Data modules found, entering strict repository configuration mode!
2021-09-09 07:08:35,737 [main] INFO  [o.s.d.r.config.RepositoryConfigurationDelegate] RepositoryConfigurationDelegate.java:128 - Bootstrapping Spring Data MongoDB repositories in DEFAULT mode.
2021-09-09 07:08:35,945 [main] INFO  [o.s.d.r.config.RepositoryConfigurationDelegate] RepositoryConfigurationDelegate.java:188 - Finished Spring Data repository scanning in 197 ms. Found 3 MongoDB repository interfaces.
2021-09-09 07:08:35,960 [main] INFO  [o.s.d.r.config.RepositoryConfigurationDelegate] RepositoryConfigurationDelegate.java:250 - Multiple Spring Data modules found, entering strict repository configuration mode!
2021-09-09 07:08:35,962 [main] INFO  [o.s.d.r.config.RepositoryConfigurationDelegate] RepositoryConfigurationDelegate.java:128 - Bootstrapping Spring Data Redis repositories in DEFAULT mode.
2021-09-09 07:08:35,991 [main] INFO  [o.s.d.r.c.RepositoryConfigurationExtensionSupport] RepositoryConfigurationExtensionSupport.java:349 - Spring Data Redis - Could not safely identify store assignment for repository candidate interface com.fzc.fzcstockus.repository.StockUsDORepository. If you want this repository to be a Redis repository, consider annotating your entities with one of these annotations: org.springframework.data.redis.core.RedisHash (preferred), or consider extending one of the following types with your repository: org.springframework.data.keyvalue.repository.KeyValueRepository.
2021-09-09 07:08:35,992 [main] INFO  [o.s.d.r.c.RepositoryConfigurationExtensionSupport] RepositoryConfigurationExtensionSupport.java:349 - Spring Data Redis - Could not safely identify store assignment for repository candidate interface com.fzc.fzcstockus.repository.StockUsInfoDoRepository. If you want this repository to be a Redis repository, consider annotating your entities with one of these annotations: org.springframework.data.redis.core.RedisHash (preferred), or consider extending one of the following types with your repository: org.springframework.data.keyvalue.repository.KeyValueRepository.
2021-09-09 07:08:35,993 [main] INFO  [o.s.d.r.c.RepositoryConfigurationExtensionSupport] RepositoryConfigurationExtensionSupport.java:349 - Spring Data Redis - Could not safely identify store assignment for repository candidate interface com.fzc.fzcstockus.repository.StockUsInfoRepository. If you want this repository to be a Redis repository, consider annotating your entities with one of these annotations: org.springframework.data.redis.core.RedisHash (preferred), or consider extending one of the following types with your repository: org.springframework.data.keyvalue.repository.KeyValueRepository.
2021-09-09 07:08:35,993 [main] INFO  [o.s.d.r.config.RepositoryConfigurationDelegate] RepositoryConfigurationDelegate.java:188 - Finished Spring Data repository scanning in 13 ms. Found 0 Redis repository interfaces.
2021-09-09 07:08:36,394 [main] INFO  [o.springframework.cloud.context.scope.GenericScope] GenericScope.java:283 - BeanFactory id=9bd69a90-9045-355f-8111-fa4ee0575f08
2021-09-09 07:08:36,595 [main] INFO  [o.s.c.s.PostProcessorRegistrationDelegate$BeanPostProcessorChecker] PostProcessorRegistrationDelegate.java:376 - Bean 'redisConfig' of type [com.fzc.fzcstockus.config.RedisConfig$$EnhancerBySpringCGLIB$$1] is not eligible for getting processed by all BeanPostProcessors (for example: not eligible for auto-proxying)
2021-09-09 07:08:37,397 [main] INFO  [o.s.boot.web.embedded.tomcat.TomcatWebServer] TomcatWebServer.java:108 - Tomcat initialized with port(s): 8084 (http)
2021-09-09 07:08:37,419 [main] INFO  [org.apache.catalina.core.StandardService] DirectJDKLog.java:173 - Starting service [Tomcat]
2021-09-09 07:08:37,420 [main] INFO  [org.apache.catalina.core.StandardEngine] DirectJDKLog.java:173 - Starting Servlet engine: [Apache Tomcat/9.0.45]
2021-09-09 07:08:37,558 [main] INFO  [o.a.c.core.ContainerBase.[Tomcat].[localhost].[/]] DirectJDKLog.java:173 - Initializing Spring embedded WebApplicationContext
2021-09-09 07:08:37,558 [main] INFO  [o.s.b.w.s.c.ServletWebServerApplicationContext] ServletWebServerApplicationContext.java:289 - Root WebApplicationContext: initialization completed in 3278 ms
2021-09-09 07:08:39,295 [main] INFO  [org.mongodb.driver.cluster] SLF4JLogger.java:71 - Cluster created with settings {hosts=[localhost:27017], mode=SINGLE, requiredClusterType=UNKNOWN, serverSelectionTimeout='30000 ms'}
2021-09-09 07:08:39,382 [cluster-ClusterId{value='613942774829db324ef46c48', description='null'}-localhost:27017] INFO  [org.mongodb.driver.connection] SLF4JLogger.java:71 - Opened connection [connectionId{localValue:1, serverValue:1}] to localhost:27017
2021-09-09 07:08:39,382 [cluster-rtt-ClusterId{value='613942774829db324ef46c48', description='null'}-localhost:27017] INFO  [org.mongodb.driver.connection] SLF4JLogger.java:71 - Opened connection [connectionId{localValue:2, serverValue:2}] to localhost:27017
2021-09-09 07:08:39,383 [cluster-ClusterId{value='613942774829db324ef46c48', description='null'}-localhost:27017] INFO  [org.mongodb.driver.cluster] SLF4JLogger.java:71 - Monitor thread successfully connected to server with description ServerDescription{address=localhost:27017, type=STANDALONE, state=CONNECTED, ok=true, minWireVersion=0, maxWireVersion=13, maxDocumentSize=16777216, logicalSessionTimeoutMinutes=30, roundTripTimeNanos=30735400}
2021-09-09 07:08:39,572 [main] WARN  [org.springframework.data.convert.CustomConversions] CustomConversions.java:260 - Registering converter from class java.time.LocalDateTime to class org.joda.time.LocalDateTime as reading converter although it doesn't convert from a store-supported type! You might want to check your annotation setup at the converter implementation.
2021-09-09 07:08:39,707 [main] INFO  [o.s.b.d.autoconfigure.OptionalLiveReloadServer] OptionalLiveReloadServer.java:58 - LiveReload server is running on port 35729
2021-09-09 07:08:39,802 [main] WARN  [org.springframework.data.convert.CustomConversions] CustomConversions.java:260 - Registering converter from class java.time.LocalDateTime to class org.joda.time.LocalDateTime as reading converter although it doesn't convert from a store-supported type! You might want to check your annotation setup at the converter implementation.
2021-09-09 07:08:40,600 [main] INFO  [org.redisson.Version] Version.java:41 - Redisson 3.11.3
2021-09-09 07:08:41,870 [redisson-netty-2-27] INFO  [o.r.connection.pool.MasterPubSubConnectionPool] ConnectionPool.java:168 - 1 connections initialized for 127.0.0.1/127.0.0.1:6379
2021-09-09 07:08:41,871 [redisson-netty-2-19] INFO  [org.redisson.connection.pool.MasterConnectionPool] ConnectionPool.java:168 - 24 connections initialized for 127.0.0.1/127.0.0.1:6379
2021-09-09 07:08:42,187 [main] INFO  [com.fzc.fzcstockus.config.XxlJobConfiguration] XxlJobConfiguration.java:38 - >>>>>>>>>>> xxl-job config init.
2021-09-09 07:08:42,403 [main] INFO  [o.s.scheduling.concurrent.ThreadPoolTaskExecutor] ExecutorConfigurationSupport.java:181 - Initializing ExecutorService 'applicationTaskExecutor'
2021-09-09 07:08:44,123 [main] INFO  [o.s.c.n.e.c.DiscoveryClientOptionalArgsConfiguration] DiscoveryClientOptionalArgsConfiguration.java:68 - Eureka HTTP Client uses RestTemplate.
2021-09-09 07:08:44,199 [main] WARN  [o.s.c.l.c.LoadBalancerCacheAutoConfiguration$LoadBalancerCaffeineWarnLogger] LoadBalancerCacheAutoConfiguration.java:82 - Spring Cloud LoadBalancer is currently working with the default cache. You can switch to using Caffeine cache, by adding it and org.springframework.cache.caffeine.CaffeineCacheManager to the classpath.
2021-09-09 07:08:44,205 [main] INFO  [o.s.b.actuate.endpoint.web.EndpointLinksResolver] EndpointLinksResolver.java:58 - Exposing 2 endpoint(s) beneath base path '/actuator'
2021-09-09 07:08:44,247 [main] INFO  [com.xxl.job.core.executor.XxlJobExecutor] XxlJobExecutor.java:178 - >>>>>>>>>>> xxl-job register jobhandler success, name:fzc-us-basic, jobHandler:com.xxl.job.core.handler.impl.MethodJobHandler@38727354[class com.fzc.fzcstockus.xxlJob.BasicFinancialTaskJob#execute]
2021-09-09 07:08:44,247 [main] INFO  [com.xxl.job.core.executor.XxlJobExecutor] XxlJobExecutor.java:178 - >>>>>>>>>>> xxl-job register jobhandler success, name:fzc-test, jobHandler:com.xxl.job.core.handler.impl.MethodJobHandler@29e0d79[class com.fzc.fzcstockus.xxlJob.DemoJob#execute]
2021-09-09 07:08:44,348 [main] WARN  [com.xxl.job.core.executor.XxlJobExecutor] XxlJobExecutor.java:152 - >>>>>>>>>>> xxl-job accessToken is empty. To ensure system security, please set the accessToken.
2021-09-09 07:08:44,479 [Thread-73] INFO  [com.xxl.job.core.server.EmbedServer] EmbedServer.java:86 - >>>>>>>>>>> xxl-job remoting server start success, nettype = class com.xxl.job.core.server.EmbedServer, port = 6665
2021-09-09 07:08:44,507 [main] INFO  [o.s.cloud.netflix.eureka.InstanceInfoFactory] InstanceInfoFactory.java:67 - Setting initial instance status as: STARTING
2021-09-09 07:08:44,562 [main] INFO  [com.netflix.discovery.DiscoveryClient] DiscoveryClient.java:372 - Initializing Eureka in region us-east-1
2021-09-09 07:08:44,569 [main] INFO  [c.n.d.shared.resolver.aws.ConfigClusterResolver] ConfigClusterResolver.java:43 - Resolving eureka endpoints via configuration
2021-09-09 07:08:44,606 [main] INFO  [com.netflix.discovery.DiscoveryClient] DiscoveryClient.java:1007 - Disable delta property : false
2021-09-09 07:08:44,606 [main] INFO  [com.netflix.discovery.DiscoveryClient] DiscoveryClient.java:1008 - Single vip registry refresh property : null
2021-09-09 07:08:44,606 [main] INFO  [com.netflix.discovery.DiscoveryClient] DiscoveryClient.java:1009 - Force full registry fetch : false
2021-09-09 07:08:44,607 [main] INFO  [com.netflix.discovery.DiscoveryClient] DiscoveryClient.java:1010 - Application is null : false
2021-09-09 07:08:44,607 [main] INFO  [com.netflix.discovery.DiscoveryClient] DiscoveryClient.java:1011 - Registered Applications size is zero : true
2021-09-09 07:08:44,607 [main] INFO  [com.netflix.discovery.DiscoveryClient] DiscoveryClient.java:1013 - Application version is -1: true
2021-09-09 07:08:44,607 [main] INFO  [com.netflix.discovery.DiscoveryClient] DiscoveryClient.java:1097 - Getting all instance registry info from the eureka server
2021-09-09 07:08:45,070 [main] INFO  [com.netflix.discovery.DiscoveryClient] DiscoveryClient.java:1106 - The response status is 200
2021-09-09 07:08:45,073 [main] INFO  [com.netflix.discovery.DiscoveryClient] DiscoveryClient.java:1321 - Starting heartbeat executor: renew interval is: 5
2021-09-09 07:08:45,077 [main] INFO  [com.netflix.discovery.InstanceInfoReplicator] InstanceInfoReplicator.java:60 - InstanceInfoReplicator onDemand update allowed rate per min is 4
2021-09-09 07:08:45,082 [main] INFO  [com.netflix.discovery.DiscoveryClient] DiscoveryClient.java:492 - Discovery Client initialized at timestamp 1631142525081 with initial instances count: 0
2021-09-09 07:08:45,086 [main] INFO  [o.s.c.n.e.serviceregistry.EurekaServiceRegistry] EurekaServiceRegistry.java:41 - Registering application FZC-STOCK-US with eureka with status UP
2021-09-09 07:08:45,087 [main] INFO  [com.netflix.discovery.DiscoveryClient] DiscoveryClient.java:1352 - Saw local status change event StatusChangeEvent [timestamp=1631142525087, current=UP, previous=STARTING]
2021-09-09 07:08:45,090 [DiscoveryClient-InstanceInfoReplicator-0] INFO  [com.netflix.discovery.DiscoveryClient] DiscoveryClient.java:873 - DiscoveryClient_FZC-STOCK-US/host.docker.internal:fzc-stock-us:8084: registering service...
2021-09-09 07:08:45,106 [main] INFO  [o.s.boot.web.embedded.tomcat.TomcatWebServer] TomcatWebServer.java:220 - Tomcat started on port(s): 8084 (http) with context path ''
2021-09-09 07:08:45,108 [main] INFO  [o.s.c.n.e.s.EurekaAutoServiceRegistration] EurekaAutoServiceRegistration.java:144 - Updating port to 8084
2021-09-09 07:08:45,280 [DiscoveryClient-InstanceInfoReplicator-0] INFO  [com.netflix.discovery.DiscoveryClient] DiscoveryClient.java:882 - DiscoveryClient_FZC-STOCK-US/host.docker.internal:fzc-stock-us:8084 - registration status: 204
2021-09-09 07:08:45,475 [main] INFO  [o.s.a.rabbit.connection.CachingConnectionFactory] AbstractConnectionFactory.java:636 - Attempting to connect to: [127.0.0.1:5672]
2021-09-09 07:08:45,531 [main] INFO  [o.s.a.rabbit.connection.CachingConnectionFactory] AbstractConnectionFactory.java:589 - Created new connection: rabbitConnectionFactory#598ba348:0/SimpleConnection@177b54ac [delegate=amqp://guest@127.0.0.1:5672/, localPort= 11051]
2021-09-09 07:08:45,635 [main] INFO  [com.fzc.fzcstockus.FzcStockUsApplication] StartupInfoLogger.java:61 - Started FzcStockUsApplication in 13.245 seconds (JVM running for 19.175)
2021-09-09 07:08:45,970 [RMI TCP Connection(5)-192.168.31.200] INFO  [o.a.c.core.ContainerBase.[Tomcat].[localhost].[/]] DirectJDKLog.java:173 - Initializing Spring DispatcherServlet 'dispatcherServlet'
2021-09-09 07:08:45,970 [RMI TCP Connection(5)-192.168.31.200] INFO  [org.springframework.web.servlet.DispatcherServlet] FrameworkServlet.java:525 - Initializing Servlet 'dispatcherServlet'
2021-09-09 07:08:45,972 [RMI TCP Connection(5)-192.168.31.200] INFO  [org.springframework.web.servlet.DispatcherServlet] FrameworkServlet.java:547 - Completed initialization in 1 ms
2021-09-09 07:08:46,422 [RMI TCP Connection(7)-192.168.31.200] INFO  [com.zaxxer.hikari.HikariDataSource] HikariDataSource.java:110 - HikariPool-1 - Starting...
2021-09-09 07:08:46,934 [RMI TCP Connection(7)-192.168.31.200] INFO  [com.zaxxer.hikari.HikariDataSource] HikariDataSource.java:123 - HikariPool-1 - Start completed.
2021-09-09 07:08:47,021 [RMI TCP Connection(7)-192.168.31.200] INFO  [org.mongodb.driver.connection] SLF4JLogger.java:71 - Opened connection [connectionId{localValue:3, serverValue:3}] to localhost:27017
2021-09-09 07:09:15,087 [DiscoveryClient-CacheRefreshExecutor-0] INFO  [com.netflix.discovery.DiscoveryClient] DiscoveryClient.java:1007 - Disable delta property : false
2021-09-09 07:09:15,087 [DiscoveryClient-CacheRefreshExecutor-0] INFO  [com.netflix.discovery.DiscoveryClient] DiscoveryClient.java:1008 - Single vip registry refresh property : null
2021-09-09 07:09:15,087 [DiscoveryClient-CacheRefreshExecutor-0] INFO  [com.netflix.discovery.DiscoveryClient] DiscoveryClient.java:1009 - Force full registry fetch : false
2021-09-09 07:09:15,088 [DiscoveryClient-CacheRefreshExecutor-0] INFO  [com.netflix.discovery.DiscoveryClient] DiscoveryClient.java:1010 - Application is null : false
2021-09-09 07:09:15,088 [DiscoveryClient-CacheRefreshExecutor-0] INFO  [com.netflix.discovery.DiscoveryClient] DiscoveryClient.java:1011 - Registered Applications size is zero : true
2021-09-09 07:09:15,088 [DiscoveryClient-CacheRefreshExecutor-0] INFO  [com.netflix.discovery.DiscoveryClient] DiscoveryClient.java:1013 - Application version is -1: false
2021-09-09 07:09:15,088 [DiscoveryClient-CacheRefreshExecutor-0] INFO  [com.netflix.discovery.DiscoveryClient] DiscoveryClient.java:1097 - Getting all instance registry info from the eureka server
2021-09-09 07:09:15,113 [DiscoveryClient-CacheRefreshExecutor-0] INFO  [com.netflix.discovery.DiscoveryClient] DiscoveryClient.java:1106 - The response status is 200
2021-09-09 07:13:44,612 [AsyncResolver-bootstrap-executor-0] INFO  [c.n.d.shared.resolver.aws.ConfigClusterResolver] ConfigClusterResolver.java:43 - Resolving eureka endpoints via configuration
2021-09-09 07:18:44,619 [AsyncResolver-bootstrap-executor-0] INFO  [c.n.d.shared.resolver.aws.ConfigClusterResolver] ConfigClusterResolver.java:43 - Resolving eureka endpoints via configuration
2021-09-09 07:23:44,584 [AsyncResolver-bootstrap-executor-0] INFO  [c.n.d.shared.resolver.aws.ConfigClusterResolver] ConfigClusterResolver.java:43 - Resolving eureka endpoints via configuration
2021-09-09 07:28:44,528 [AsyncResolver-bootstrap-executor-0] INFO  [c.n.d.shared.resolver.aws.ConfigClusterResolver] ConfigClusterResolver.java:43 - Resolving eureka endpoints via configuration
2021-09-09 07:33:44,473 [AsyncResolver-bootstrap-executor-0] INFO  [c.n.d.shared.resolver.aws.ConfigClusterResolver] ConfigClusterResolver.java:43 - Resolving eureka endpoints via configuration
2021-09-09 07:38:44,426 [AsyncResolver-bootstrap-executor-0] INFO  [c.n.d.shared.resolver.aws.ConfigClusterResolver] ConfigClusterResolver.java:43 - Resolving eureka endpoints via configuration
2021-09-09 07:43:44,398 [AsyncResolver-bootstrap-executor-0] INFO  [c.n.d.shared.resolver.aws.ConfigClusterResolver] ConfigClusterResolver.java:43 - Resolving eureka endpoints via configuration
2021-09-09 07:48:44,357 [AsyncResolver-bootstrap-executor-0] INFO  [c.n.d.shared.resolver.aws.ConfigClusterResolver] ConfigClusterResolver.java:43 - Resolving eureka endpoints via configuration
2021-09-09 07:53:44,316 [AsyncResolver-bootstrap-executor-0] INFO  [c.n.d.shared.resolver.aws.ConfigClusterResolver] ConfigClusterResolver.java:43 - Resolving eureka endpoints via configuration
2021-09-09 07:58:44,287 [AsyncResolver-bootstrap-executor-0] INFO  [c.n.d.shared.resolver.aws.ConfigClusterResolver] ConfigClusterResolver.java:43 - Resolving eureka endpoints via configuration
2021-09-09 08:03:44,262 [AsyncResolver-bootstrap-executor-0] INFO  [c.n.d.shared.resolver.aws.ConfigClusterResolver] ConfigClusterResolver.java:43 - Resolving eureka endpoints via configuration
2021-09-09 08:08:44,243 [AsyncResolver-bootstrap-executor-0] INFO  [c.n.d.shared.resolver.aws.ConfigClusterResolver] ConfigClusterResolver.java:43 - Resolving eureka endpoints via configuration
2021-09-09 08:13:44,222 [AsyncResolver-bootstrap-executor-0] INFO  [c.n.d.shared.resolver.aws.ConfigClusterResolver] ConfigClusterResolver.java:43 - Resolving eureka endpoints via configuration
2021-09-09 08:18:44,206 [AsyncResolver-bootstrap-executor-0] INFO  [c.n.d.shared.resolver.aws.ConfigClusterResolver] ConfigClusterResolver.java:43 - Resolving eureka endpoints via configuration
2021-09-09 08:23:44,183 [AsyncResolver-bootstrap-executor-0] INFO  [c.n.d.shared.resolver.aws.ConfigClusterResolver] ConfigClusterResolver.java:43 - Resolving eureka endpoints via configuration
2021-09-09 08:28:44,168 [AsyncResolver-bootstrap-executor-0] INFO  [c.n.d.shared.resolver.aws.ConfigClusterResolver] ConfigClusterResolver.java:43 - Resolving eureka endpoints via configuration
2021-09-09 08:33:44,168 [AsyncResolver-bootstrap-executor-0] INFO  [c.n.d.shared.resolver.aws.ConfigClusterResolver] ConfigClusterResolver.java:43 - Resolving eureka endpoints via configuration
2021-09-09 08:38:44,161 [AsyncResolver-bootstrap-executor-0] INFO  [c.n.d.shared.resolver.aws.ConfigClusterResolver] ConfigClusterResolver.java:43 - Resolving eureka endpoints via configuration
2021-09-09 08:43:44,159 [AsyncResolver-bootstrap-executor-0] INFO  [c.n.d.shared.resolver.aws.ConfigClusterResolver] ConfigClusterResolver.java:43 - Resolving eureka endpoints via configuration
2021-09-09 08:45:21,372 [org.springframework.amqp.rabbit.RabbitListenerEndpointContainer#0-1] INFO  [o.s.a.r.listener.SimpleMessageListenerContainer] SimpleMessageListenerContainer.java:1428 - Restarting Consumer@465b627d: tags=[[amq.ctag-1tB7ey1cmR3xAcDYvq-d8A]], channel=Cached Rabbit Channel: AMQChannel(amqp://guest@127.0.0.1:5672/,1), conn: Proxy@3e0b7abf Shared Rabbit Connection: SimpleConnection@177b54ac [delegate=amqp://guest@127.0.0.1:5672/, localPort= 11051], acknowledgeMode=AUTO local queue size=0
2021-09-09 08:45:21,379 [org.springframework.amqp.rabbit.RabbitListenerEndpointContainer#0-2] INFO  [o.s.a.rabbit.connection.CachingConnectionFactory] AbstractConnectionFactory.java:636 - Attempting to connect to: [127.0.0.1:5672]
2021-09-09 08:45:26,399 [org.springframework.amqp.rabbit.RabbitListenerEndpointContainer#0-2] INFO  [o.s.a.rabbit.connection.CachingConnectionFactory] AbstractConnectionFactory.java:636 - Attempting to connect to: [127.0.0.1:5672]
2021-09-09 08:45:36,551 [org.springframework.amqp.rabbit.RabbitListenerEndpointContainer#0-2] INFO  [o.s.a.r.listener.SimpleMessageListenerContainer] SimpleMessageListenerContainer.java:1428 - Restarting Consumer@43eb43cd: tags=[[]], channel=null, acknowledgeMode=AUTO local queue size=0
2021-09-09 08:45:36,552 [org.springframework.amqp.rabbit.RabbitListenerEndpointContainer#0-3] INFO  [o.s.a.rabbit.connection.CachingConnectionFactory] AbstractConnectionFactory.java:636 - Attempting to connect to: [127.0.0.1:5672]
2021-09-09 08:45:41,560 [org.springframework.amqp.rabbit.RabbitListenerEndpointContainer#0-3] INFO  [o.s.a.rabbit.connection.CachingConnectionFactory] AbstractConnectionFactory.java:636 - Attempting to connect to: [127.0.0.1:5672]
2021-09-09 08:45:51,652 [org.springframework.amqp.rabbit.RabbitListenerEndpointContainer#0-3] INFO  [o.s.a.r.listener.SimpleMessageListenerContainer] SimpleMessageListenerContainer.java:1428 - Restarting Consumer@1497ba86: tags=[[]], channel=null, acknowledgeMode=AUTO local queue size=0
2021-09-09 08:45:51,653 [org.springframework.amqp.rabbit.RabbitListenerEndpointContainer#0-4] INFO  [o.s.a.rabbit.connection.CachingConnectionFactory] AbstractConnectionFactory.java:636 - Attempting to connect to: [127.0.0.1:5672]
2021-09-09 08:45:56,656 [org.springframework.amqp.rabbit.RabbitListenerEndpointContainer#0-4] INFO  [o.s.a.rabbit.connection.CachingConnectionFactory] AbstractConnectionFactory.java:636 - Attempting to connect to: [127.0.0.1:5672]
2021-09-09 08:46:06,783 [org.springframework.amqp.rabbit.RabbitListenerEndpointContainer#0-4] INFO  [o.s.a.r.listener.SimpleMessageListenerContainer] SimpleMessageListenerContainer.java:1428 - Restarting Consumer@1cd587ca: tags=[[]], channel=null, acknowledgeMode=AUTO local queue size=0
2021-09-09 08:46:06,784 [org.springframework.amqp.rabbit.RabbitListenerEndpointContainer#0-5] INFO  [o.s.a.rabbit.connection.CachingConnectionFactory] AbstractConnectionFactory.java:636 - Attempting to connect to: [127.0.0.1:5672]
2021-09-09 08:46:11,792 [org.springframework.amqp.rabbit.RabbitListenerEndpointContainer#0-5] INFO  [o.s.a.rabbit.connection.CachingConnectionFactory] AbstractConnectionFactory.java:636 - Attempting to connect to: [127.0.0.1:5672]
2021-09-09 08:46:16,372 [AMQP Connection 127.0.0.1:5672] WARN  [com.rabbitmq.client.impl.ForgivingExceptionHandler] ForgivingExceptionHandler.java:115 - An unexpected connection driver error occured (Exception message: Connection reset)
2021-09-09 08:46:21,493 [org.springframework.amqp.rabbit.RabbitListenerEndpointContainer#0-5] INFO  [o.s.a.r.listener.SimpleMessageListenerContainer] SimpleMessageListenerContainer.java:1428 - Restarting Consumer@b2244e5: tags=[[]], channel=null, acknowledgeMode=AUTO local queue size=0
2021-09-09 08:46:21,494 [org.springframework.amqp.rabbit.RabbitListenerEndpointContainer#0-6] INFO  [o.s.a.rabbit.connection.CachingConnectionFactory] AbstractConnectionFactory.java:636 - Attempting to connect to: [127.0.0.1:5672]
2021-09-09 08:46:23,516 [org.springframework.amqp.rabbit.RabbitListenerEndpointContainer#0-6] INFO  [o.s.a.rabbit.connection.CachingConnectionFactory] AbstractConnectionFactory.java:636 - Attempting to connect to: [127.0.0.1:5672]
2021-09-09 08:46:30,634 [org.springframework.amqp.rabbit.RabbitListenerEndpointContainer#0-6] WARN  [o.s.a.r.listener.SimpleMessageListenerContainer] SimpleMessageListenerContainer.java:1449 - Consumer raised exception, processing can restart if the connection factory supports it. Exception summary: org.springframework.amqp.AmqpConnectException: java.net.ConnectException: Connection refused: connect
2021-09-09 08:46:30,634 [org.springframework.amqp.rabbit.RabbitListenerEndpointContainer#0-6] INFO  [o.s.a.r.listener.SimpleMessageListenerContainer] SimpleMessageListenerContainer.java:1428 - Restarting Consumer@47a95771: tags=[[]], channel=null, acknowledgeMode=AUTO local queue size=0
2021-09-09 08:46:30,635 [org.springframework.amqp.rabbit.RabbitListenerEndpointContainer#0-7] INFO  [o.s.a.rabbit.connection.CachingConnectionFactory] AbstractConnectionFactory.java:636 - Attempting to connect to: [127.0.0.1:5672]
2021-09-09 08:46:32,653 [org.springframework.amqp.rabbit.RabbitListenerEndpointContainer#0-7] INFO  [o.s.a.rabbit.connection.CachingConnectionFactory] AbstractConnectionFactory.java:636 - Attempting to connect to: [127.0.0.1:5672]
2021-09-09 09:37:05,415 [main] INFO  [com.fzc.fzcstockus.FzcStockUsApplication] StartupInfoLogger.java:55 - Starting FzcStockUsApplication using Java 1.8.0_191 on FLAMENCO-XXX with PID 39972 (B:\github\flamenco\project\fzc\fzc-stock-us\target\classes started by Flamenco.xxx in B:\github\flamenco\project\fzc)
2021-09-09 09:37:05,418 [main] INFO  [com.fzc.fzcstockus.FzcStockUsApplication] SpringApplication.java:675 - No active profile set, falling back to default profiles: default
2021-09-09 09:37:05,874 [main] INFO  [o.s.boot.devtools.restart.ChangeableUrls] DeferredLog.java:255 - The Class-Path manifest attribute in C:\Users\Flamenco.xxx\.m2\repository\com\futunn\openapi\futu-api\5.4.1608\futu-api-5.4.1608.jar referenced one or more files that do not exist: file:/C:/Users/Flamenco.xxx/.m2/repository/com/futunn/openapi/futu-api/5.4.1608/protobuf-java-3.5.1.jar,file:/C:/Users/Flamenco.xxx/.m2/repository/com/futunn/openapi/futu-api/5.4.1608/jna.jar,file:/C:/Users/Flamenco.xxx/.m2/repository/com/futunn/openapi/futu-api/5.4.1608/jna-platform.jar
2021-09-09 09:37:05,874 [main] INFO  [o.s.b.d.env.DevToolsPropertyDefaultsPostProcessor] DeferredLog.java:255 - Devtools property defaults active! Set 'spring.devtools.add-properties' to 'false' to disable
2021-09-09 09:37:05,875 [main] INFO  [o.s.b.d.env.DevToolsPropertyDefaultsPostProcessor] DeferredLog.java:255 - For additional web related logging consider setting the 'logging.level.web' property to 'DEBUG'
2021-09-09 09:37:07,421 [main] INFO  [o.s.d.r.config.RepositoryConfigurationDelegate] RepositoryConfigurationDelegate.java:250 - Multiple Spring Data modules found, entering strict repository configuration mode!
2021-09-09 09:37:07,423 [main] INFO  [o.s.d.r.config.RepositoryConfigurationDelegate] RepositoryConfigurationDelegate.java:128 - Bootstrapping Spring Data MongoDB repositories in DEFAULT mode.
2021-09-09 09:37:07,644 [main] INFO  [o.s.d.r.config.RepositoryConfigurationDelegate] RepositoryConfigurationDelegate.java:188 - Finished Spring Data repository scanning in 197 ms. Found 3 MongoDB repository interfaces.
2021-09-09 09:37:07,659 [main] INFO  [o.s.d.r.config.RepositoryConfigurationDelegate] RepositoryConfigurationDelegate.java:250 - Multiple Spring Data modules found, entering strict repository configuration mode!
2021-09-09 09:37:07,661 [main] INFO  [o.s.d.r.config.RepositoryConfigurationDelegate] RepositoryConfigurationDelegate.java:128 - Bootstrapping Spring Data Redis repositories in DEFAULT mode.
2021-09-09 09:37:07,694 [main] INFO  [o.s.d.r.c.RepositoryConfigurationExtensionSupport] RepositoryConfigurationExtensionSupport.java:349 - Spring Data Redis - Could not safely identify store assignment for repository candidate interface com.fzc.fzcstockus.repository.StockUsDORepository. If you want this repository to be a Redis repository, consider annotating your entities with one of these annotations: org.springframework.data.redis.core.RedisHash (preferred), or consider extending one of the following types with your repository: org.springframework.data.keyvalue.repository.KeyValueRepository.
2021-09-09 09:37:07,695 [main] INFO  [o.s.d.r.c.RepositoryConfigurationExtensionSupport] RepositoryConfigurationExtensionSupport.java:349 - Spring Data Redis - Could not safely identify store assignment for repository candidate interface com.fzc.fzcstockus.repository.StockUsInfoDoRepository. If you want this repository to be a Redis repository, consider annotating your entities with one of these annotations: org.springframework.data.redis.core.RedisHash (preferred), or consider extending one of the following types with your repository: org.springframework.data.keyvalue.repository.KeyValueRepository.
2021-09-09 09:37:07,696 [main] INFO  [o.s.d.r.c.RepositoryConfigurationExtensionSupport] RepositoryConfigurationExtensionSupport.java:349 - Spring Data Redis - Could not safely identify store assignment for repository candidate interface com.fzc.fzcstockus.repository.StockUsInfoRepository. If you want this repository to be a Redis repository, consider annotating your entities with one of these annotations: org.springframework.data.redis.core.RedisHash (preferred), or consider extending one of the following types with your repository: org.springframework.data.keyvalue.repository.KeyValueRepository.
2021-09-09 09:37:07,697 [main] INFO  [o.s.d.r.config.RepositoryConfigurationDelegate] RepositoryConfigurationDelegate.java:188 - Finished Spring Data repository scanning in 15 ms. Found 0 Redis repository interfaces.
2021-09-09 09:37:08,140 [main] INFO  [o.springframework.cloud.context.scope.GenericScope] GenericScope.java:283 - BeanFactory id=9bd69a90-9045-355f-8111-fa4ee0575f08
2021-09-09 09:37:08,362 [main] INFO  [o.s.c.s.PostProcessorRegistrationDelegate$BeanPostProcessorChecker] PostProcessorRegistrationDelegate.java:376 - Bean 'redisConfig' of type [com.fzc.fzcstockus.config.RedisConfig$$EnhancerBySpringCGLIB$$1] is not eligible for getting processed by all BeanPostProcessors (for example: not eligible for auto-proxying)
2021-09-09 09:37:09,323 [main] INFO  [o.s.boot.web.embedded.tomcat.TomcatWebServer] TomcatWebServer.java:108 - Tomcat initialized with port(s): 8084 (http)
2021-09-09 09:37:09,352 [main] INFO  [org.apache.catalina.core.StandardService] DirectJDKLog.java:173 - Starting service [Tomcat]
2021-09-09 09:37:09,353 [main] INFO  [org.apache.catalina.core.StandardEngine] DirectJDKLog.java:173 - Starting Servlet engine: [Apache Tomcat/9.0.45]
2021-09-09 09:37:09,522 [main] INFO  [o.a.c.core.ContainerBase.[Tomcat].[localhost].[/]] DirectJDKLog.java:173 - Initializing Spring embedded WebApplicationContext
2021-09-09 09:37:09,522 [main] INFO  [o.s.b.w.s.c.ServletWebServerApplicationContext] ServletWebServerApplicationContext.java:289 - Root WebApplicationContext: initialization completed in 3646 ms
2021-09-09 09:37:11,792 [main] INFO  [org.mongodb.driver.cluster] SLF4JLogger.java:71 - Cluster created with settings {hosts=[localhost:27017], mode=SINGLE, requiredClusterType=UNKNOWN, serverSelectionTimeout='30000 ms'}
2021-09-09 09:37:11,893 [cluster-ClusterId{value='6139654738ef6b49a19e7402', description='null'}-localhost:27017] INFO  [org.mongodb.driver.connection] SLF4JLogger.java:71 - Opened connection [connectionId{localValue:1, serverValue:5}] to localhost:27017
2021-09-09 09:37:11,893 [cluster-rtt-ClusterId{value='6139654738ef6b49a19e7402', description='null'}-localhost:27017] INFO  [org.mongodb.driver.connection] SLF4JLogger.java:71 - Opened connection [connectionId{localValue:2, serverValue:4}] to localhost:27017
2021-09-09 09:37:11,893 [cluster-ClusterId{value='6139654738ef6b49a19e7402', description='null'}-localhost:27017] INFO  [org.mongodb.driver.cluster] SLF4JLogger.java:71 - Monitor thread successfully connected to server with description ServerDescription{address=localhost:27017, type=STANDALONE, state=CONNECTED, ok=true, minWireVersion=0, maxWireVersion=13, maxDocumentSize=16777216, logicalSessionTimeoutMinutes=30, roundTripTimeNanos=34865900}
2021-09-09 09:37:12,113 [main] WARN  [org.springframework.data.convert.CustomConversions] CustomConversions.java:260 - Registering converter from class java.time.LocalDateTime to class org.joda.time.LocalDateTime as reading converter although it doesn't convert from a store-supported type! You might want to check your annotation setup at the converter implementation.
2021-09-09 09:37:12,268 [main] INFO  [o.s.b.d.autoconfigure.OptionalLiveReloadServer] OptionalLiveReloadServer.java:58 - LiveReload server is running on port 35729
2021-09-09 09:37:12,384 [main] WARN  [org.springframework.data.convert.CustomConversions] CustomConversions.java:260 - Registering converter from class java.time.LocalDateTime to class org.joda.time.LocalDateTime as reading converter although it doesn't convert from a store-supported type! You might want to check your annotation setup at the converter implementation.
2021-09-09 09:37:13,230 [main] INFO  [org.redisson.Version] Version.java:41 - Redisson 3.11.3
2021-09-09 09:37:14,812 [redisson-netty-2-19] INFO  [org.redisson.connection.pool.MasterConnectionPool] ConnectionPool.java:168 - 24 connections initialized for 127.0.0.1/127.0.0.1:6379
2021-09-09 09:37:14,811 [redisson-netty-2-2] INFO  [o.r.connection.pool.MasterPubSubConnectionPool] ConnectionPool.java:168 - 1 connections initialized for 127.0.0.1/127.0.0.1:6379
2021-09-09 09:37:15,138 [main] INFO  [com.fzc.fzcstockus.config.XxlJobConfiguration] XxlJobConfiguration.java:38 - >>>>>>>>>>> xxl-job config init.
2021-09-09 09:37:15,372 [main] INFO  [o.s.scheduling.concurrent.ThreadPoolTaskExecutor] ExecutorConfigurationSupport.java:181 - Initializing ExecutorService 'applicationTaskExecutor'
2021-09-09 09:37:18,226 [main] INFO  [o.s.c.n.e.c.DiscoveryClientOptionalArgsConfiguration] DiscoveryClientOptionalArgsConfiguration.java:68 - Eureka HTTP Client uses RestTemplate.
2021-09-09 09:37:18,327 [main] WARN  [o.s.c.l.c.LoadBalancerCacheAutoConfiguration$LoadBalancerCaffeineWarnLogger] LoadBalancerCacheAutoConfiguration.java:82 - Spring Cloud LoadBalancer is currently working with the default cache. You can switch to using Caffeine cache, by adding it and org.springframework.cache.caffeine.CaffeineCacheManager to the classpath.
2021-09-09 09:37:18,338 [main] INFO  [o.s.b.actuate.endpoint.web.EndpointLinksResolver] EndpointLinksResolver.java:58 - Exposing 2 endpoint(s) beneath base path '/actuator'
2021-09-09 09:37:18,394 [main] INFO  [com.xxl.job.core.executor.XxlJobExecutor] XxlJobExecutor.java:178 - >>>>>>>>>>> xxl-job register jobhandler success, name:fzc-us-basic, jobHandler:com.xxl.job.core.handler.impl.MethodJobHandler@34c52303[class com.fzc.fzcstockus.xxlJob.BasicFinancialTaskJob#execute]
2021-09-09 09:37:18,394 [main] INFO  [com.xxl.job.core.executor.XxlJobExecutor] XxlJobExecutor.java:178 - >>>>>>>>>>> xxl-job register jobhandler success, name:fzc-test, jobHandler:com.xxl.job.core.handler.impl.MethodJobHandler@374f03a[class com.fzc.fzcstockus.xxlJob.DemoJob#execute]
2021-09-09 09:37:18,510 [main] WARN  [com.xxl.job.core.executor.XxlJobExecutor] XxlJobExecutor.java:152 - >>>>>>>>>>> xxl-job accessToken is empty. To ensure system security, please set the accessToken.
2021-09-09 09:37:18,646 [Thread-77] INFO  [com.xxl.job.core.server.EmbedServer] EmbedServer.java:86 - >>>>>>>>>>> xxl-job remoting server start success, nettype = class com.xxl.job.core.server.EmbedServer, port = 6665
2021-09-09 09:37:18,695 [main] INFO  [o.s.cloud.netflix.eureka.InstanceInfoFactory] InstanceInfoFactory.java:67 - Setting initial instance status as: STARTING
2021-09-09 09:37:18,786 [main] INFO  [com.netflix.discovery.DiscoveryClient] DiscoveryClient.java:372 - Initializing Eureka in region us-east-1
2021-09-09 09:37:18,796 [main] INFO  [c.n.d.shared.resolver.aws.ConfigClusterResolver] ConfigClusterResolver.java:43 - Resolving eureka endpoints via configuration
2021-09-09 09:37:18,835 [main] INFO  [com.netflix.discovery.DiscoveryClient] DiscoveryClient.java:1007 - Disable delta property : false
2021-09-09 09:37:18,836 [main] INFO  [com.netflix.discovery.DiscoveryClient] DiscoveryClient.java:1008 - Single vip registry refresh property : null
2021-09-09 09:37:18,836 [main] INFO  [com.netflix.discovery.DiscoveryClient] DiscoveryClient.java:1009 - Force full registry fetch : false
2021-09-09 09:37:18,836 [main] INFO  [com.netflix.discovery.DiscoveryClient] DiscoveryClient.java:1010 - Application is null : false
2021-09-09 09:37:18,836 [main] INFO  [com.netflix.discovery.DiscoveryClient] DiscoveryClient.java:1011 - Registered Applications size is zero : true
2021-09-09 09:37:18,837 [main] INFO  [com.netflix.discovery.DiscoveryClient] DiscoveryClient.java:1013 - Application version is -1: true
2021-09-09 09:37:18,837 [main] INFO  [com.netflix.discovery.DiscoveryClient] DiscoveryClient.java:1097 - Getting all instance registry info from the eureka server
2021-09-09 09:37:19,182 [main] INFO  [com.netflix.discovery.DiscoveryClient] DiscoveryClient.java:1106 - The response status is 200
2021-09-09 09:37:19,184 [main] INFO  [com.netflix.discovery.DiscoveryClient] DiscoveryClient.java:1321 - Starting heartbeat executor: renew interval is: 5
2021-09-09 09:37:19,189 [main] INFO  [com.netflix.discovery.InstanceInfoReplicator] InstanceInfoReplicator.java:60 - InstanceInfoReplicator onDemand update allowed rate per min is 4
2021-09-09 09:37:19,195 [main] INFO  [com.netflix.discovery.DiscoveryClient] DiscoveryClient.java:492 - Discovery Client initialized at timestamp 1631151439193 with initial instances count: 0
2021-09-09 09:37:19,199 [main] INFO  [o.s.c.n.e.serviceregistry.EurekaServiceRegistry] EurekaServiceRegistry.java:41 - Registering application FZC-STOCK-US with eureka with status UP
2021-09-09 09:37:19,200 [main] INFO  [com.netflix.discovery.DiscoveryClient] DiscoveryClient.java:1352 - Saw local status change event StatusChangeEvent [timestamp=1631151439200, current=UP, previous=STARTING]
2021-09-09 09:37:19,204 [DiscoveryClient-InstanceInfoReplicator-0] INFO  [com.netflix.discovery.DiscoveryClient] DiscoveryClient.java:873 - DiscoveryClient_FZC-STOCK-US/host.docker.internal:fzc-stock-us:8084: registering service...
2021-09-09 09:37:19,224 [main] INFO  [o.s.boot.web.embedded.tomcat.TomcatWebServer] TomcatWebServer.java:220 - Tomcat started on port(s): 8084 (http) with context path ''
2021-09-09 09:37:19,225 [main] INFO  [o.s.c.n.e.s.EurekaAutoServiceRegistration] EurekaAutoServiceRegistration.java:144 - Updating port to 8084
2021-09-09 09:37:19,297 [DiscoveryClient-InstanceInfoReplicator-0] INFO  [com.netflix.discovery.DiscoveryClient] DiscoveryClient.java:882 - DiscoveryClient_FZC-STOCK-US/host.docker.internal:fzc-stock-us:8084 - registration status: 204
2021-09-09 09:37:19,695 [main] INFO  [o.s.a.rabbit.connection.CachingConnectionFactory] AbstractConnectionFactory.java:636 - Attempting to connect to: [127.0.0.1:5672]
2021-09-09 09:37:19,756 [main] INFO  [o.s.a.rabbit.connection.CachingConnectionFactory] AbstractConnectionFactory.java:589 - Created new connection: rabbitConnectionFactory#b287ef8:0/SimpleConnection@26363de2 [delegate=amqp://guest@127.0.0.1:5672/, localPort= 3728]
2021-09-09 09:37:19,867 [main] INFO  [com.fzc.fzcstockus.FzcStockUsApplication] StartupInfoLogger.java:61 - Started FzcStockUsApplication in 16.259 seconds (JVM running for 22.815)
2021-09-09 09:37:20,701 [RMI TCP Connection(6)-192.168.31.200] INFO  [o.a.c.core.ContainerBase.[Tomcat].[localhost].[/]] DirectJDKLog.java:173 - Initializing Spring DispatcherServlet 'dispatcherServlet'
2021-09-09 09:37:20,703 [RMI TCP Connection(6)-192.168.31.200] INFO  [org.springframework.web.servlet.DispatcherServlet] FrameworkServlet.java:525 - Initializing Servlet 'dispatcherServlet'
2021-09-09 09:37:20,704 [RMI TCP Connection(5)-192.168.31.200] INFO  [com.zaxxer.hikari.HikariDataSource] HikariDataSource.java:110 - HikariPool-1 - Starting...
2021-09-09 09:37:20,704 [RMI TCP Connection(6)-192.168.31.200] INFO  [org.springframework.web.servlet.DispatcherServlet] FrameworkServlet.java:547 - Completed initialization in 1 ms
2021-09-09 09:37:21,280 [RMI TCP Connection(5)-192.168.31.200] INFO  [com.zaxxer.hikari.HikariDataSource] HikariDataSource.java:123 - HikariPool-1 - Start completed.
2021-09-09 09:37:21,396 [RMI TCP Connection(5)-192.168.31.200] INFO  [org.mongodb.driver.connection] SLF4JLogger.java:71 - Opened connection [connectionId{localValue:3, serverValue:6}] to localhost:27017
2021-09-09 09:37:49,185 [DiscoveryClient-CacheRefreshExecutor-0] INFO  [com.netflix.discovery.DiscoveryClient] DiscoveryClient.java:1007 - Disable delta property : false
2021-09-09 09:37:49,185 [DiscoveryClient-CacheRefreshExecutor-0] INFO  [com.netflix.discovery.DiscoveryClient] DiscoveryClient.java:1008 - Single vip registry refresh property : null
2021-09-09 09:37:49,185 [DiscoveryClient-CacheRefreshExecutor-0] INFO  [com.netflix.discovery.DiscoveryClient] DiscoveryClient.java:1009 - Force full registry fetch : false
2021-09-09 09:37:49,185 [DiscoveryClient-CacheRefreshExecutor-0] INFO  [com.netflix.discovery.DiscoveryClient] DiscoveryClient.java:1010 - Application is null : false
2021-09-09 09:37:49,186 [DiscoveryClient-CacheRefreshExecutor-0] INFO  [com.netflix.discovery.DiscoveryClient] DiscoveryClient.java:1011 - Registered Applications size is zero : true
2021-09-09 09:37:49,186 [DiscoveryClient-CacheRefreshExecutor-0] INFO  [com.netflix.discovery.DiscoveryClient] DiscoveryClient.java:1013 - Application version is -1: false
2021-09-09 09:37:49,186 [DiscoveryClient-CacheRefreshExecutor-0] INFO  [com.netflix.discovery.DiscoveryClient] DiscoveryClient.java:1097 - Getting all instance registry info from the eureka server
2021-09-09 09:37:49,203 [DiscoveryClient-CacheRefreshExecutor-0] INFO  [com.netflix.discovery.DiscoveryClient] DiscoveryClient.java:1106 - The response status is 200
2021-09-09 09:42:18,846 [AsyncResolver-bootstrap-executor-0] INFO  [c.n.d.shared.resolver.aws.ConfigClusterResolver] ConfigClusterResolver.java:43 - Resolving eureka endpoints via configuration
2021-09-09 09:47:18,851 [AsyncResolver-bootstrap-executor-0] INFO  [c.n.d.shared.resolver.aws.ConfigClusterResolver] ConfigClusterResolver.java:43 - Resolving eureka endpoints via configuration
2021-09-09 09:52:18,853 [AsyncResolver-bootstrap-executor-0] INFO  [c.n.d.shared.resolver.aws.ConfigClusterResolver] ConfigClusterResolver.java:43 - Resolving eureka endpoints via configuration
2021-09-09 09:57:18,854 [AsyncResolver-bootstrap-executor-0] INFO  [c.n.d.shared.resolver.aws.ConfigClusterResolver] ConfigClusterResolver.java:43 - Resolving eureka endpoints via configuration
2021-09-09 10:02:18,867 [AsyncResolver-bootstrap-executor-0] INFO  [c.n.d.shared.resolver.aws.ConfigClusterResolver] ConfigClusterResolver.java:43 - Resolving eureka endpoints via configuration
2021-09-09 10:07:18,871 [AsyncResolver-bootstrap-executor-0] INFO  [c.n.d.shared.resolver.aws.ConfigClusterResolver] ConfigClusterResolver.java:43 - Resolving eureka endpoints via configuration
2021-09-09 10:12:18,881 [AsyncResolver-bootstrap-executor-0] INFO  [c.n.d.shared.resolver.aws.ConfigClusterResolver] ConfigClusterResolver.java:43 - Resolving eureka endpoints via configuration
2021-09-09 10:17:18,893 [AsyncResolver-bootstrap-executor-0] INFO  [c.n.d.shared.resolver.aws.ConfigClusterResolver] ConfigClusterResolver.java:43 - Resolving eureka endpoints via configuration
2021-09-09 10:22:18,904 [AsyncResolver-bootstrap-executor-0] INFO  [c.n.d.shared.resolver.aws.ConfigClusterResolver] ConfigClusterResolver.java:43 - Resolving eureka endpoints via configuration
2021-09-09 10:27:18,917 [AsyncResolver-bootstrap-executor-0] INFO  [c.n.d.shared.resolver.aws.ConfigClusterResolver] ConfigClusterResolver.java:43 - Resolving eureka endpoints via configuration
2021-09-09 10:32:18,925 [AsyncResolver-bootstrap-executor-0] INFO  [c.n.d.shared.resolver.aws.ConfigClusterResolver] ConfigClusterResolver.java:43 - Resolving eureka endpoints via configuration
2021-09-09 10:37:18,927 [AsyncResolver-bootstrap-executor-0] INFO  [c.n.d.shared.resolver.aws.ConfigClusterResolver] ConfigClusterResolver.java:43 - Resolving eureka endpoints via configuration
2021-09-09 10:42:18,930 [AsyncResolver-bootstrap-executor-0] INFO  [c.n.d.shared.resolver.aws.ConfigClusterResolver] ConfigClusterResolver.java:43 - Resolving eureka endpoints via configuration
2021-09-09 10:47:18,931 [AsyncResolver-bootstrap-executor-0] INFO  [c.n.d.shared.resolver.aws.ConfigClusterResolver] ConfigClusterResolver.java:43 - Resolving eureka endpoints via configuration
2021-09-09 10:52:18,941 [AsyncResolver-bootstrap-executor-0] INFO  [c.n.d.shared.resolver.aws.ConfigClusterResolver] ConfigClusterResolver.java:43 - Resolving eureka endpoints via configuration
2021-09-09 10:57:18,945 [AsyncResolver-bootstrap-executor-0] INFO  [c.n.d.shared.resolver.aws.ConfigClusterResolver] ConfigClusterResolver.java:43 - Resolving eureka endpoints via configuration
2021-09-09 11:02:18,955 [AsyncResolver-bootstrap-executor-0] INFO  [c.n.d.shared.resolver.aws.ConfigClusterResolver] ConfigClusterResolver.java:43 - Resolving eureka endpoints via configuration
2021-09-09 11:07:18,964 [AsyncResolver-bootstrap-executor-0] INFO  [c.n.d.shared.resolver.aws.ConfigClusterResolver] ConfigClusterResolver.java:43 - Resolving eureka endpoints via configuration
2021-09-09 11:12:18,978 [AsyncResolver-bootstrap-executor-0] INFO  [c.n.d.shared.resolver.aws.ConfigClusterResolver] ConfigClusterResolver.java:43 - Resolving eureka endpoints via configuration
2021-09-09 11:17:18,986 [AsyncResolver-bootstrap-executor-0] INFO  [c.n.d.shared.resolver.aws.ConfigClusterResolver] ConfigClusterResolver.java:43 - Resolving eureka endpoints via configuration
2021-09-09 11:22:18,999 [AsyncResolver-bootstrap-executor-0] INFO  [c.n.d.shared.resolver.aws.ConfigClusterResolver] ConfigClusterResolver.java:43 - Resolving eureka endpoints via configuration
2021-09-09 11:27:19,011 [AsyncResolver-bootstrap-executor-0] INFO  [c.n.d.shared.resolver.aws.ConfigClusterResolver] ConfigClusterResolver.java:43 - Resolving eureka endpoints via configuration
2021-09-09 11:32:19,020 [AsyncResolver-bootstrap-executor-0] INFO  [c.n.d.shared.resolver.aws.ConfigClusterResolver] ConfigClusterResolver.java:43 - Resolving eureka endpoints via configuration
2021-09-09 11:37:19,027 [AsyncResolver-bootstrap-executor-0] INFO  [c.n.d.shared.resolver.aws.ConfigClusterResolver] ConfigClusterResolver.java:43 - Resolving eureka endpoints via configuration
2021-09-09 11:42:19,038 [AsyncResolver-bootstrap-executor-0] INFO  [c.n.d.shared.resolver.aws.ConfigClusterResolver] ConfigClusterResolver.java:43 - Resolving eureka endpoints via configuration
2021-09-09 11:47:19,046 [AsyncResolver-bootstrap-executor-0] INFO  [c.n.d.shared.resolver.aws.ConfigClusterResolver] ConfigClusterResolver.java:43 - Resolving eureka endpoints via configuration
2021-09-09 11:52:19,058 [AsyncResolver-bootstrap-executor-0] INFO  [c.n.d.shared.resolver.aws.ConfigClusterResolver] ConfigClusterResolver.java:43 - Resolving eureka endpoints via configuration
2021-09-09 11:57:19,059 [AsyncResolver-bootstrap-executor-0] INFO  [c.n.d.shared.resolver.aws.ConfigClusterResolver] ConfigClusterResolver.java:43 - Resolving eureka endpoints via configuration
2021-09-09 12:02:19,061 [AsyncResolver-bootstrap-executor-0] INFO  [c.n.d.shared.resolver.aws.ConfigClusterResolver] ConfigClusterResolver.java:43 - Resolving eureka endpoints via configuration
2021-09-09 12:07:19,066 [AsyncResolver-bootstrap-executor-0] INFO  [c.n.d.shared.resolver.aws.ConfigClusterResolver] ConfigClusterResolver.java:43 - Resolving eureka endpoints via configuration
2021-09-09 12:12:19,077 [AsyncResolver-bootstrap-executor-0] INFO  [c.n.d.shared.resolver.aws.ConfigClusterResolver] ConfigClusterResolver.java:43 - Resolving eureka endpoints via configuration
2021-09-09 12:17:19,084 [AsyncResolver-bootstrap-executor-0] INFO  [c.n.d.shared.resolver.aws.ConfigClusterResolver] ConfigClusterResolver.java:43 - Resolving eureka endpoints via configuration
2021-09-09 12:22:19,086 [AsyncResolver-bootstrap-executor-0] INFO  [c.n.d.shared.resolver.aws.ConfigClusterResolver] ConfigClusterResolver.java:43 - Resolving eureka endpoints via configuration
2021-09-09 12:27:19,087 [AsyncResolver-bootstrap-executor-0] INFO  [c.n.d.shared.resolver.aws.ConfigClusterResolver] ConfigClusterResolver.java:43 - Resolving eureka endpoints via configuration
2021-09-09 12:32:19,097 [AsyncResolver-bootstrap-executor-0] INFO  [c.n.d.shared.resolver.aws.ConfigClusterResolver] ConfigClusterResolver.java:43 - Resolving eureka endpoints via configuration
2021-09-09 12:37:19,110 [AsyncResolver-bootstrap-executor-0] INFO  [c.n.d.shared.resolver.aws.ConfigClusterResolver] ConfigClusterResolver.java:43 - Resolving eureka endpoints via configuration
2021-09-09 12:42:19,111 [AsyncResolver-bootstrap-executor-0] INFO  [c.n.d.shared.resolver.aws.ConfigClusterResolver] ConfigClusterResolver.java:43 - Resolving eureka endpoints via configuration
2021-09-09 12:47:19,126 [AsyncResolver-bootstrap-executor-0] INFO  [c.n.d.shared.resolver.aws.ConfigClusterResolver] ConfigClusterResolver.java:43 - Resolving eureka endpoints via configuration
2021-09-09 12:52:19,129 [AsyncResolver-bootstrap-executor-0] INFO  [c.n.d.shared.resolver.aws.ConfigClusterResolver] ConfigClusterResolver.java:43 - Resolving eureka endpoints via configuration
2021-09-09 12:57:19,142 [AsyncResolver-bootstrap-executor-0] INFO  [c.n.d.shared.resolver.aws.ConfigClusterResolver] ConfigClusterResolver.java:43 - Resolving eureka endpoints via configuration
2021-09-09 13:02:19,156 [AsyncResolver-bootstrap-executor-0] INFO  [c.n.d.shared.resolver.aws.ConfigClusterResolver] ConfigClusterResolver.java:43 - Resolving eureka endpoints via configuration
2021-09-09 13:07:19,159 [AsyncResolver-bootstrap-executor-0] INFO  [c.n.d.shared.resolver.aws.ConfigClusterResolver] ConfigClusterResolver.java:43 - Resolving eureka endpoints via configuration
2021-09-09 13:12:19,163 [AsyncResolver-bootstrap-executor-0] INFO  [c.n.d.shared.resolver.aws.ConfigClusterResolver] ConfigClusterResolver.java:43 - Resolving eureka endpoints via configuration
2021-09-09 13:17:19,173 [AsyncResolver-bootstrap-executor-0] INFO  [c.n.d.shared.resolver.aws.ConfigClusterResolver] ConfigClusterResolver.java:43 - Resolving eureka endpoints via configuration
2021-09-09 13:22:19,181 [AsyncResolver-bootstrap-executor-0] INFO  [c.n.d.shared.resolver.aws.ConfigClusterResolver] ConfigClusterResolver.java:43 - Resolving eureka endpoints via configuration
2021-09-09 13:27:19,195 [AsyncResolver-bootstrap-executor-0] INFO  [c.n.d.shared.resolver.aws.ConfigClusterResolver] ConfigClusterResolver.java:43 - Resolving eureka endpoints via configuration
2021-09-09 13:32:19,207 [AsyncResolver-bootstrap-executor-0] INFO  [c.n.d.shared.resolver.aws.ConfigClusterResolver] ConfigClusterResolver.java:43 - Resolving eureka endpoints via configuration
2021-09-09 13:37:19,222 [AsyncResolver-bootstrap-executor-0] INFO  [c.n.d.shared.resolver.aws.ConfigClusterResolver] ConfigClusterResolver.java:43 - Resolving eureka endpoints via configuration
2021-09-09 13:42:19,232 [AsyncResolver-bootstrap-executor-0] INFO  [c.n.d.shared.resolver.aws.ConfigClusterResolver] ConfigClusterResolver.java:43 - Resolving eureka endpoints via configuration
2021-09-09 13:47:19,239 [AsyncResolver-bootstrap-executor-0] INFO  [c.n.d.shared.resolver.aws.ConfigClusterResolver] ConfigClusterResolver.java:43 - Resolving eureka endpoints via configuration
2021-09-09 13:52:19,249 [AsyncResolver-bootstrap-executor-0] INFO  [c.n.d.shared.resolver.aws.ConfigClusterResolver] ConfigClusterResolver.java:43 - Resolving eureka endpoints via configuration
2021-09-09 13:57:19,262 [AsyncResolver-bootstrap-executor-0] INFO  [c.n.d.shared.resolver.aws.ConfigClusterResolver] ConfigClusterResolver.java:43 - Resolving eureka endpoints via configuration
2021-09-09 14:02:19,278 [AsyncResolver-bootstrap-executor-0] INFO  [c.n.d.shared.resolver.aws.ConfigClusterResolver] ConfigClusterResolver.java:43 - Resolving eureka endpoints via configuration
2021-09-09 14:07:19,283 [AsyncResolver-bootstrap-executor-0] INFO  [c.n.d.shared.resolver.aws.ConfigClusterResolver] ConfigClusterResolver.java:43 - Resolving eureka endpoints via configuration
2021-09-09 14:12:19,298 [AsyncResolver-bootstrap-executor-0] INFO  [c.n.d.shared.resolver.aws.ConfigClusterResolver] ConfigClusterResolver.java:43 - Resolving eureka endpoints via configuration
2021-09-09 14:17:19,311 [AsyncResolver-bootstrap-executor-0] INFO  [c.n.d.shared.resolver.aws.ConfigClusterResolver] ConfigClusterResolver.java:43 - Resolving eureka endpoints via configuration
2021-09-09 14:22:19,320 [AsyncResolver-bootstrap-executor-0] INFO  [c.n.d.shared.resolver.aws.ConfigClusterResolver] ConfigClusterResolver.java:43 - Resolving eureka endpoints via configuration
2021-09-09 14:27:19,332 [AsyncResolver-bootstrap-executor-0] INFO  [c.n.d.shared.resolver.aws.ConfigClusterResolver] ConfigClusterResolver.java:43 - Resolving eureka endpoints via configuration
2021-09-09 14:32:19,337 [AsyncResolver-bootstrap-executor-0] INFO  [c.n.d.shared.resolver.aws.ConfigClusterResolver] ConfigClusterResolver.java:43 - Resolving eureka endpoints via configuration
2021-09-09 14:37:19,342 [AsyncResolver-bootstrap-executor-0] INFO  [c.n.d.shared.resolver.aws.ConfigClusterResolver] ConfigClusterResolver.java:43 - Resolving eureka endpoints via configuration
2021-09-09 14:42:19,353 [AsyncResolver-bootstrap-executor-0] INFO  [c.n.d.shared.resolver.aws.ConfigClusterResolver] ConfigClusterResolver.java:43 - Resolving eureka endpoints via configuration
2021-09-09 14:47:19,354 [AsyncResolver-bootstrap-executor-0] INFO  [c.n.d.shared.resolver.aws.ConfigClusterResolver] ConfigClusterResolver.java:43 - Resolving eureka endpoints via configuration
2021-09-09 14:48:28,121 [http-nio-8084-exec-1] INFO  [c.f.f.controller.StockAnalysisDataController] StockAnalysisDataController.java:56 - code:UNDEFINED
2021-09-09 14:48:28,353 [http-nio-8084-exec-1] INFO  [com.fzc.fzcstockus.aspectj.AopLog] AopLog.java:85 - Request Log Info : {"threadId":"215","classMethod":"com.fzc.fzcstockus.controller.StockAnalysisDataController.getAnalysisData","os":"WINDOWS_10","ip":"0:0:0:0:0:0:0:1","browser":"CHROME9","requestParams":{"code":"undefined"},"userAgent":"Mozilla/5.0 (Windows NT 10.0; Win64; x64) AppleWebKit/537.36 (KHTML, like Gecko) Chrome/93.0.4577.63 Safari/537.36","httpMethod":"GET","timeCost":155,"threadName":"http-nio-8084-exec-1","url":"http://localhost:8084/AnalysisData/data/"}
2021-09-09 14:52:19,364 [AsyncResolver-bootstrap-executor-0] INFO  [c.n.d.shared.resolver.aws.ConfigClusterResolver] ConfigClusterResolver.java:43 - Resolving eureka endpoints via configuration
2021-09-09 14:57:19,379 [AsyncResolver-bootstrap-executor-0] INFO  [c.n.d.shared.resolver.aws.ConfigClusterResolver] ConfigClusterResolver.java:43 - Resolving eureka endpoints via configuration
2021-09-09 15:02:19,392 [AsyncResolver-bootstrap-executor-0] INFO  [c.n.d.shared.resolver.aws.ConfigClusterResolver] ConfigClusterResolver.java:43 - Resolving eureka endpoints via configuration
2021-09-09 15:07:19,395 [AsyncResolver-bootstrap-executor-0] INFO  [c.n.d.shared.resolver.aws.ConfigClusterResolver] ConfigClusterResolver.java:43 - Resolving eureka endpoints via configuration
2021-09-09 15:12:19,406 [AsyncResolver-bootstrap-executor-0] INFO  [c.n.d.shared.resolver.aws.ConfigClusterResolver] ConfigClusterResolver.java:43 - Resolving eureka endpoints via configuration
2021-09-09 15:17:19,409 [AsyncResolver-bootstrap-executor-0] INFO  [c.n.d.shared.resolver.aws.ConfigClusterResolver] ConfigClusterResolver.java:43 - Resolving eureka endpoints via configuration
2021-09-09 15:22:19,414 [AsyncResolver-bootstrap-executor-0] INFO  [c.n.d.shared.resolver.aws.ConfigClusterResolver] ConfigClusterResolver.java:43 - Resolving eureka endpoints via configuration
2021-09-09 15:27:19,420 [AsyncResolver-bootstrap-executor-0] INFO  [c.n.d.shared.resolver.aws.ConfigClusterResolver] ConfigClusterResolver.java:43 - Resolving eureka endpoints via configuration
2021-09-09 15:32:19,422 [AsyncResolver-bootstrap-executor-0] INFO  [c.n.d.shared.resolver.aws.ConfigClusterResolver] ConfigClusterResolver.java:43 - Resolving eureka endpoints via configuration
2021-09-09 15:37:19,428 [AsyncResolver-bootstrap-executor-0] INFO  [c.n.d.shared.resolver.aws.ConfigClusterResolver] ConfigClusterResolver.java:43 - Resolving eureka endpoints via configuration
2021-09-09 15:42:19,444 [AsyncResolver-bootstrap-executor-0] INFO  [c.n.d.shared.resolver.aws.ConfigClusterResolver] ConfigClusterResolver.java:43 - Resolving eureka endpoints via configuration
2021-09-09 15:47:19,453 [AsyncResolver-bootstrap-executor-0] INFO  [c.n.d.shared.resolver.aws.ConfigClusterResolver] ConfigClusterResolver.java:43 - Resolving eureka endpoints via configuration
2021-09-09 15:52:19,465 [AsyncResolver-bootstrap-executor-0] INFO  [c.n.d.shared.resolver.aws.ConfigClusterResolver] ConfigClusterResolver.java:43 - Resolving eureka endpoints via configuration
2021-09-09 15:57:19,471 [AsyncResolver-bootstrap-executor-0] INFO  [c.n.d.shared.resolver.aws.ConfigClusterResolver] ConfigClusterResolver.java:43 - Resolving eureka endpoints via configuration
2021-09-09 16:02:19,485 [AsyncResolver-bootstrap-executor-0] INFO  [c.n.d.shared.resolver.aws.ConfigClusterResolver] ConfigClusterResolver.java:43 - Resolving eureka endpoints via configuration
2021-09-09 16:07:19,488 [AsyncResolver-bootstrap-executor-0] INFO  [c.n.d.shared.resolver.aws.ConfigClusterResolver] ConfigClusterResolver.java:43 - Resolving eureka endpoints via configuration
2021-09-09 16:12:19,491 [AsyncResolver-bootstrap-executor-0] INFO  [c.n.d.shared.resolver.aws.ConfigClusterResolver] ConfigClusterResolver.java:43 - Resolving eureka endpoints via configuration
2021-09-09 16:17:19,485 [AsyncResolver-bootstrap-executor-0] INFO  [c.n.d.shared.resolver.aws.ConfigClusterResolver] ConfigClusterResolver.java:43 - Resolving eureka endpoints via configuration
2021-09-09 16:22:19,468 [AsyncResolver-bootstrap-executor-0] INFO  [c.n.d.shared.resolver.aws.ConfigClusterResolver] ConfigClusterResolver.java:43 - Resolving eureka endpoints via configuration
2021-09-09 16:27:19,457 [AsyncResolver-bootstrap-executor-0] INFO  [c.n.d.shared.resolver.aws.ConfigClusterResolver] ConfigClusterResolver.java:43 - Resolving eureka endpoints via configuration
2021-09-09 16:32:19,450 [AsyncResolver-bootstrap-executor-0] INFO  [c.n.d.shared.resolver.aws.ConfigClusterResolver] ConfigClusterResolver.java:43 - Resolving eureka endpoints via configuration
2021-09-09 16:37:19,432 [AsyncResolver-bootstrap-executor-0] INFO  [c.n.d.shared.resolver.aws.ConfigClusterResolver] ConfigClusterResolver.java:43 - Resolving eureka endpoints via configuration
2021-09-09 16:42:19,418 [AsyncResolver-bootstrap-executor-0] INFO  [c.n.d.shared.resolver.aws.ConfigClusterResolver] ConfigClusterResolver.java:43 - Resolving eureka endpoints via configuration
2021-09-09 16:47:19,403 [AsyncResolver-bootstrap-executor-0] INFO  [c.n.d.shared.resolver.aws.ConfigClusterResolver] ConfigClusterResolver.java:43 - Resolving eureka endpoints via configuration
2021-09-09 16:52:19,396 [AsyncResolver-bootstrap-executor-0] INFO  [c.n.d.shared.resolver.aws.ConfigClusterResolver] ConfigClusterResolver.java:43 - Resolving eureka endpoints via configuration
2021-09-09 16:57:19,387 [AsyncResolver-bootstrap-executor-0] INFO  [c.n.d.shared.resolver.aws.ConfigClusterResolver] ConfigClusterResolver.java:43 - Resolving eureka endpoints via configuration
2021-09-09 17:02:19,379 [AsyncResolver-bootstrap-executor-0] INFO  [c.n.d.shared.resolver.aws.ConfigClusterResolver] ConfigClusterResolver.java:43 - Resolving eureka endpoints via configuration
2021-09-09 17:07:19,380 [AsyncResolver-bootstrap-executor-0] INFO  [c.n.d.shared.resolver.aws.ConfigClusterResolver] ConfigClusterResolver.java:43 - Resolving eureka endpoints via configuration
2021-09-09 17:12:19,383 [AsyncResolver-bootstrap-executor-0] INFO  [c.n.d.shared.resolver.aws.ConfigClusterResolver] ConfigClusterResolver.java:43 - Resolving eureka endpoints via configuration
2021-09-09 17:17:19,384 [AsyncResolver-bootstrap-executor-0] INFO  [c.n.d.shared.resolver.aws.ConfigClusterResolver] ConfigClusterResolver.java:43 - Resolving eureka endpoints via configuration
2021-09-09 17:22:19,391 [AsyncResolver-bootstrap-executor-0] INFO  [c.n.d.shared.resolver.aws.ConfigClusterResolver] ConfigClusterResolver.java:43 - Resolving eureka endpoints via configuration
2021-09-09 17:27:19,393 [AsyncResolver-bootstrap-executor-0] INFO  [c.n.d.shared.resolver.aws.ConfigClusterResolver] ConfigClusterResolver.java:43 - Resolving eureka endpoints via configuration
2021-09-09 17:32:19,403 [AsyncResolver-bootstrap-executor-0] INFO  [c.n.d.shared.resolver.aws.ConfigClusterResolver] ConfigClusterResolver.java:43 - Resolving eureka endpoints via configuration
2021-09-09 17:37:19,403 [AsyncResolver-bootstrap-executor-0] INFO  [c.n.d.shared.resolver.aws.ConfigClusterResolver] ConfigClusterResolver.java:43 - Resolving eureka endpoints via configuration
2021-09-09 17:42:19,405 [AsyncResolver-bootstrap-executor-0] INFO  [c.n.d.shared.resolver.aws.ConfigClusterResolver] ConfigClusterResolver.java:43 - Resolving eureka endpoints via configuration
2021-09-09 17:47:19,404 [AsyncResolver-bootstrap-executor-0] INFO  [c.n.d.shared.resolver.aws.ConfigClusterResolver] ConfigClusterResolver.java:43 - Resolving eureka endpoints via configuration
2021-09-09 17:52:19,409 [AsyncResolver-bootstrap-executor-0] INFO  [c.n.d.shared.resolver.aws.ConfigClusterResolver] ConfigClusterResolver.java:43 - Resolving eureka endpoints via configuration
2021-09-09 17:57:19,410 [AsyncResolver-bootstrap-executor-0] INFO  [c.n.d.shared.resolver.aws.ConfigClusterResolver] ConfigClusterResolver.java:43 - Resolving eureka endpoints via configuration
2021-09-09 18:02:19,413 [AsyncResolver-bootstrap-executor-0] INFO  [c.n.d.shared.resolver.aws.ConfigClusterResolver] ConfigClusterResolver.java:43 - Resolving eureka endpoints via configuration
2021-09-09 18:07:19,427 [AsyncResolver-bootstrap-executor-0] INFO  [c.n.d.shared.resolver.aws.ConfigClusterResolver] ConfigClusterResolver.java:43 - Resolving eureka endpoints via configuration
2021-09-09 18:10:12,626 [http-nio-8084-exec-3] INFO  [c.f.f.controller.StockAnalysisDataController] StockAnalysisDataController.java:56 - code:IBM
2021-09-09 18:10:12,631 [http-nio-8084-exec-3] INFO  [com.fzc.fzcstockus.aspectj.AopLog] AopLog.java:85 - Request Log Info : {"threadId":"217","classMethod":"com.fzc.fzcstockus.controller.StockAnalysisDataController.getAnalysisData","os":"UNKNOWN","ip":"0:0:0:0:0:0:0:1","browser":"UNKNOWN","requestParams":{"code":"IBM"},"userAgent":"PostmanRuntime/7.28.4","httpMethod":"GET","timeCost":4,"threadName":"http-nio-8084-exec-3","url":"http://localhost:8084/AnalysisData/data"}
2021-09-09 18:12:19,440 [AsyncResolver-bootstrap-executor-0] INFO  [c.n.d.shared.resolver.aws.ConfigClusterResolver] ConfigClusterResolver.java:43 - Resolving eureka endpoints via configuration
2021-09-09 18:17:19,443 [AsyncResolver-bootstrap-executor-0] INFO  [c.n.d.shared.resolver.aws.ConfigClusterResolver] ConfigClusterResolver.java:43 - Resolving eureka endpoints via configuration
2021-09-09 18:22:19,454 [AsyncResolver-bootstrap-executor-0] INFO  [c.n.d.shared.resolver.aws.ConfigClusterResolver] ConfigClusterResolver.java:43 - Resolving eureka endpoints via configuration
2021-09-09 18:27:19,456 [AsyncResolver-bootstrap-executor-0] INFO  [c.n.d.shared.resolver.aws.ConfigClusterResolver] ConfigClusterResolver.java:43 - Resolving eureka endpoints via configuration
2021-09-09 18:32:19,466 [AsyncResolver-bootstrap-executor-0] INFO  [c.n.d.shared.resolver.aws.ConfigClusterResolver] ConfigClusterResolver.java:43 - Resolving eureka endpoints via configuration
2021-09-09 18:37:19,471 [AsyncResolver-bootstrap-executor-0] INFO  [c.n.d.shared.resolver.aws.ConfigClusterResolver] ConfigClusterResolver.java:43 - Resolving eureka endpoints via configuration
2021-09-09 18:42:19,475 [AsyncResolver-bootstrap-executor-0] INFO  [c.n.d.shared.resolver.aws.ConfigClusterResolver] ConfigClusterResolver.java:43 - Resolving eureka endpoints via configuration
2021-09-09 18:47:19,487 [AsyncResolver-bootstrap-executor-0] INFO  [c.n.d.shared.resolver.aws.ConfigClusterResolver] ConfigClusterResolver.java:43 - Resolving eureka endpoints via configuration
2021-09-09 18:52:19,498 [AsyncResolver-bootstrap-executor-0] INFO  [c.n.d.shared.resolver.aws.ConfigClusterResolver] ConfigClusterResolver.java:43 - Resolving eureka endpoints via configuration
2021-09-09 18:57:19,506 [AsyncResolver-bootstrap-executor-0] INFO  [c.n.d.shared.resolver.aws.ConfigClusterResolver] ConfigClusterResolver.java:43 - Resolving eureka endpoints via configuration
2021-09-09 19:02:19,514 [AsyncResolver-bootstrap-executor-0] INFO  [c.n.d.shared.resolver.aws.ConfigClusterResolver] ConfigClusterResolver.java:43 - Resolving eureka endpoints via configuration
2021-09-09 19:07:19,528 [AsyncResolver-bootstrap-executor-0] INFO  [c.n.d.shared.resolver.aws.ConfigClusterResolver] ConfigClusterResolver.java:43 - Resolving eureka endpoints via configuration
2021-09-09 19:12:19,543 [AsyncResolver-bootstrap-executor-0] INFO  [c.n.d.shared.resolver.aws.ConfigClusterResolver] ConfigClusterResolver.java:43 - Resolving eureka endpoints via configuration
2021-09-09 19:17:19,544 [AsyncResolver-bootstrap-executor-0] INFO  [c.n.d.shared.resolver.aws.ConfigClusterResolver] ConfigClusterResolver.java:43 - Resolving eureka endpoints via configuration
2021-09-09 19:22:19,552 [AsyncResolver-bootstrap-executor-0] INFO  [c.n.d.shared.resolver.aws.ConfigClusterResolver] ConfigClusterResolver.java:43 - Resolving eureka endpoints via configuration
2021-09-09 19:27:19,559 [AsyncResolver-bootstrap-executor-0] INFO  [c.n.d.shared.resolver.aws.ConfigClusterResolver] ConfigClusterResolver.java:43 - Resolving eureka endpoints via configuration
2021-09-09 19:32:19,573 [AsyncResolver-bootstrap-executor-0] INFO  [c.n.d.shared.resolver.aws.ConfigClusterResolver] ConfigClusterResolver.java:43 - Resolving eureka endpoints via configuration
2021-09-09 19:37:19,575 [AsyncResolver-bootstrap-executor-0] INFO  [c.n.d.shared.resolver.aws.ConfigClusterResolver] ConfigClusterResolver.java:43 - Resolving eureka endpoints via configuration
2021-09-09 19:42:19,587 [AsyncResolver-bootstrap-executor-0] INFO  [c.n.d.shared.resolver.aws.ConfigClusterResolver] ConfigClusterResolver.java:43 - Resolving eureka endpoints via configuration
2021-09-09 19:47:19,599 [AsyncResolver-bootstrap-executor-0] INFO  [c.n.d.shared.resolver.aws.ConfigClusterResolver] ConfigClusterResolver.java:43 - Resolving eureka endpoints via configuration
2021-09-09 19:52:19,612 [AsyncResolver-bootstrap-executor-0] INFO  [c.n.d.shared.resolver.aws.ConfigClusterResolver] ConfigClusterResolver.java:43 - Resolving eureka endpoints via configuration
2021-09-09 19:57:19,614 [AsyncResolver-bootstrap-executor-0] INFO  [c.n.d.shared.resolver.aws.ConfigClusterResolver] ConfigClusterResolver.java:43 - Resolving eureka endpoints via configuration
2021-09-09 20:02:19,617 [AsyncResolver-bootstrap-executor-0] INFO  [c.n.d.shared.resolver.aws.ConfigClusterResolver] ConfigClusterResolver.java:43 - Resolving eureka endpoints via configuration
2021-09-09 20:07:19,630 [AsyncResolver-bootstrap-executor-0] INFO  [c.n.d.shared.resolver.aws.ConfigClusterResolver] ConfigClusterResolver.java:43 - Resolving eureka endpoints via configuration
2021-09-09 20:12:19,644 [AsyncResolver-bootstrap-executor-0] INFO  [c.n.d.shared.resolver.aws.ConfigClusterResolver] ConfigClusterResolver.java:43 - Resolving eureka endpoints via configuration
2021-09-09 20:17:19,654 [AsyncResolver-bootstrap-executor-0] INFO  [c.n.d.shared.resolver.aws.ConfigClusterResolver] ConfigClusterResolver.java:43 - Resolving eureka endpoints via configuration
2021-09-09 20:22:19,662 [AsyncResolver-bootstrap-executor-0] INFO  [c.n.d.shared.resolver.aws.ConfigClusterResolver] ConfigClusterResolver.java:43 - Resolving eureka endpoints via configuration
2021-09-09 20:27:19,669 [AsyncResolver-bootstrap-executor-0] INFO  [c.n.d.shared.resolver.aws.ConfigClusterResolver] ConfigClusterResolver.java:43 - Resolving eureka endpoints via configuration
2021-09-09 20:32:19,670 [AsyncResolver-bootstrap-executor-0] INFO  [c.n.d.shared.resolver.aws.ConfigClusterResolver] ConfigClusterResolver.java:43 - Resolving eureka endpoints via configuration
2021-09-09 20:37:19,684 [AsyncResolver-bootstrap-executor-0] INFO  [c.n.d.shared.resolver.aws.ConfigClusterResolver] ConfigClusterResolver.java:43 - Resolving eureka endpoints via configuration
2021-09-09 20:42:19,699 [AsyncResolver-bootstrap-executor-0] INFO  [c.n.d.shared.resolver.aws.ConfigClusterResolver] ConfigClusterResolver.java:43 - Resolving eureka endpoints via configuration
2021-09-09 20:47:19,705 [AsyncResolver-bootstrap-executor-0] INFO  [c.n.d.shared.resolver.aws.ConfigClusterResolver] ConfigClusterResolver.java:43 - Resolving eureka endpoints via configuration
2021-09-09 20:52:19,709 [AsyncResolver-bootstrap-executor-0] INFO  [c.n.d.shared.resolver.aws.ConfigClusterResolver] ConfigClusterResolver.java:43 - Resolving eureka endpoints via configuration
2021-09-09 20:57:19,724 [AsyncResolver-bootstrap-executor-0] INFO  [c.n.d.shared.resolver.aws.ConfigClusterResolver] ConfigClusterResolver.java:43 - Resolving eureka endpoints via configuration
2021-09-09 21:02:19,725 [AsyncResolver-bootstrap-executor-0] INFO  [c.n.d.shared.resolver.aws.ConfigClusterResolver] ConfigClusterResolver.java:43 - Resolving eureka endpoints via configuration
2021-09-09 21:07:19,739 [AsyncResolver-bootstrap-executor-0] INFO  [c.n.d.shared.resolver.aws.ConfigClusterResolver] ConfigClusterResolver.java:43 - Resolving eureka endpoints via configuration
2021-09-09 21:12:19,754 [AsyncResolver-bootstrap-executor-0] INFO  [c.n.d.shared.resolver.aws.ConfigClusterResolver] ConfigClusterResolver.java:43 - Resolving eureka endpoints via configuration
2021-09-09 21:17:19,759 [AsyncResolver-bootstrap-executor-0] INFO  [c.n.d.shared.resolver.aws.ConfigClusterResolver] ConfigClusterResolver.java:43 - Resolving eureka endpoints via configuration
2021-09-09 21:22:19,767 [AsyncResolver-bootstrap-executor-0] INFO  [c.n.d.shared.resolver.aws.ConfigClusterResolver] ConfigClusterResolver.java:43 - Resolving eureka endpoints via configuration
2021-09-09 21:27:19,780 [AsyncResolver-bootstrap-executor-0] INFO  [c.n.d.shared.resolver.aws.ConfigClusterResolver] ConfigClusterResolver.java:43 - Resolving eureka endpoints via configuration
2021-09-09 21:32:19,795 [AsyncResolver-bootstrap-executor-0] INFO  [c.n.d.shared.resolver.aws.ConfigClusterResolver] ConfigClusterResolver.java:43 - Resolving eureka endpoints via configuration
2021-09-09 21:37:19,799 [AsyncResolver-bootstrap-executor-0] INFO  [c.n.d.shared.resolver.aws.ConfigClusterResolver] ConfigClusterResolver.java:43 - Resolving eureka endpoints via configuration
2021-09-09 21:42:19,802 [AsyncResolver-bootstrap-executor-0] INFO  [c.n.d.shared.resolver.aws.ConfigClusterResolver] ConfigClusterResolver.java:43 - Resolving eureka endpoints via configuration
2021-09-09 21:47:19,816 [AsyncResolver-bootstrap-executor-0] INFO  [c.n.d.shared.resolver.aws.ConfigClusterResolver] ConfigClusterResolver.java:43 - Resolving eureka endpoints via configuration
2021-09-09 21:52:19,824 [AsyncResolver-bootstrap-executor-0] INFO  [c.n.d.shared.resolver.aws.ConfigClusterResolver] ConfigClusterResolver.java:43 - Resolving eureka endpoints via configuration
2021-09-09 21:57:19,830 [AsyncResolver-bootstrap-executor-0] INFO  [c.n.d.shared.resolver.aws.ConfigClusterResolver] ConfigClusterResolver.java:43 - Resolving eureka endpoints via configuration
2021-09-09 22:02:19,839 [AsyncResolver-bootstrap-executor-0] INFO  [c.n.d.shared.resolver.aws.ConfigClusterResolver] ConfigClusterResolver.java:43 - Resolving eureka endpoints via configuration
2021-09-09 22:07:19,854 [AsyncResolver-bootstrap-executor-0] INFO  [c.n.d.shared.resolver.aws.ConfigClusterResolver] ConfigClusterResolver.java:43 - Resolving eureka endpoints via configuration
2021-09-09 22:12:19,866 [AsyncResolver-bootstrap-executor-0] INFO  [c.n.d.shared.resolver.aws.ConfigClusterResolver] ConfigClusterResolver.java:43 - Resolving eureka endpoints via configuration
2021-09-09 22:17:19,880 [AsyncResolver-bootstrap-executor-0] INFO  [c.n.d.shared.resolver.aws.ConfigClusterResolver] ConfigClusterResolver.java:43 - Resolving eureka endpoints via configuration
2021-09-09 22:22:19,881 [AsyncResolver-bootstrap-executor-0] INFO  [c.n.d.shared.resolver.aws.ConfigClusterResolver] ConfigClusterResolver.java:43 - Resolving eureka endpoints via configuration
2021-09-09 22:27:19,887 [AsyncResolver-bootstrap-executor-0] INFO  [c.n.d.shared.resolver.aws.ConfigClusterResolver] ConfigClusterResolver.java:43 - Resolving eureka endpoints via configuration
2021-09-09 22:32:19,900 [AsyncResolver-bootstrap-executor-0] INFO  [c.n.d.shared.resolver.aws.ConfigClusterResolver] ConfigClusterResolver.java:43 - Resolving eureka endpoints via configuration
2021-09-09 22:37:19,909 [AsyncResolver-bootstrap-executor-0] INFO  [c.n.d.shared.resolver.aws.ConfigClusterResolver] ConfigClusterResolver.java:43 - Resolving eureka endpoints via configuration
2021-09-09 22:42:19,922 [AsyncResolver-bootstrap-executor-0] INFO  [c.n.d.shared.resolver.aws.ConfigClusterResolver] ConfigClusterResolver.java:43 - Resolving eureka endpoints via configuration
2021-09-09 22:47:19,926 [AsyncResolver-bootstrap-executor-0] INFO  [c.n.d.shared.resolver.aws.ConfigClusterResolver] ConfigClusterResolver.java:43 - Resolving eureka endpoints via configuration
2021-09-09 22:52:19,936 [AsyncResolver-bootstrap-executor-0] INFO  [c.n.d.shared.resolver.aws.ConfigClusterResolver] ConfigClusterResolver.java:43 - Resolving eureka endpoints via configuration
2021-09-09 22:57:19,947 [AsyncResolver-bootstrap-executor-0] INFO  [c.n.d.shared.resolver.aws.ConfigClusterResolver] ConfigClusterResolver.java:43 - Resolving eureka endpoints via configuration
2021-09-09 23:02:19,956 [AsyncResolver-bootstrap-executor-0] INFO  [c.n.d.shared.resolver.aws.ConfigClusterResolver] ConfigClusterResolver.java:43 - Resolving eureka endpoints via configuration
2021-09-09 23:07:19,968 [AsyncResolver-bootstrap-executor-0] INFO  [c.n.d.shared.resolver.aws.ConfigClusterResolver] ConfigClusterResolver.java:43 - Resolving eureka endpoints via configuration
2021-09-09 23:12:19,970 [AsyncResolver-bootstrap-executor-0] INFO  [c.n.d.shared.resolver.aws.ConfigClusterResolver] ConfigClusterResolver.java:43 - Resolving eureka endpoints via configuration
2021-09-09 23:17:19,981 [AsyncResolver-bootstrap-executor-0] INFO  [c.n.d.shared.resolver.aws.ConfigClusterResolver] ConfigClusterResolver.java:43 - Resolving eureka endpoints via configuration
2021-09-09 23:21:52,939 [http-nio-8084-exec-6] INFO  [o.s.d.r.config.RepositoryConfigurationDelegate] RepositoryConfigurationDelegate.java:128 - Bootstrapping Spring Data Redis repositories in DEFAULT mode.
2021-09-09 23:21:52,973 [http-nio-8084-exec-6] INFO  [o.s.d.r.config.RepositoryConfigurationDelegate] RepositoryConfigurationDelegate.java:188 - Finished Spring Data repository scanning in 29 ms. Found 0 Redis repository interfaces.
2021-09-09 23:21:53,175 [http-nio-8084-exec-6] INFO  [o.s.d.r.config.RepositoryConfigurationDelegate] RepositoryConfigurationDelegate.java:128 - Bootstrapping Spring Data MongoDB repositories in DEFAULT mode.
2021-09-09 23:21:53,186 [http-nio-8084-exec-6] INFO  [o.s.d.r.config.RepositoryConfigurationDelegate] RepositoryConfigurationDelegate.java:188 - Finished Spring Data repository scanning in 9 ms. Found 0 MongoDB repository interfaces.
2021-09-09 23:21:53,194 [http-nio-8084-exec-6] WARN  [org.mybatis.spring.mapper.ClassPathMapperScanner] Logger.java:44 - No MyBatis mapper was found in '[com.fzc.fzcstockus.mapper]' package. Please check your configuration.
2021-09-09 23:21:53,416 [http-nio-8084-exec-6] INFO  [c.f.f.controller.StockAnalysisDataController] StockAnalysisDataController.java:69 - code:IBM
2021-09-09 23:21:57,921 [http-nio-8084-exec-6] INFO  [com.fzc.fzcstockus.aspectj.AopLog] AopLog.java:85 - Request Log Info : {"threadId":"220","classMethod":"com.fzc.fzcstockus.controller.StockAnalysisDataController.getAnalysisData","os":"UNKNOWN","ip":"0:0:0:0:0:0:0:1","browser":"UNKNOWN","requestParams":{"code":"IBM"},"userAgent":"PostmanRuntime/7.28.4","httpMethod":"GET","timeCost":4514,"threadName":"http-nio-8084-exec-6","url":"http://localhost:8084/AnalysisData/data"}
2021-09-09 23:22:19,991 [AsyncResolver-bootstrap-executor-0] INFO  [c.n.d.shared.resolver.aws.ConfigClusterResolver] ConfigClusterResolver.java:43 - Resolving eureka endpoints via configuration
2021-09-09 23:24:52,787 [http-nio-8084-exec-10] INFO  [o.s.d.r.config.RepositoryConfigurationDelegate] RepositoryConfigurationDelegate.java:128 - Bootstrapping Spring Data Redis repositories in DEFAULT mode.
2021-09-09 23:24:52,798 [http-nio-8084-exec-10] INFO  [o.s.d.r.config.RepositoryConfigurationDelegate] RepositoryConfigurationDelegate.java:188 - Finished Spring Data repository scanning in 11 ms. Found 0 Redis repository interfaces.
2021-09-09 23:24:52,820 [http-nio-8084-exec-10] INFO  [o.s.d.r.config.RepositoryConfigurationDelegate] RepositoryConfigurationDelegate.java:128 - Bootstrapping Spring Data MongoDB repositories in DEFAULT mode.
2021-09-09 23:24:52,831 [http-nio-8084-exec-10] INFO  [o.s.d.r.config.RepositoryConfigurationDelegate] RepositoryConfigurationDelegate.java:188 - Finished Spring Data repository scanning in 9 ms. Found 0 MongoDB repository interfaces.
2021-09-09 23:24:52,832 [http-nio-8084-exec-10] WARN  [org.mybatis.spring.mapper.ClassPathMapperScanner] Logger.java:44 - No MyBatis mapper was found in '[com.fzc.fzcstockus.mapper]' package. Please check your configuration.
2021-09-09 23:24:52,896 [http-nio-8084-exec-10] INFO  [c.f.f.controller.StockAnalysisDataController] StockAnalysisDataController.java:69 - code:IBM
2021-09-09 23:24:55,179 [http-nio-8084-exec-10] INFO  [com.fzc.fzcstockus.aspectj.AopLog] AopLog.java:85 - Request Log Info : {"threadId":"224","classMethod":"com.fzc.fzcstockus.controller.StockAnalysisDataController.getAnalysisData","os":"UNKNOWN","ip":"0:0:0:0:0:0:0:1","browser":"UNKNOWN","requestParams":{"code":"IBM"},"userAgent":"PostmanRuntime/7.28.4","httpMethod":"GET","timeCost":2294,"threadName":"http-nio-8084-exec-10","url":"http://localhost:8084/AnalysisData/data"}
2021-09-09 23:27:19,995 [AsyncResolver-bootstrap-executor-0] INFO  [c.n.d.shared.resolver.aws.ConfigClusterResolver] ConfigClusterResolver.java:43 - Resolving eureka endpoints via configuration
2021-09-09 23:32:19,997 [AsyncResolver-bootstrap-executor-0] INFO  [c.n.d.shared.resolver.aws.ConfigClusterResolver] ConfigClusterResolver.java:43 - Resolving eureka endpoints via configuration
2021-09-09 23:35:05,526 [http-nio-8084-exec-4] INFO  [o.s.d.r.config.RepositoryConfigurationDelegate] RepositoryConfigurationDelegate.java:128 - Bootstrapping Spring Data Redis repositories in DEFAULT mode.
2021-09-09 23:35:05,534 [http-nio-8084-exec-4] INFO  [o.s.d.r.config.RepositoryConfigurationDelegate] RepositoryConfigurationDelegate.java:188 - Finished Spring Data repository scanning in 8 ms. Found 0 Redis repository interfaces.
2021-09-09 23:35:05,554 [http-nio-8084-exec-4] INFO  [o.s.d.r.config.RepositoryConfigurationDelegate] RepositoryConfigurationDelegate.java:128 - Bootstrapping Spring Data MongoDB repositories in DEFAULT mode.
2021-09-09 23:35:05,562 [http-nio-8084-exec-4] INFO  [o.s.d.r.config.RepositoryConfigurationDelegate] RepositoryConfigurationDelegate.java:188 - Finished Spring Data repository scanning in 7 ms. Found 0 MongoDB repository interfaces.
2021-09-09 23:35:05,563 [http-nio-8084-exec-4] WARN  [org.mybatis.spring.mapper.ClassPathMapperScanner] Logger.java:44 - No MyBatis mapper was found in '[com.fzc.fzcstockus.mapper]' package. Please check your configuration.
2021-09-09 23:35:05,614 [http-nio-8084-exec-4] INFO  [c.f.f.controller.StockAnalysisDataController] StockAnalysisDataController.java:69 - code:IBM
2021-09-09 23:35:07,837 [http-nio-8084-exec-4] INFO  [com.fzc.fzcstockus.aspectj.AopLog] AopLog.java:85 - Request Log Info : {"threadId":"218","classMethod":"com.fzc.fzcstockus.controller.StockAnalysisDataController.getAnalysisData","os":"UNKNOWN","ip":"0:0:0:0:0:0:0:1","browser":"UNKNOWN","requestParams":{"code":"IBM"},"userAgent":"PostmanRuntime/7.28.4","httpMethod":"GET","timeCost":2233,"threadName":"http-nio-8084-exec-4","url":"http://localhost:8084/AnalysisData/data"}
2021-09-09 23:37:20,010 [AsyncResolver-bootstrap-executor-0] INFO  [c.n.d.shared.resolver.aws.ConfigClusterResolver] ConfigClusterResolver.java:43 - Resolving eureka endpoints via configuration
2021-09-09 23:42:20,024 [AsyncResolver-bootstrap-executor-0] INFO  [c.n.d.shared.resolver.aws.ConfigClusterResolver] ConfigClusterResolver.java:43 - Resolving eureka endpoints via configuration
2021-09-09 23:47:20,028 [AsyncResolver-bootstrap-executor-0] INFO  [c.n.d.shared.resolver.aws.ConfigClusterResolver] ConfigClusterResolver.java:43 - Resolving eureka endpoints via configuration
